<?xml version="1.0" encoding="utf-8"?>
<!DOCTYPE coverage SYSTEM "http://cobertura.sourceforge.net/xml/coverage-04.dtd">
<coverage line-rate="0.275613275613276" branch-rate="0.130208333333333" lines-covered="382" lines-valid="1386" branches-covered="25" branches-valid="192" complexity="349" version="0" timestamp="1742512808">
  <sources />
  <packages>
    <package name="lab12" line-rate="0.146017699115044" branch-rate="0.0882352941176471" complexity="102">
      <classes>
        <class name="lab12.Point`1" filename="C:\4 semestr\OOP_labs\lab12\Point.cs" line-rate="0.6" branch-rate="1" complexity="1">
          <methods>
            <method name="Data" signature="()" line-rate="1" branch-rate="1" complexity="NaN">
              <lines>
                <line number="11" hits="956" branch="false" />
              </lines>
            </method>
            <method name="Data" signature="(T)" line-rate="1" branch-rate="1" complexity="NaN">
              <lines>
                <line number="11" hits="956" branch="false" />
              </lines>
            </method>
            <method name="Right" signature="()" line-rate="1" branch-rate="1" complexity="NaN">
              <lines>
                <line number="12" hits="496" branch="false" />
              </lines>
            </method>
            <method name="Right" signature="(lab12.Point`1&lt;T&gt;)" line-rate="1" branch-rate="1" complexity="NaN">
              <lines>
                <line number="12" hits="496" branch="false" />
              </lines>
            </method>
            <method name="Left" signature="()" line-rate="1" branch-rate="1" complexity="NaN">
              <lines>
                <line number="13" hits="478" branch="false" />
              </lines>
            </method>
            <method name="Left" signature="(lab12.Point`1&lt;T&gt;)" line-rate="1" branch-rate="1" complexity="NaN">
              <lines>
                <line number="13" hits="478" branch="false" />
              </lines>
            </method>
            <method name=".ctor" signature="()" line-rate="0" branch-rate="1" complexity="1">
              <lines>
                <line number="14" hits="0" branch="false" />
                <line number="15" hits="0" branch="false" />
                <line number="16" hits="0" branch="false" />
                <line number="17" hits="0" branch="false" />
                <line number="18" hits="0" branch="false" />
                <line number="19" hits="0" branch="false" />
              </lines>
            </method>
            <method name=".ctor" signature="(T)" line-rate="1" branch-rate="1" complexity="NaN">
              <lines>
                <line number="20" hits="160" branch="false" />
                <line number="21" hits="160" branch="false" />
                <line number="22" hits="160" branch="false" />
                <line number="23" hits="160" branch="false" />
                <line number="24" hits="160" branch="false" />
                <line number="25" hits="160" branch="false" />
              </lines>
            </method>
          </methods>
          <lines>
            <line number="11" hits="956" branch="false" />
            <line number="12" hits="496" branch="false" />
            <line number="13" hits="478" branch="false" />
            <line number="14" hits="0" branch="false" />
            <line number="15" hits="0" branch="false" />
            <line number="16" hits="0" branch="false" />
            <line number="17" hits="0" branch="false" />
            <line number="18" hits="0" branch="false" />
            <line number="19" hits="0" branch="false" />
            <line number="20" hits="160" branch="false" />
            <line number="21" hits="160" branch="false" />
            <line number="22" hits="160" branch="false" />
            <line number="23" hits="160" branch="false" />
            <line number="24" hits="160" branch="false" />
            <line number="25" hits="160" branch="false" />
          </lines>
        </class>
        <class name="lab12.Program" filename="C:\4 semestr\OOP_labs\lab12\Program.cs" line-rate="0" branch-rate="0" complexity="20">
          <methods>
            <method name="Menu" signature="()" line-rate="0" branch-rate="0" complexity="20">
              <lines>
                <line number="15" hits="0" branch="false" />
                <line number="17" hits="0" branch="false" />
                <line number="19" hits="0" branch="false" />
                <line number="20" hits="0" branch="false" />
                <line number="21" hits="0" branch="false" />
                <line number="22" hits="0" branch="false" />
                <line number="23" hits="0" branch="false" />
                <line number="24" hits="0" branch="false" />
                <line number="25" hits="0" branch="false" />
                <line number="26" hits="0" branch="false" />
                <line number="27" hits="0" branch="false" />
                <line number="28" hits="0" branch="false" />
                <line number="29" hits="0" branch="false" />
                <line number="30" hits="0" branch="false" />
                <line number="31" hits="0" branch="true" condition-coverage="0% (0/10)" />
                <line number="34" hits="0" branch="false" />
                <line number="35" hits="0" branch="false" />
                <line number="37" hits="0" branch="false" />
                <line number="38" hits="0" branch="false" />
                <line number="39" hits="0" branch="false" />
                <line number="40" hits="0" branch="false" />
                <line number="41" hits="0" branch="false" />
                <line number="42" hits="0" branch="false" />
                <line number="43" hits="0" branch="false" />
                <line number="44" hits="0" branch="false" />
                <line number="45" hits="0" branch="false" />
                <line number="46" hits="0" branch="false" />
                <line number="47" hits="0" branch="false" />
                <line number="48" hits="0" branch="false" />
                <line number="51" hits="0" branch="false" />
                <line number="52" hits="0" branch="false" />
                <line number="53" hits="0" branch="false" />
                <line number="54" hits="0" branch="false" />
                <line number="55" hits="0" branch="false" />
                <line number="56" hits="0" branch="false" />
                <line number="57" hits="0" branch="false" />
                <line number="59" hits="0" branch="false" />
                <line number="60" hits="0" branch="false" />
                <line number="61" hits="0" branch="false" />
                <line number="62" hits="0" branch="false" />
                <line number="63" hits="0" branch="false" />
                <line number="64" hits="0" branch="false" />
                <line number="65" hits="0" branch="false" />
                <line number="66" hits="0" branch="false" />
                <line number="69" hits="0" branch="false" />
                <line number="70" hits="0" branch="false" />
                <line number="71" hits="0" branch="false" />
                <line number="72" hits="0" branch="false" />
                <line number="73" hits="0" branch="false" />
                <line number="74" hits="0" branch="false" />
                <line number="75" hits="0" branch="false" />
                <line number="77" hits="0" branch="false" />
                <line number="78" hits="0" branch="false" />
                <line number="79" hits="0" branch="false" />
                <line number="81" hits="0" branch="true" condition-coverage="0% (0/2)" />
                <line number="82" hits="0" branch="false" />
                <line number="83" hits="0" branch="false" />
                <line number="84" hits="0" branch="false" />
                <line number="85" hits="0" branch="false" />
                <line number="86" hits="0" branch="true" condition-coverage="0% (0/2)" />
                <line number="87" hits="0" branch="false" />
                <line number="88" hits="0" branch="false" />
                <line number="89" hits="0" branch="false" />
                <line number="90" hits="0" branch="false" />
                <line number="91" hits="0" branch="false" />
                <line number="92" hits="0" branch="true" condition-coverage="0% (0/2)" />
                <line number="93" hits="0" branch="false" />
                <line number="94" hits="0" branch="false" />
                <line number="95" hits="0" branch="false" />
                <line number="96" hits="0" branch="false" />
                <line number="97" hits="0" branch="false" />
                <line number="100" hits="0" branch="false" />
                <line number="101" hits="0" branch="false" />
                <line number="102" hits="0" branch="false" />
                <line number="103" hits="0" branch="false" />
                <line number="104" hits="0" branch="false" />
                <line number="107" hits="0" branch="false" />
                <line number="108" hits="0" branch="false" />
                <line number="109" hits="0" branch="false" />
                <line number="110" hits="0" branch="false" />
                <line number="111" hits="0" branch="false" />
                <line number="112" hits="0" branch="false" />
                <line number="113" hits="0" branch="false" />
                <line number="114" hits="0" branch="false" />
                <line number="115" hits="0" branch="false" />
                <line number="118" hits="0" branch="false" />
                <line number="119" hits="0" branch="false" />
                <line number="120" hits="0" branch="true" condition-coverage="0% (0/2)" />
                <line number="121" hits="0" branch="false" />
                <line number="122" hits="0" branch="false" />
                <line number="123" hits="0" branch="false" />
                <line number="124" hits="0" branch="false" />
                <line number="125" hits="0" branch="false" />
                <line number="126" hits="0" branch="false" />
                <line number="127" hits="0" branch="false" />
                <line number="128" hits="0" branch="false" />
                <line number="129" hits="0" branch="false" />
                <line number="130" hits="0" branch="false" />
                <line number="131" hits="0" branch="false" />
                <line number="132" hits="0" branch="false" />
                <line number="133" hits="0" branch="false" />
                <line number="134" hits="0" branch="false" />
                <line number="135" hits="0" branch="false" />
                <line number="136" hits="0" branch="false" />
                <line number="137" hits="0" branch="false" />
                <line number="140" hits="0" branch="false" />
                <line number="141" hits="0" branch="false" />
                <line number="142" hits="0" branch="false" />
                <line number="143" hits="0" branch="false" />
                <line number="144" hits="0" branch="false" />
                <line number="145" hits="0" branch="false" />
                <line number="146" hits="0" branch="false" />
                <line number="147" hits="0" branch="false" />
                <line number="148" hits="0" branch="false" />
                <line number="150" hits="0" branch="false" />
                <line number="151" hits="0" branch="false" />
                <line number="152" hits="0" branch="false" />
                <line number="153" hits="0" branch="false" />
                <line number="154" hits="0" branch="false" />
                <line number="155" hits="0" branch="false" />
                <line number="156" hits="0" branch="false" />
                <line number="157" hits="0" branch="false" />
                <line number="158" hits="0" branch="false" />
                <line number="159" hits="0" branch="false" />
                <line number="160" hits="0" branch="false" />
                <line number="161" hits="0" branch="false" />
                <line number="162" hits="0" branch="false" />
                <line number="163" hits="0" branch="true" condition-coverage="0% (0/2)" />
                <line number="164" hits="0" branch="false" />
                <line number="165" hits="0" branch="false" />
                <line number="166" hits="0" branch="false" />
                <line number="167" hits="0" branch="false" />
                <line number="168" hits="0" branch="false" />
                <line number="171" hits="0" branch="false" />
                <line number="172" hits="0" branch="false" />
                <line number="173" hits="0" branch="false" />
                <line number="174" hits="0" branch="false" />
                <line number="175" hits="0" branch="false" />
                <line number="176" hits="0" branch="false" />
                <line number="179" hits="0" branch="false" />
                <line number="180" hits="0" branch="false" />
                <line number="184" hits="0" branch="true" condition-coverage="0% (0/2)" />
                <line number="186" hits="0" branch="false" />
              </lines>
            </method>
            <method name="Main" signature="(System.String[])" line-rate="0" branch-rate="1" complexity="NaN">
              <lines>
                <line number="188" hits="0" branch="false" />
                <line number="189" hits="0" branch="false" />
                <line number="190" hits="0" branch="false" />
              </lines>
            </method>
          </methods>
          <lines>
            <line number="15" hits="0" branch="false" />
            <line number="17" hits="0" branch="false" />
            <line number="19" hits="0" branch="false" />
            <line number="20" hits="0" branch="false" />
            <line number="21" hits="0" branch="false" />
            <line number="22" hits="0" branch="false" />
            <line number="23" hits="0" branch="false" />
            <line number="24" hits="0" branch="false" />
            <line number="25" hits="0" branch="false" />
            <line number="26" hits="0" branch="false" />
            <line number="27" hits="0" branch="false" />
            <line number="28" hits="0" branch="false" />
            <line number="29" hits="0" branch="false" />
            <line number="30" hits="0" branch="false" />
            <line number="31" hits="0" branch="true" condition-coverage="0% (0/10)" />
            <line number="34" hits="0" branch="false" />
            <line number="35" hits="0" branch="false" />
            <line number="37" hits="0" branch="false" />
            <line number="38" hits="0" branch="false" />
            <line number="39" hits="0" branch="false" />
            <line number="40" hits="0" branch="false" />
            <line number="41" hits="0" branch="false" />
            <line number="42" hits="0" branch="false" />
            <line number="43" hits="0" branch="false" />
            <line number="44" hits="0" branch="false" />
            <line number="45" hits="0" branch="false" />
            <line number="46" hits="0" branch="false" />
            <line number="47" hits="0" branch="false" />
            <line number="48" hits="0" branch="false" />
            <line number="51" hits="0" branch="false" />
            <line number="52" hits="0" branch="false" />
            <line number="53" hits="0" branch="false" />
            <line number="54" hits="0" branch="false" />
            <line number="55" hits="0" branch="false" />
            <line number="56" hits="0" branch="false" />
            <line number="57" hits="0" branch="false" />
            <line number="59" hits="0" branch="false" />
            <line number="60" hits="0" branch="false" />
            <line number="61" hits="0" branch="false" />
            <line number="62" hits="0" branch="false" />
            <line number="63" hits="0" branch="false" />
            <line number="64" hits="0" branch="false" />
            <line number="65" hits="0" branch="false" />
            <line number="66" hits="0" branch="false" />
            <line number="69" hits="0" branch="false" />
            <line number="70" hits="0" branch="false" />
            <line number="71" hits="0" branch="false" />
            <line number="72" hits="0" branch="false" />
            <line number="73" hits="0" branch="false" />
            <line number="74" hits="0" branch="false" />
            <line number="75" hits="0" branch="false" />
            <line number="77" hits="0" branch="false" />
            <line number="78" hits="0" branch="false" />
            <line number="79" hits="0" branch="false" />
            <line number="81" hits="0" branch="true" condition-coverage="0% (0/2)" />
            <line number="82" hits="0" branch="false" />
            <line number="83" hits="0" branch="false" />
            <line number="84" hits="0" branch="false" />
            <line number="85" hits="0" branch="false" />
            <line number="86" hits="0" branch="true" condition-coverage="0% (0/2)" />
            <line number="87" hits="0" branch="false" />
            <line number="88" hits="0" branch="false" />
            <line number="89" hits="0" branch="false" />
            <line number="90" hits="0" branch="false" />
            <line number="91" hits="0" branch="false" />
            <line number="92" hits="0" branch="true" condition-coverage="0% (0/2)" />
            <line number="93" hits="0" branch="false" />
            <line number="94" hits="0" branch="false" />
            <line number="95" hits="0" branch="false" />
            <line number="96" hits="0" branch="false" />
            <line number="97" hits="0" branch="false" />
            <line number="100" hits="0" branch="false" />
            <line number="101" hits="0" branch="false" />
            <line number="102" hits="0" branch="false" />
            <line number="103" hits="0" branch="false" />
            <line number="104" hits="0" branch="false" />
            <line number="107" hits="0" branch="false" />
            <line number="108" hits="0" branch="false" />
            <line number="109" hits="0" branch="false" />
            <line number="110" hits="0" branch="false" />
            <line number="111" hits="0" branch="false" />
            <line number="112" hits="0" branch="false" />
            <line number="113" hits="0" branch="false" />
            <line number="114" hits="0" branch="false" />
            <line number="115" hits="0" branch="false" />
            <line number="118" hits="0" branch="false" />
            <line number="119" hits="0" branch="false" />
            <line number="120" hits="0" branch="true" condition-coverage="0% (0/2)" />
            <line number="121" hits="0" branch="false" />
            <line number="122" hits="0" branch="false" />
            <line number="123" hits="0" branch="false" />
            <line number="124" hits="0" branch="false" />
            <line number="125" hits="0" branch="false" />
            <line number="126" hits="0" branch="false" />
            <line number="127" hits="0" branch="false" />
            <line number="128" hits="0" branch="false" />
            <line number="129" hits="0" branch="false" />
            <line number="130" hits="0" branch="false" />
            <line number="131" hits="0" branch="false" />
            <line number="132" hits="0" branch="false" />
            <line number="133" hits="0" branch="false" />
            <line number="134" hits="0" branch="false" />
            <line number="135" hits="0" branch="false" />
            <line number="136" hits="0" branch="false" />
            <line number="137" hits="0" branch="false" />
            <line number="140" hits="0" branch="false" />
            <line number="141" hits="0" branch="false" />
            <line number="142" hits="0" branch="false" />
            <line number="143" hits="0" branch="false" />
            <line number="144" hits="0" branch="false" />
            <line number="145" hits="0" branch="false" />
            <line number="146" hits="0" branch="false" />
            <line number="147" hits="0" branch="false" />
            <line number="148" hits="0" branch="false" />
            <line number="150" hits="0" branch="false" />
            <line number="151" hits="0" branch="false" />
            <line number="152" hits="0" branch="false" />
            <line number="153" hits="0" branch="false" />
            <line number="154" hits="0" branch="false" />
            <line number="155" hits="0" branch="false" />
            <line number="156" hits="0" branch="false" />
            <line number="157" hits="0" branch="false" />
            <line number="158" hits="0" branch="false" />
            <line number="159" hits="0" branch="false" />
            <line number="160" hits="0" branch="false" />
            <line number="161" hits="0" branch="false" />
            <line number="162" hits="0" branch="false" />
            <line number="163" hits="0" branch="true" condition-coverage="0% (0/2)" />
            <line number="164" hits="0" branch="false" />
            <line number="165" hits="0" branch="false" />
            <line number="166" hits="0" branch="false" />
            <line number="167" hits="0" branch="false" />
            <line number="168" hits="0" branch="false" />
            <line number="171" hits="0" branch="false" />
            <line number="172" hits="0" branch="false" />
            <line number="173" hits="0" branch="false" />
            <line number="174" hits="0" branch="false" />
            <line number="175" hits="0" branch="false" />
            <line number="176" hits="0" branch="false" />
            <line number="179" hits="0" branch="false" />
            <line number="180" hits="0" branch="false" />
            <line number="184" hits="0" branch="true" condition-coverage="0% (0/2)" />
            <line number="186" hits="0" branch="false" />
            <line number="188" hits="0" branch="false" />
            <line number="189" hits="0" branch="false" />
            <line number="190" hits="0" branch="false" />
          </lines>
        </class>
        <class name="lab12.Tree`1" filename="C:\4 semestr\OOP_labs\lab12\Tree.cs" line-rate="0.230769230769231" branch-rate="0.125" complexity="17">
          <methods>
            <method name="Count" signature="()" line-rate="1" branch-rate="1" complexity="NaN">
              <lines>
                <line number="11" hits="1" branch="false" />
              </lines>
            </method>
            <method name="IsReadOnly" signature="()" line-rate="0" branch-rate="1" complexity="NaN">
              <lines>
                <line number="13" hits="0" branch="false" />
              </lines>
            </method>
            <method name="Root" signature="()" line-rate="0" branch-rate="1" complexity="NaN">
              <lines>
                <line number="14" hits="0" branch="false" />
              </lines>
            </method>
            <method name="Item" signature="(System.Int32)" line-rate="0" branch-rate="0" complexity="NaN">
              <lines>
                <line number="232" hits="0" branch="false" />
                <line number="233" hits="0" branch="true" condition-coverage="0% (0/4)" />
                <line number="234" hits="0" branch="false" />
                <line number="236" hits="0" branch="false" />
                <line number="237" hits="0" branch="false" />
                <line number="238" hits="0" branch="false" />
                <line number="239" hits="0" branch="true" condition-coverage="0% (0/2)" />
                <line number="240" hits="0" branch="false" />
                <line number="241" hits="0" branch="false" />
                <line number="242" hits="0" branch="false" />
                <line number="244" hits="0" branch="false" />
                <line number="245" hits="0" branch="false" />
              </lines>
            </method>
            <method name="Item" signature="(System.Int32,T)" line-rate="0" branch-rate="0" complexity="NaN">
              <lines>
                <line number="247" hits="0" branch="false" />
                <line number="248" hits="0" branch="true" condition-coverage="0% (0/4)" />
                <line number="249" hits="0" branch="false" />
                <line number="251" hits="0" branch="false" />
                <line number="252" hits="0" branch="false" />
                <line number="253" hits="0" branch="false" />
              </lines>
            </method>
            <method name=".ctor" signature="()" line-rate="1" branch-rate="1" complexity="1">
              <lines>
                <line number="15" hits="16" branch="false" />
                <line number="16" hits="16" branch="false" />
                <line number="17" hits="16" branch="false" />
                <line number="18" hits="16" branch="false" />
              </lines>
            </method>
            <method name=".ctor" signature="(lab12.Tree`1&lt;T&gt;)" line-rate="0" branch-rate="0" complexity="NaN">
              <lines>
                <line number="19" hits="0" branch="false" />
                <line number="20" hits="0" branch="false" />
                <line number="21" hits="0" branch="true" condition-coverage="0% (0/4)" />
                <line number="22" hits="0" branch="false" />
                <line number="23" hits="0" branch="false" />
                <line number="24" hits="0" branch="false" />
                <line number="25" hits="0" branch="false" />
              </lines>
            </method>
            <method name="AddPoint" signature="(T)" line-rate="0.9375" branch-rate="0.875" complexity="NaN">
              <lines>
                <line number="28" hits="160" branch="false" />
                <line number="29" hits="160" branch="false" />
                <line number="30" hits="160" branch="true" condition-coverage="100% (2/2)" />
                <line number="31" hits="16" branch="false" />
                <line number="32" hits="16" branch="false" />
                <line number="33" hits="16" branch="false" />
                <line number="34" hits="16" branch="false" />
                <line number="37" hits="144" branch="false" />
                <line number="38" hits="144" branch="false" />
                <line number="40" hits="534" branch="false" />
                <line number="41" hits="390" branch="false" />
                <line number="42" hits="390" branch="false" />
                <line number="43" hits="390" branch="true" condition-coverage="100% (2/2)" />
                <line number="44" hits="188" branch="false" />
                <line number="45" hits="188" branch="false" />
                <line number="46" hits="188" branch="false" />
                <line number="47" hits="202" branch="true" condition-coverage="50% (1/2)" />
                <line number="48" hits="202" branch="false" />
                <line number="49" hits="202" branch="false" />
                <line number="50" hits="202" branch="false" />
                <line number="52" hits="0" branch="false" />
                <line number="53" hits="0" branch="false" />
                <line number="55" hits="390" branch="false" />
                <line number="57" hits="144" branch="true" condition-coverage="100% (2/2)" />
                <line number="58" hits="70" branch="false" />
                <line number="59" hits="70" branch="false" />
                <line number="60" hits="70" branch="false" />
                <line number="62" hits="74" branch="false" />
                <line number="63" hits="74" branch="false" />
                <line number="64" hits="74" branch="false" />
                <line number="65" hits="144" branch="false" />
                <line number="66" hits="160" branch="false" />
              </lines>
            </method>
            <method name="RemovePoint" signature="(T)" line-rate="0" branch-rate="0" complexity="NaN">
              <lines>
                <line number="68" hits="0" branch="false" />
                <line number="69" hits="0" branch="true" condition-coverage="0% (0/2)" />
                <line number="70" hits="0" branch="false" />
                <line number="71" hits="0" branch="false" />
                <line number="72" hits="0" branch="false" />
                <line number="73" hits="0" branch="false" />
                <line number="74" hits="0" branch="true" condition-coverage="0% (0/2)" />
                <line number="75" hits="0" branch="false" />
                <line number="76" hits="0" branch="false" />
                <line number="78" hits="0" branch="false" />
                <line number="79" hits="0" branch="true" condition-coverage="0% (0/2)" />
                <line number="80" hits="0" branch="false" />
                <line number="81" hits="0" branch="false" />
                <line number="82" hits="0" branch="false" />
                <line number="83" hits="0" branch="true" condition-coverage="0% (0/2)" />
                <line number="84" hits="0" branch="false" />
                <line number="85" hits="0" branch="false" />
                <line number="86" hits="0" branch="false" />
                <line number="87" hits="0" branch="false" />
                <line number="88" hits="0" branch="true" condition-coverage="0% (0/2)" />
                <line number="89" hits="0" branch="true" condition-coverage="0% (0/4)" />
                <line number="90" hits="0" branch="false" />
                <line number="91" hits="0" branch="true" condition-coverage="0% (0/2)" />
                <line number="92" hits="0" branch="false" />
                <line number="93" hits="0" branch="true" condition-coverage="0% (0/2)" />
                <line number="94" hits="0" branch="false" />
                <line number="95" hits="0" branch="false" />
                <line number="96" hits="0" branch="false" />
                <line number="98" hits="0" branch="false" />
                <line number="99" hits="0" branch="false" />
                <line number="100" hits="0" branch="false" />
                <line number="101" hits="0" branch="false" />
                <line number="103" hits="0" branch="false" />
                <line number="104" hits="0" branch="false" />
                <line number="105" hits="0" branch="false" />
                <line number="106" hits="0" branch="false" />
                <line number="107" hits="0" branch="true" condition-coverage="0% (0/4)" />
                <line number="108" hits="0" branch="false" />
                <line number="109" hits="0" branch="true" condition-coverage="0% (0/2)" />
                <line number="110" hits="0" branch="false" />
                <line number="111" hits="0" branch="true" condition-coverage="0% (0/2)" />
                <line number="112" hits="0" branch="false" />
                <line number="113" hits="0" branch="false" />
                <line number="114" hits="0" branch="false" />
                <line number="116" hits="0" branch="false" />
                <line number="117" hits="0" branch="false" />
                <line number="118" hits="0" branch="false" />
                <line number="119" hits="0" branch="false" />
                <line number="121" hits="0" branch="false" />
                <line number="122" hits="0" branch="false" />
                <line number="123" hits="0" branch="false" />
                <line number="124" hits="0" branch="false" />
                <line number="125" hits="0" branch="false" />
                <line number="126" hits="0" branch="true" condition-coverage="0% (0/4)" />
                <line number="127" hits="0" branch="false" />
                <line number="128" hits="0" branch="true" condition-coverage="0% (0/2)" />
                <line number="129" hits="0" branch="false" />
                <line number="130" hits="0" branch="true" condition-coverage="0% (0/2)" />
                <line number="131" hits="0" branch="false" />
                <line number="132" hits="0" branch="false" />
                <line number="133" hits="0" branch="false" />
                <line number="135" hits="0" branch="false" />
                <line number="136" hits="0" branch="false" />
                <line number="137" hits="0" branch="false" />
                <line number="138" hits="0" branch="false" />
                <line number="140" hits="0" branch="false" />
                <line number="141" hits="0" branch="false" />
                <line number="142" hits="0" branch="false" />
                <line number="143" hits="0" branch="false" />
                <line number="144" hits="0" branch="false" />
                <line number="146" hits="0" branch="false" />
                <line number="147" hits="0" branch="false" />
                <line number="148" hits="0" branch="false" />
                <line number="149" hits="0" branch="false" />
                <line number="150" hits="0" branch="false" />
                <line number="151" hits="0" branch="false" />
                <line number="152" hits="0" branch="false" />
                <line number="153" hits="0" branch="false" />
              </lines>
            </method>
            <method name="FindSuccessor" signature="(lab12.Point`1&lt;T&gt;)" line-rate="0" branch-rate="1" complexity="NaN">
              <lines>
                <line number="156" hits="0" branch="false" />
                <line number="157" hits="0" branch="false" />
                <line number="158" hits="0" branch="false" />
                <line number="159" hits="0" branch="false" />
                <line number="160" hits="0" branch="false" />
                <line number="161" hits="0" branch="false" />
                <line number="162" hits="0" branch="false" />
                <line number="163" hits="0" branch="false" />
              </lines>
            </method>
            <method name="Search" signature="(T)" line-rate="0" branch-rate="0" complexity="NaN">
              <lines>
                <line number="165" hits="0" branch="false" />
                <line number="166" hits="0" branch="false" />
                <line number="167" hits="0" branch="false" />
                <line number="168" hits="0" branch="false" />
                <line number="169" hits="0" branch="true" condition-coverage="0% (0/2)" />
                <line number="170" hits="0" branch="false" />
                <line number="171" hits="0" branch="false" />
                <line number="173" hits="0" branch="true" condition-coverage="0% (0/2)" />
                <line number="174" hits="0" branch="false" />
                <line number="175" hits="0" branch="false" />
                <line number="176" hits="0" branch="false" />
                <line number="178" hits="0" branch="false" />
                <line number="179" hits="0" branch="false" />
                <line number="180" hits="0" branch="false" />
                <line number="181" hits="0" branch="false" />
                <line number="182" hits="0" branch="false" />
                <line number="183" hits="0" branch="false" />
              </lines>
            </method>
            <method name="PrintTree" signature="()" line-rate="0" branch-rate="0" complexity="2">
              <lines>
                <line number="185" hits="0" branch="false" />
                <line number="186" hits="0" branch="true" condition-coverage="0% (0/2)" />
                <line number="187" hits="0" branch="false" />
                <line number="188" hits="0" branch="false" />
                <line number="189" hits="0" branch="false" />
                <line number="191" hits="0" branch="false" />
                <line number="193" hits="0" branch="false" />
              </lines>
            </method>
            <method name="PrintTree" signature="(lab12.Point`1&lt;T&gt;,System.Int32)" line-rate="0" branch-rate="0" complexity="NaN">
              <lines>
                <line number="195" hits="0" branch="false" />
                <line number="196" hits="0" branch="true" condition-coverage="0% (0/2)" />
                <line number="197" hits="0" branch="false" />
                <line number="198" hits="0" branch="false" />
                <line number="201" hits="0" branch="false" />
                <line number="203" hits="0" branch="false" />
                <line number="205" hits="0" branch="false" />
                <line number="206" hits="0" branch="false" />
              </lines>
            </method>
            <method name="Clone" signature="(lab12.Point`1&lt;T&gt;)" line-rate="0" branch-rate="0" complexity="NaN">
              <lines>
                <line number="209" hits="0" branch="false" />
                <line number="210" hits="0" branch="true" condition-coverage="0% (0/2)" />
                <line number="211" hits="0" branch="false" />
                <line number="212" hits="0" branch="false" />
                <line number="215" hits="0" branch="false" />
                <line number="217" hits="0" branch="false" />
                <line number="219" hits="0" branch="false" />
                <line number="220" hits="0" branch="false" />
                <line number="222" hits="0" branch="false" />
                <line number="223" hits="0" branch="false" />
              </lines>
            </method>
            <method name="ShallowCopy" signature="()" line-rate="0" branch-rate="1" complexity="1">
              <lines>
                <line number="226" hits="0" branch="false" />
                <line number="227" hits="0" branch="false" />
                <line number="228" hits="0" branch="false" />
              </lines>
            </method>
            <method name="DeleteTree" signature="()" line-rate="0" branch-rate="1" complexity="1">
              <lines>
                <line number="257" hits="0" branch="false" />
                <line number="258" hits="0" branch="false" />
                <line number="259" hits="0" branch="false" />
                <line number="260" hits="0" branch="false" />
                <line number="261" hits="0" branch="false" />
              </lines>
            </method>
            <method name="Clear" signature="(lab12.Point`1&lt;T&gt;)" line-rate="0" branch-rate="0" complexity="NaN">
              <lines>
                <line number="263" hits="0" branch="false" />
                <line number="264" hits="0" branch="true" condition-coverage="0% (0/2)" />
                <line number="265" hits="0" branch="false" />
                <line number="266" hits="0" branch="false" />
                <line number="268" hits="0" branch="false" />
                <line number="269" hits="0" branch="false" />
                <line number="270" hits="0" branch="false" />
                <line number="271" hits="0" branch="false" />
                <line number="272" hits="0" branch="false" />
              </lines>
            </method>
            <method name="Add" signature="(T)" line-rate="1" branch-rate="1" complexity="NaN">
              <lines>
                <line number="276" hits="160" branch="false" />
                <line number="277" hits="160" branch="false" />
                <line number="278" hits="160" branch="false" />
              </lines>
            </method>
            <method name="Clear" signature="()" line-rate="0" branch-rate="1" complexity="1">
              <lines>
                <line number="281" hits="0" branch="false" />
                <line number="282" hits="0" branch="false" />
                <line number="283" hits="0" branch="false" />
              </lines>
            </method>
            <method name="Contains" signature="(T)" line-rate="0" branch-rate="1" complexity="NaN">
              <lines>
                <line number="286" hits="0" branch="false" />
                <line number="287" hits="0" branch="false" />
                <line number="288" hits="0" branch="false" />
              </lines>
            </method>
            <method name="CopyTo" signature="(T[],System.Int32)" line-rate="1" branch-rate="1" complexity="NaN">
              <lines>
                <line number="291" hits="1" branch="false" />
                <line number="292" hits="23" branch="false" />
                <line number="293" hits="10" branch="false" />
                <line number="294" hits="10" branch="false" />
                <line number="295" hits="10" branch="false" />
                <line number="296" hits="1" branch="false" />
              </lines>
            </method>
            <method name="GetEnumerator" signature="()" line-rate="1" branch-rate="1" complexity="1">
              <lines>
                <line number="299" hits="6" branch="false" />
                <line number="300" hits="6" branch="false" />
                <line number="301" hits="6" branch="false" />
              </lines>
            </method>
            <method name="Remove" signature="(T)" line-rate="0" branch-rate="0" complexity="NaN">
              <lines>
                <line number="304" hits="0" branch="false" />
                <line number="305" hits="0" branch="true" condition-coverage="0% (0/2)" />
                <line number="306" hits="0" branch="false" />
                <line number="307" hits="0" branch="false" />
                <line number="308" hits="0" branch="false" />
                <line number="310" hits="0" branch="false" />
                <line number="311" hits="0" branch="false" />
              </lines>
            </method>
            <method name="System.Collections.IEnumerable.GetEnumerator" signature="()" line-rate="0" branch-rate="1" complexity="1">
              <lines>
                <line number="314" hits="0" branch="false" />
                <line number="315" hits="0" branch="false" />
                <line number="316" hits="0" branch="false" />
              </lines>
            </method>
            <method name="InOrder" signature="()" line-rate="1" branch-rate="1" complexity="9">
              <lines>
                <line number="319" hits="126" branch="false" />
                <line number="320" hits="126" branch="true" condition-coverage="100% (2/2)" />
                <line number="321" hits="60" branch="false" />
                <line number="322" hits="318" branch="false" />
                <line number="323" hits="69" branch="false" />
                <line number="324" hits="60" branch="false" />
                <line number="325" hits="318" branch="false" />
                <line number="326" hits="69" branch="false" />
                <line number="327" hits="60" branch="false" />
                <line number="328" hits="126" branch="false" />
              </lines>
            </method>
          </methods>
          <lines>
            <line number="11" hits="1" branch="false" />
            <line number="13" hits="0" branch="false" />
            <line number="14" hits="0" branch="false" />
            <line number="15" hits="16" branch="false" />
            <line number="16" hits="16" branch="false" />
            <line number="17" hits="16" branch="false" />
            <line number="18" hits="16" branch="false" />
            <line number="19" hits="0" branch="false" />
            <line number="20" hits="0" branch="false" />
            <line number="21" hits="0" branch="true" condition-coverage="0% (0/4)" />
            <line number="22" hits="0" branch="false" />
            <line number="23" hits="0" branch="false" />
            <line number="24" hits="0" branch="false" />
            <line number="25" hits="0" branch="false" />
            <line number="28" hits="160" branch="false" />
            <line number="29" hits="160" branch="false" />
            <line number="30" hits="160" branch="true" condition-coverage="100% (2/2)" />
            <line number="31" hits="16" branch="false" />
            <line number="32" hits="16" branch="false" />
            <line number="33" hits="16" branch="false" />
            <line number="34" hits="16" branch="false" />
            <line number="37" hits="144" branch="false" />
            <line number="38" hits="144" branch="false" />
            <line number="40" hits="534" branch="false" />
            <line number="41" hits="390" branch="false" />
            <line number="42" hits="390" branch="false" />
            <line number="43" hits="390" branch="true" condition-coverage="100% (2/2)" />
            <line number="44" hits="188" branch="false" />
            <line number="45" hits="188" branch="false" />
            <line number="46" hits="188" branch="false" />
            <line number="47" hits="202" branch="true" condition-coverage="50% (1/2)" />
            <line number="48" hits="202" branch="false" />
            <line number="49" hits="202" branch="false" />
            <line number="50" hits="202" branch="false" />
            <line number="52" hits="0" branch="false" />
            <line number="53" hits="0" branch="false" />
            <line number="55" hits="390" branch="false" />
            <line number="57" hits="144" branch="true" condition-coverage="100% (2/2)" />
            <line number="58" hits="70" branch="false" />
            <line number="59" hits="70" branch="false" />
            <line number="60" hits="70" branch="false" />
            <line number="62" hits="74" branch="false" />
            <line number="63" hits="74" branch="false" />
            <line number="64" hits="74" branch="false" />
            <line number="65" hits="144" branch="false" />
            <line number="66" hits="160" branch="false" />
            <line number="68" hits="0" branch="false" />
            <line number="69" hits="0" branch="true" condition-coverage="0% (0/2)" />
            <line number="70" hits="0" branch="false" />
            <line number="71" hits="0" branch="false" />
            <line number="72" hits="0" branch="false" />
            <line number="73" hits="0" branch="false" />
            <line number="74" hits="0" branch="true" condition-coverage="0% (0/2)" />
            <line number="75" hits="0" branch="false" />
            <line number="76" hits="0" branch="false" />
            <line number="78" hits="0" branch="false" />
            <line number="79" hits="0" branch="true" condition-coverage="0% (0/2)" />
            <line number="80" hits="0" branch="false" />
            <line number="81" hits="0" branch="false" />
            <line number="82" hits="0" branch="false" />
            <line number="83" hits="0" branch="true" condition-coverage="0% (0/2)" />
            <line number="84" hits="0" branch="false" />
            <line number="85" hits="0" branch="false" />
            <line number="86" hits="0" branch="false" />
            <line number="87" hits="0" branch="false" />
            <line number="88" hits="0" branch="true" condition-coverage="0% (0/2)" />
            <line number="89" hits="0" branch="true" condition-coverage="0% (0/4)" />
            <line number="90" hits="0" branch="false" />
            <line number="91" hits="0" branch="true" condition-coverage="0% (0/2)" />
            <line number="92" hits="0" branch="false" />
            <line number="93" hits="0" branch="true" condition-coverage="0% (0/2)" />
            <line number="94" hits="0" branch="false" />
            <line number="95" hits="0" branch="false" />
            <line number="96" hits="0" branch="false" />
            <line number="98" hits="0" branch="false" />
            <line number="99" hits="0" branch="false" />
            <line number="100" hits="0" branch="false" />
            <line number="101" hits="0" branch="false" />
            <line number="103" hits="0" branch="false" />
            <line number="104" hits="0" branch="false" />
            <line number="105" hits="0" branch="false" />
            <line number="106" hits="0" branch="false" />
            <line number="107" hits="0" branch="true" condition-coverage="0% (0/4)" />
            <line number="108" hits="0" branch="false" />
            <line number="109" hits="0" branch="true" condition-coverage="0% (0/2)" />
            <line number="110" hits="0" branch="false" />
            <line number="111" hits="0" branch="true" condition-coverage="0% (0/2)" />
            <line number="112" hits="0" branch="false" />
            <line number="113" hits="0" branch="false" />
            <line number="114" hits="0" branch="false" />
            <line number="116" hits="0" branch="false" />
            <line number="117" hits="0" branch="false" />
            <line number="118" hits="0" branch="false" />
            <line number="119" hits="0" branch="false" />
            <line number="121" hits="0" branch="false" />
            <line number="122" hits="0" branch="false" />
            <line number="123" hits="0" branch="false" />
            <line number="124" hits="0" branch="false" />
            <line number="125" hits="0" branch="false" />
            <line number="126" hits="0" branch="true" condition-coverage="0% (0/4)" />
            <line number="127" hits="0" branch="false" />
            <line number="128" hits="0" branch="true" condition-coverage="0% (0/2)" />
            <line number="129" hits="0" branch="false" />
            <line number="130" hits="0" branch="true" condition-coverage="0% (0/2)" />
            <line number="131" hits="0" branch="false" />
            <line number="132" hits="0" branch="false" />
            <line number="133" hits="0" branch="false" />
            <line number="135" hits="0" branch="false" />
            <line number="136" hits="0" branch="false" />
            <line number="137" hits="0" branch="false" />
            <line number="138" hits="0" branch="false" />
            <line number="140" hits="0" branch="false" />
            <line number="141" hits="0" branch="false" />
            <line number="142" hits="0" branch="false" />
            <line number="143" hits="0" branch="false" />
            <line number="144" hits="0" branch="false" />
            <line number="146" hits="0" branch="false" />
            <line number="147" hits="0" branch="false" />
            <line number="148" hits="0" branch="false" />
            <line number="149" hits="0" branch="false" />
            <line number="150" hits="0" branch="false" />
            <line number="151" hits="0" branch="false" />
            <line number="152" hits="0" branch="false" />
            <line number="153" hits="0" branch="false" />
            <line number="156" hits="0" branch="false" />
            <line number="157" hits="0" branch="false" />
            <line number="158" hits="0" branch="false" />
            <line number="159" hits="0" branch="false" />
            <line number="160" hits="0" branch="false" />
            <line number="161" hits="0" branch="false" />
            <line number="162" hits="0" branch="false" />
            <line number="163" hits="0" branch="false" />
            <line number="165" hits="0" branch="false" />
            <line number="166" hits="0" branch="false" />
            <line number="167" hits="0" branch="false" />
            <line number="168" hits="0" branch="false" />
            <line number="169" hits="0" branch="true" condition-coverage="0% (0/2)" />
            <line number="170" hits="0" branch="false" />
            <line number="171" hits="0" branch="false" />
            <line number="173" hits="0" branch="true" condition-coverage="0% (0/2)" />
            <line number="174" hits="0" branch="false" />
            <line number="175" hits="0" branch="false" />
            <line number="176" hits="0" branch="false" />
            <line number="178" hits="0" branch="false" />
            <line number="179" hits="0" branch="false" />
            <line number="180" hits="0" branch="false" />
            <line number="181" hits="0" branch="false" />
            <line number="182" hits="0" branch="false" />
            <line number="183" hits="0" branch="false" />
            <line number="185" hits="0" branch="false" />
            <line number="186" hits="0" branch="true" condition-coverage="0% (0/2)" />
            <line number="187" hits="0" branch="false" />
            <line number="188" hits="0" branch="false" />
            <line number="189" hits="0" branch="false" />
            <line number="191" hits="0" branch="false" />
            <line number="193" hits="0" branch="false" />
            <line number="195" hits="0" branch="false" />
            <line number="196" hits="0" branch="true" condition-coverage="0% (0/2)" />
            <line number="197" hits="0" branch="false" />
            <line number="198" hits="0" branch="false" />
            <line number="201" hits="0" branch="false" />
            <line number="203" hits="0" branch="false" />
            <line number="205" hits="0" branch="false" />
            <line number="206" hits="0" branch="false" />
            <line number="209" hits="0" branch="false" />
            <line number="210" hits="0" branch="true" condition-coverage="0% (0/2)" />
            <line number="211" hits="0" branch="false" />
            <line number="212" hits="0" branch="false" />
            <line number="215" hits="0" branch="false" />
            <line number="217" hits="0" branch="false" />
            <line number="219" hits="0" branch="false" />
            <line number="220" hits="0" branch="false" />
            <line number="222" hits="0" branch="false" />
            <line number="223" hits="0" branch="false" />
            <line number="226" hits="0" branch="false" />
            <line number="227" hits="0" branch="false" />
            <line number="228" hits="0" branch="false" />
            <line number="232" hits="0" branch="false" />
            <line number="233" hits="0" branch="true" condition-coverage="0% (0/4)" />
            <line number="234" hits="0" branch="false" />
            <line number="236" hits="0" branch="false" />
            <line number="237" hits="0" branch="false" />
            <line number="238" hits="0" branch="false" />
            <line number="239" hits="0" branch="true" condition-coverage="0% (0/2)" />
            <line number="240" hits="0" branch="false" />
            <line number="241" hits="0" branch="false" />
            <line number="242" hits="0" branch="false" />
            <line number="244" hits="0" branch="false" />
            <line number="245" hits="0" branch="false" />
            <line number="247" hits="0" branch="false" />
            <line number="248" hits="0" branch="true" condition-coverage="0% (0/4)" />
            <line number="249" hits="0" branch="false" />
            <line number="251" hits="0" branch="false" />
            <line number="252" hits="0" branch="false" />
            <line number="253" hits="0" branch="false" />
            <line number="257" hits="0" branch="false" />
            <line number="258" hits="0" branch="false" />
            <line number="259" hits="0" branch="false" />
            <line number="260" hits="0" branch="false" />
            <line number="261" hits="0" branch="false" />
            <line number="263" hits="0" branch="false" />
            <line number="264" hits="0" branch="true" condition-coverage="0% (0/2)" />
            <line number="265" hits="0" branch="false" />
            <line number="266" hits="0" branch="false" />
            <line number="268" hits="0" branch="false" />
            <line number="269" hits="0" branch="false" />
            <line number="270" hits="0" branch="false" />
            <line number="271" hits="0" branch="false" />
            <line number="272" hits="0" branch="false" />
            <line number="276" hits="160" branch="false" />
            <line number="277" hits="160" branch="false" />
            <line number="278" hits="160" branch="false" />
            <line number="281" hits="0" branch="false" />
            <line number="282" hits="0" branch="false" />
            <line number="283" hits="0" branch="false" />
            <line number="286" hits="0" branch="false" />
            <line number="287" hits="0" branch="false" />
            <line number="288" hits="0" branch="false" />
            <line number="291" hits="1" branch="false" />
            <line number="292" hits="23" branch="false" />
            <line number="293" hits="10" branch="false" />
            <line number="294" hits="10" branch="false" />
            <line number="295" hits="10" branch="false" />
            <line number="296" hits="1" branch="false" />
            <line number="299" hits="6" branch="false" />
            <line number="300" hits="6" branch="false" />
            <line number="301" hits="6" branch="false" />
            <line number="304" hits="0" branch="false" />
            <line number="305" hits="0" branch="true" condition-coverage="0% (0/2)" />
            <line number="306" hits="0" branch="false" />
            <line number="307" hits="0" branch="false" />
            <line number="308" hits="0" branch="false" />
            <line number="310" hits="0" branch="false" />
            <line number="311" hits="0" branch="false" />
            <line number="314" hits="0" branch="false" />
            <line number="315" hits="0" branch="false" />
            <line number="316" hits="0" branch="false" />
            <line number="319" hits="126" branch="false" />
            <line number="320" hits="126" branch="true" condition-coverage="100% (2/2)" />
            <line number="321" hits="60" branch="false" />
            <line number="322" hits="318" branch="false" />
            <line number="323" hits="69" branch="false" />
            <line number="324" hits="60" branch="false" />
            <line number="325" hits="318" branch="false" />
            <line number="326" hits="69" branch="false" />
            <line number="327" hits="60" branch="false" />
            <line number="328" hits="126" branch="false" />
          </lines>
        </class>
        <class name="Laba11.Function" filename="C:\4 semestr\OOP_labs\lab12\Function.cs" line-rate="0" branch-rate="0" complexity="1">
          <methods>
            <method name="Pause" signature="()" line-rate="0" branch-rate="1" complexity="1">
              <lines>
                <line number="13" hits="0" branch="false" />
                <line number="14" hits="0" branch="false" />
                <line number="15" hits="0" branch="false" />
                <line number="16" hits="0" branch="false" />
              </lines>
            </method>
            <method name="InputDouble" signature="(System.String)" line-rate="0" branch-rate="0" complexity="NaN">
              <lines>
                <line number="19" hits="0" branch="false" />
                <line number="21" hits="0" branch="true" condition-coverage="0% (0/2)" />
                <line number="22" hits="0" branch="false" />
                <line number="23" hits="0" branch="false" />
                <line number="24" hits="0" branch="false" />
                <line number="25" hits="0" branch="false" />
                <line number="26" hits="0" branch="false" />
                <line number="27" hits="0" branch="false" />
                <line number="28" hits="0" branch="false" />
                <line number="29" hits="0" branch="false" />
                <line number="30" hits="0" branch="false" />
              </lines>
            </method>
            <method name="InputInteger" signature="(System.String)" line-rate="0" branch-rate="0" complexity="NaN">
              <lines>
                <line number="33" hits="0" branch="false" />
                <line number="35" hits="0" branch="true" condition-coverage="0% (0/2)" />
                <line number="36" hits="0" branch="false" />
                <line number="37" hits="0" branch="false" />
                <line number="38" hits="0" branch="false" />
                <line number="39" hits="0" branch="false" />
                <line number="40" hits="0" branch="false" />
                <line number="41" hits="0" branch="false" />
                <line number="42" hits="0" branch="false" />
                <line number="43" hits="0" branch="false" />
                <line number="44" hits="0" branch="false" />
              </lines>
            </method>
            <method name="CheckNumber" signature="(System.Int32,System.Int32,System.Int32&amp;,System.String)" line-rate="0" branch-rate="0" complexity="NaN">
              <lines>
                <line number="46" hits="0" branch="false" />
                <line number="47" hits="0" branch="false" />
                <line number="48" hits="0" branch="false" />
                <line number="49" hits="0" branch="true" condition-coverage="0% (0/2)" />
                <line number="50" hits="0" branch="false" />
                <line number="51" hits="0" branch="false" />
                <line number="52" hits="0" branch="false" />
                <line number="53" hits="0" branch="false" />
                <line number="54" hits="0" branch="false" />
              </lines>
            </method>
            <method name="CheckNumber" signature="(System.Double,System.Double,System.Double&amp;,System.String)" line-rate="0" branch-rate="0" complexity="NaN">
              <lines>
                <line number="56" hits="0" branch="false" />
                <line number="57" hits="0" branch="false" />
                <line number="58" hits="0" branch="false" />
                <line number="59" hits="0" branch="true" condition-coverage="0% (0/2)" />
                <line number="60" hits="0" branch="false" />
                <line number="61" hits="0" branch="false" />
                <line number="62" hits="0" branch="false" />
                <line number="63" hits="0" branch="false" />
                <line number="64" hits="0" branch="false" />
              </lines>
            </method>
          </methods>
          <lines>
            <line number="13" hits="0" branch="false" />
            <line number="14" hits="0" branch="false" />
            <line number="15" hits="0" branch="false" />
            <line number="16" hits="0" branch="false" />
            <line number="19" hits="0" branch="false" />
            <line number="21" hits="0" branch="true" condition-coverage="0% (0/2)" />
            <line number="22" hits="0" branch="false" />
            <line number="23" hits="0" branch="false" />
            <line number="24" hits="0" branch="false" />
            <line number="25" hits="0" branch="false" />
            <line number="26" hits="0" branch="false" />
            <line number="27" hits="0" branch="false" />
            <line number="28" hits="0" branch="false" />
            <line number="29" hits="0" branch="false" />
            <line number="30" hits="0" branch="false" />
            <line number="33" hits="0" branch="false" />
            <line number="35" hits="0" branch="true" condition-coverage="0% (0/2)" />
            <line number="36" hits="0" branch="false" />
            <line number="37" hits="0" branch="false" />
            <line number="38" hits="0" branch="false" />
            <line number="39" hits="0" branch="false" />
            <line number="40" hits="0" branch="false" />
            <line number="41" hits="0" branch="false" />
            <line number="42" hits="0" branch="false" />
            <line number="43" hits="0" branch="false" />
            <line number="44" hits="0" branch="false" />
            <line number="46" hits="0" branch="false" />
            <line number="47" hits="0" branch="false" />
            <line number="48" hits="0" branch="false" />
            <line number="49" hits="0" branch="true" condition-coverage="0% (0/2)" />
            <line number="50" hits="0" branch="false" />
            <line number="51" hits="0" branch="false" />
            <line number="52" hits="0" branch="false" />
            <line number="53" hits="0" branch="false" />
            <line number="54" hits="0" branch="false" />
            <line number="56" hits="0" branch="false" />
            <line number="57" hits="0" branch="false" />
            <line number="58" hits="0" branch="false" />
            <line number="59" hits="0" branch="true" condition-coverage="0% (0/2)" />
            <line number="60" hits="0" branch="false" />
            <line number="61" hits="0" branch="false" />
            <line number="62" hits="0" branch="false" />
            <line number="63" hits="0" branch="false" />
            <line number="64" hits="0" branch="false" />
          </lines>
        </class>
      </classes>
    </package>
    <package name="lab14" line-rate="0.307511737089202" branch-rate="0" complexity="115">
      <classes>
        <class name="lab14.GenericCollection" filename="C:\4 semestr\OOP_labs\lab14\Query.cs" line-rate="1" branch-rate="1" complexity="NaN">
          <methods>
            <method name=".ctor" signature="(System.Int32,System.Int32)" line-rate="1" branch-rate="1" complexity="NaN">
              <lines>
                <line number="13" hits="16" branch="false" />
                <line number="14" hits="16" branch="false" />
                <line number="15" hits="16" branch="false" />
                <line number="16" hits="16" branch="false" />
                <line number="17" hits="192" branch="false" />
                <line number="18" hits="80" branch="false" />
                <line number="19" hits="80" branch="false" />
                <line number="20" hits="1760" branch="false" />
                <line number="21" hits="800" branch="false" />
                <line number="22" hits="800" branch="false" />
                <line number="23" hits="800" branch="false" />
                <line number="24" hits="800" branch="false" />
                <line number="25" hits="800" branch="false" />
                <line number="26" hits="80" branch="false" />
                <line number="27" hits="80" branch="false" />
                <line number="28" hits="16" branch="false" />
              </lines>
            </method>
          </methods>
          <lines>
            <line number="13" hits="16" branch="false" />
            <line number="14" hits="16" branch="false" />
            <line number="15" hits="16" branch="false" />
            <line number="16" hits="16" branch="false" />
            <line number="17" hits="192" branch="false" />
            <line number="18" hits="80" branch="false" />
            <line number="19" hits="80" branch="false" />
            <line number="20" hits="1760" branch="false" />
            <line number="21" hits="800" branch="false" />
            <line number="22" hits="800" branch="false" />
            <line number="23" hits="800" branch="false" />
            <line number="24" hits="800" branch="false" />
            <line number="25" hits="800" branch="false" />
            <line number="26" hits="80" branch="false" />
            <line number="27" hits="80" branch="false" />
            <line number="28" hits="16" branch="false" />
          </lines>
        </class>
        <class name="lab14.Program" filename="C:\4 semestr\OOP_labs\lab14\Program.cs" line-rate="0" branch-rate="0" complexity="56">
          <methods>
            <method name="Menu" signature="()" line-rate="0" branch-rate="0" complexity="56">
              <lines>
                <line number="14" hits="0" branch="false" />
                <line number="15" hits="0" branch="false" />
                <line number="17" hits="0" branch="false" />
                <line number="18" hits="0" branch="false" />
                <line number="19" hits="0" branch="false" />
                <line number="20" hits="0" branch="false" />
                <line number="21" hits="0" branch="false" />
                <line number="22" hits="0" branch="false" />
                <line number="23" hits="0" branch="false" />
                <line number="24" hits="0" branch="false" />
                <line number="25" hits="0" branch="false" />
                <line number="27" hits="0" branch="false" />
                <line number="28" hits="0" branch="false" />
                <line number="29" hits="0" branch="false" />
                <line number="30" hits="0" branch="false" />
                <line number="31" hits="0" branch="false" />
                <line number="32" hits="0" branch="false" />
                <line number="33" hits="0" branch="false" />
                <line number="34" hits="0" branch="false" />
                <line number="35" hits="0" branch="false" />
                <line number="36" hits="0" branch="false" />
                <line number="37" hits="0" branch="false" />
                <line number="38" hits="0" branch="false" />
                <line number="39" hits="0" branch="false" />
                <line number="40" hits="0" branch="true" condition-coverage="0% (0/10)" />
                <line number="43" hits="0" branch="false" />
                <line number="44" hits="0" branch="false" />
                <line number="46" hits="0" branch="false" />
                <line number="47" hits="0" branch="false" />
                <line number="48" hits="0" branch="false" />
                <line number="49" hits="0" branch="false" />
                <line number="50" hits="0" branch="false" />
                <line number="51" hits="0" branch="false" />
                <line number="53" hits="0" branch="false" />
                <line number="54" hits="0" branch="false" />
                <line number="55" hits="0" branch="false" />
                <line number="56" hits="0" branch="false" />
                <line number="57" hits="0" branch="false" />
                <line number="59" hits="0" branch="false" />
                <line number="60" hits="0" branch="false" />
                <line number="61" hits="0" branch="false" />
                <line number="62" hits="0" branch="false" />
                <line number="63" hits="0" branch="false" />
                <line number="65" hits="0" branch="false" />
                <line number="66" hits="0" branch="false" />
                <line number="67" hits="0" branch="false" />
                <line number="68" hits="0" branch="false" />
                <line number="69" hits="0" branch="false" />
                <line number="70" hits="0" branch="false" />
                <line number="71" hits="0" branch="false" />
                <line number="72" hits="0" branch="false" />
                <line number="74" hits="0" branch="false" />
                <line number="75" hits="0" branch="false" />
                <line number="76" hits="0" branch="false" />
                <line number="77" hits="0" branch="false" />
                <line number="78" hits="0" branch="true" condition-coverage="0% (0/2)" />
                <line number="79" hits="0" branch="false" />
                <line number="80" hits="0" branch="false" />
                <line number="81" hits="0" branch="false" />
                <line number="83" hits="0" branch="false" />
                <line number="84" hits="0" branch="false" />
                <line number="85" hits="0" branch="true" condition-coverage="0% (0/2)" />
                <line number="86" hits="0" branch="false" />
                <line number="87" hits="0" branch="false" />
                <line number="88" hits="0" branch="false" />
                <line number="89" hits="0" branch="false" />
                <line number="90" hits="0" branch="false" />
                <line number="91" hits="0" branch="false" />
                <line number="92" hits="0" branch="true" condition-coverage="0% (0/2)" />
                <line number="93" hits="0" branch="false" />
                <line number="94" hits="0" branch="false" />
                <line number="95" hits="0" branch="false" />
                <line number="96" hits="0" branch="false" />
                <line number="97" hits="0" branch="false" />
                <line number="98" hits="0" branch="false" />
                <line number="99" hits="0" branch="false" />
                <line number="100" hits="0" branch="false" />
                <line number="102" hits="0" branch="false" />
                <line number="103" hits="0" branch="false" />
                <line number="104" hits="0" branch="false" />
                <line number="106" hits="0" branch="false" />
                <line number="107" hits="0" branch="false" />
                <line number="110" hits="0" branch="false" />
                <line number="111" hits="0" branch="false" />
                <line number="112" hits="0" branch="false" />
                <line number="113" hits="0" branch="false" />
                <line number="115" hits="0" branch="false" />
                <line number="116" hits="0" branch="false" />
                <line number="117" hits="0" branch="false" />
                <line number="118" hits="0" branch="false" />
                <line number="119" hits="0" branch="false" />
                <line number="120" hits="0" branch="false" />
                <line number="121" hits="0" branch="false" />
                <line number="122" hits="0" branch="false" />
                <line number="123" hits="0" branch="false" />
                <line number="124" hits="0" branch="false" />
                <line number="126" hits="0" branch="false" />
                <line number="127" hits="0" branch="false" />
                <line number="129" hits="0" branch="false" />
                <line number="130" hits="0" branch="false" />
                <line number="131" hits="0" branch="false" />
                <line number="132" hits="0" branch="false" />
                <line number="133" hits="0" branch="true" condition-coverage="0% (0/2)" />
                <line number="134" hits="0" branch="false" />
                <line number="135" hits="0" branch="false" />
                <line number="136" hits="0" branch="false" />
                <line number="138" hits="0" branch="false" />
                <line number="139" hits="0" branch="false" />
                <line number="141" hits="0" branch="false" />
                <line number="142" hits="0" branch="false" />
                <line number="144" hits="0" branch="false" />
                <line number="145" hits="0" branch="false" />
                <line number="148" hits="0" branch="false" />
                <line number="149" hits="0" branch="false" />
                <line number="150" hits="0" branch="false" />
                <line number="151" hits="0" branch="false" />
                <line number="152" hits="0" branch="false" />
                <line number="153" hits="0" branch="false" />
                <line number="154" hits="0" branch="false" />
                <line number="156" hits="0" branch="false" />
                <line number="157" hits="0" branch="false" />
                <line number="158" hits="0" branch="false" />
                <line number="159" hits="0" branch="false" />
                <line number="160" hits="0" branch="false" />
                <line number="161" hits="0" branch="false" />
                <line number="163" hits="0" branch="false" />
                <line number="164" hits="0" branch="false" />
                <line number="165" hits="0" branch="false" />
                <line number="166" hits="0" branch="false" />
                <line number="167" hits="0" branch="false" />
                <line number="168" hits="0" branch="false" />
                <line number="170" hits="0" branch="false" />
                <line number="171" hits="0" branch="false" />
                <line number="172" hits="0" branch="false" />
                <line number="173" hits="0" branch="false" />
                <line number="174" hits="0" branch="false" />
                <line number="175" hits="0" branch="false" />
                <line number="176" hits="0" branch="false" />
                <line number="177" hits="0" branch="false" />
                <line number="179" hits="0" branch="false" />
                <line number="180" hits="0" branch="false" />
                <line number="181" hits="0" branch="false" />
                <line number="182" hits="0" branch="false" />
                <line number="183" hits="0" branch="false" />
                <line number="184" hits="0" branch="false" />
                <line number="185" hits="0" branch="false" />
                <line number="186" hits="0" branch="false" />
                <line number="188" hits="0" branch="false" />
                <line number="189" hits="0" branch="false" />
                <line number="191" hits="0" branch="false" />
                <line number="192" hits="0" branch="false" />
                <line number="195" hits="0" branch="false" />
                <line number="196" hits="0" branch="false" />
                <line number="197" hits="0" branch="false" />
                <line number="198" hits="0" branch="false" />
                <line number="199" hits="0" branch="false" />
                <line number="202" hits="0" branch="false" />
                <line number="203" hits="0" branch="false" />
                <line number="205" hits="0" branch="false" />
                <line number="206" hits="0" branch="false" />
                <line number="207" hits="0" branch="false" />
                <line number="208" hits="0" branch="false" />
                <line number="209" hits="0" branch="false" />
                <line number="210" hits="0" branch="false" />
                <line number="211" hits="0" branch="false" />
                <line number="212" hits="0" branch="false" />
                <line number="213" hits="0" branch="false" />
                <line number="214" hits="0" branch="false" />
                <line number="215" hits="0" branch="false" />
                <line number="216" hits="0" branch="false" />
                <line number="217" hits="0" branch="false" />
                <line number="218" hits="0" branch="false" />
                <line number="219" hits="0" branch="false" />
                <line number="220" hits="0" branch="false" />
                <line number="221" hits="0" branch="false" />
                <line number="222" hits="0" branch="false" />
                <line number="224" hits="0" branch="false" />
                <line number="225" hits="0" branch="false" />
                <line number="228" hits="0" branch="false" />
                <line number="229" hits="0" branch="false" />
                <line number="230" hits="0" branch="false" />
                <line number="231" hits="0" branch="false" />
                <line number="232" hits="0" branch="false" />
                <line number="233" hits="0" branch="false" />
                <line number="235" hits="0" branch="false" />
                <line number="236" hits="0" branch="false" />
                <line number="237" hits="0" branch="false" />
                <line number="238" hits="0" branch="false" />
                <line number="239" hits="0" branch="false" />
                <line number="240" hits="0" branch="false" />
                <line number="241" hits="0" branch="false" />
                <line number="242" hits="0" branch="false" />
                <line number="243" hits="0" branch="false" />
                <line number="244" hits="0" branch="false" />
                <line number="246" hits="0" branch="false" />
                <line number="247" hits="0" branch="false" />
[...]
              <lines>
                <line number="99" hits="1" branch="false" />
                <line number="100" hits="1" branch="false" />
                <line number="102" hits="1" branch="false" />
                <line number="103" hits="1" branch="false" />
              </lines>
            </method>
            <method name="TestAverageExtension" signature="()" line-rate="1" branch-rate="1" complexity="1">
              <lines>
                <line number="107" hits="1" branch="false" />
                <line number="108" hits="1" branch="false" />
                <line number="110" hits="1" branch="false" />
                <line number="111" hits="1" branch="false" />
              </lines>
            </method>
            <method name="TestGroupLINQ" signature="()" line-rate="0.909090909090909" branch-rate="0.833333333333333" complexity="6">
              <lines>
                <line number="115" hits="1" branch="false" />
                <line number="116" hits="1" branch="false" />
                <line number="117" hits="1" branch="false" />
                <line number="118" hits="1" branch="false" />
                <line number="120" hits="1" branch="false" />
                <line number="121" hits="1" branch="false" />
                <line number="122" hits="1" branch="false" />
                <line number="124" hits="1" branch="false" />
                <line number="125" hits="1" branch="false" />
                <line number="126" hits="1" branch="false" />
                <line number="127" hits="1" branch="false" />
                <line number="128" hits="1" branch="false" />
                <line number="130" hits="1" branch="false" />
                <line number="132" hits="1" branch="false" />
                <line number="134" hits="9" branch="false" />
                <line number="135" hits="3" branch="false" />
                <line number="136" hits="3" branch="true" condition-coverage="100% (2/2)" />
                <line number="137" hits="1" branch="false" />
                <line number="138" hits="1" branch="false" />
                <line number="139" hits="1" branch="false" />
                <line number="140" hits="2" branch="true" condition-coverage="100% (2/2)" />
                <line number="141" hits="1" branch="false" />
                <line number="142" hits="1" branch="false" />
                <line number="143" hits="1" branch="false" />
                <line number="144" hits="1" branch="true" condition-coverage="50% (1/2)" />
                <line number="145" hits="1" branch="false" />
                <line number="146" hits="1" branch="false" />
                <line number="147" hits="1" branch="false" />
                <line number="149" hits="0" branch="false" />
                <line number="150" hits="0" branch="false" />
                <line number="151" hits="0" branch="false" />
                <line number="152" hits="3" branch="false" />
                <line number="153" hits="1" branch="false" />
              </lines>
            </method>
            <method name="TestGroupExtension" signature="()" line-rate="0.909090909090909" branch-rate="0.833333333333333" complexity="6">
              <lines>
                <line number="157" hits="1" branch="false" />
                <line number="158" hits="1" branch="false" />
                <line number="159" hits="1" branch="false" />
                <line number="160" hits="1" branch="false" />
                <line number="162" hits="1" branch="false" />
                <line number="163" hits="1" branch="false" />
                <line number="164" hits="1" branch="false" />
                <line number="166" hits="1" branch="false" />
                <line number="167" hits="1" branch="false" />
                <line number="168" hits="1" branch="false" />
                <line number="169" hits="1" branch="false" />
                <line number="170" hits="1" branch="false" />
                <line number="172" hits="1" branch="false" />
                <line number="174" hits="1" branch="false" />
                <line number="176" hits="9" branch="false" />
                <line number="177" hits="3" branch="false" />
                <line number="178" hits="3" branch="true" condition-coverage="100% (2/2)" />
                <line number="179" hits="1" branch="false" />
                <line number="180" hits="1" branch="false" />
                <line number="181" hits="1" branch="false" />
                <line number="182" hits="2" branch="true" condition-coverage="100% (2/2)" />
                <line number="183" hits="1" branch="false" />
                <line number="184" hits="1" branch="false" />
                <line number="185" hits="1" branch="false" />
                <line number="186" hits="1" branch="true" condition-coverage="50% (1/2)" />
                <line number="187" hits="1" branch="false" />
                <line number="188" hits="1" branch="false" />
                <line number="189" hits="1" branch="false" />
                <line number="191" hits="0" branch="false" />
                <line number="192" hits="0" branch="false" />
                <line number="193" hits="0" branch="false" />
                <line number="194" hits="3" branch="false" />
                <line number="195" hits="1" branch="false" />
              </lines>
            </method>
            <method name="TestTreeSelectLINQ" signature="()" line-rate="0.625" branch-rate="1" complexity="3">
              <lines>
                <line number="199" hits="1" branch="false" />
                <line number="200" hits="1" branch="false" />
                <line number="201" hits="1" branch="false" />
                <line number="203" hits="3" branch="false" />
                <line number="204" hits="0" branch="false" />
                <line number="205" hits="0" branch="false" />
                <line number="206" hits="0" branch="false" />
                <line number="207" hits="1" branch="false" />
              </lines>
            </method>
            <method name="TestTreeSelectExtension" signature="()" line-rate="0.625" branch-rate="1" complexity="3">
              <lines>
                <line number="211" hits="1" branch="false" />
                <line number="212" hits="1" branch="false" />
                <line number="213" hits="11" branch="false" />
                <line number="215" hits="3" branch="false" />
                <line number="216" hits="0" branch="false" />
                <line number="217" hits="0" branch="false" />
                <line number="218" hits="0" branch="false" />
                <line number="219" hits="1" branch="false" />
              </lines>
            </method>
            <method name="TestTreeAgregateLINQ" signature="()" line-rate="1" branch-rate="1" complexity="1">
              <lines>
                <line number="223" hits="1" branch="false" />
                <line number="224" hits="1" branch="false" />
                <line number="226" hits="1" branch="false" />
                <line number="227" hits="1" branch="false" />
              </lines>
            </method>
            <method name="TestTreeAgregateExtension" signature="()" line-rate="1" branch-rate="1" complexity="2">
              <lines>
                <line number="231" hits="1" branch="false" />
                <line number="232" hits="11" branch="false" />
                <line number="234" hits="1" branch="false" />
                <line number="235" hits="1" branch="false" />
              </lines>
            </method>
            <method name="TestTreeOrderByDescendingLINQ" signature="()" line-rate="1" branch-rate="1" complexity="4">
              <lines>
                <line number="239" hits="1" branch="false" />
                <line number="240" hits="1" branch="false" />
                <line number="242" hits="1" branch="false" />
                <line number="243" hits="23" branch="false" />
                <line number="244" hits="10" branch="false" />
                <line number="245" hits="10" branch="true" condition-coverage="100% (2/2)" />
                <line number="246" hits="9" branch="false" />
                <line number="247" hits="9" branch="false" />
                <line number="248" hits="9" branch="false" />
                <line number="249" hits="10" branch="false" />
                <line number="250" hits="10" branch="false" />
                <line number="251" hits="1" branch="false" />
              </lines>
            </method>
            <method name="TestTreeOrderByDescendingExtension" signature="()" line-rate="1" branch-rate="1" complexity="5">
              <lines>
                <line number="255" hits="1" branch="false" />
                <line number="256" hits="11" branch="false" />
                <line number="258" hits="1" branch="false" />
                <line number="259" hits="23" branch="false" />
                <line number="260" hits="10" branch="false" />
                <line number="261" hits="10" branch="false" />
                <line number="262" hits="9" branch="false" />
                <line number="263" hits="9" branch="false" />
                <line number="264" hits="9" branch="false" />
                <line number="265" hits="10" branch="false" />
                <line number="266" hits="10" branch="false" />
                <line number="267" hits="1" branch="false" />
              </lines>
            </method>
          </methods>
          <lines>
            <line number="19" hits="16" branch="false" />
            <line number="20" hits="16" branch="false" />
            <line number="21" hits="16" branch="false" />
            <line number="23" hits="352" branch="false" />
            <line number="24" hits="160" branch="false" />
            <line number="25" hits="160" branch="false" />
            <line number="26" hits="160" branch="false" />
            <line number="27" hits="160" branch="false" />
            <line number="28" hits="160" branch="false" />
            <line number="29" hits="16" branch="false" />
            <line number="33" hits="1" branch="false" />
            <line number="34" hits="1" branch="false" />
            <line number="35" hits="1" branch="false" />
            <line number="37" hits="101" branch="false" />
            <line number="38" hits="49" branch="false" />
            <line number="39" hits="49" branch="false" />
            <line number="40" hits="49" branch="false" />
            <line number="41" hits="1" branch="false" />
            <line number="45" hits="1" branch="false" />
            <line number="46" hits="1" branch="false" />
            <line number="47" hits="51" branch="false" />
            <line number="49" hits="103" branch="false" />
            <line number="50" hits="50" branch="false" />
            <line number="51" hits="50" branch="false" />
            <line number="52" hits="50" branch="false" />
            <line number="53" hits="1" branch="false" />
            <line number="57" hits="1" branch="false" />
            <line number="58" hits="1" branch="false" />
            <line number="59" hits="1" branch="false" />
            <line number="61" hits="1" branch="false" />
            <line number="62" hits="1" branch="false" />
            <line number="66" hits="1" branch="false" />
            <line number="67" hits="1" branch="false" />
            <line number="68" hits="51" branch="false" />
            <line number="70" hits="1" branch="false" />
            <line number="71" hits="1" branch="false" />
            <line number="75" hits="1" branch="false" />
            <line number="76" hits="1" branch="false" />
            <line number="77" hits="1" branch="false" />
            <line number="79" hits="3" branch="false" />
            <line number="80" hits="0" branch="false" />
            <line number="81" hits="0" branch="false" />
            <line number="82" hits="0" branch="false" />
            <line number="83" hits="1" branch="false" />
            <line number="87" hits="1" branch="false" />
            <line number="88" hits="1" branch="false" />
            <line number="89" hits="1" branch="false" />
            <line number="91" hits="3" branch="false" />
            <line number="92" hits="0" branch="false" />
            <line number="93" hits="0" branch="false" />
            <line number="94" hits="0" branch="false" />
            <line number="95" hits="1" branch="false" />
            <line number="99" hits="1" branch="false" />
            <line number="100" hits="1" branch="false" />
            <line number="102" hits="1" branch="false" />
            <line number="103" hits="1" branch="false" />
            <line number="107" hits="1" branch="false" />
            <line number="108" hits="1" branch="false" />
            <line number="110" hits="1" branch="false" />
            <line number="111" hits="1" branch="false" />
            <line number="115" hits="1" branch="false" />
            <line number="116" hits="1" branch="false" />
            <line number="117" hits="1" branch="false" />
            <line number="118" hits="1" branch="false" />
            <line number="120" hits="1" branch="false" />
            <line number="121" hits="1" branch="false" />
            <line number="122" hits="1" branch="false" />
            <line number="124" hits="1" branch="false" />
            <line number="125" hits="1" branch="false" />
            <line number="126" hits="1" branch="false" />
            <line number="127" hits="1" branch="false" />
            <line number="128" hits="1" branch="false" />
            <line number="130" hits="1" branch="false" />
            <line number="132" hits="1" branch="false" />
            <line number="134" hits="9" branch="false" />
            <line number="135" hits="3" branch="false" />
            <line number="136" hits="3" branch="true" condition-coverage="100% (2/2)" />
            <line number="137" hits="1" branch="false" />
            <line number="138" hits="1" branch="false" />
            <line number="139" hits="1" branch="false" />
            <line number="140" hits="2" branch="true" condition-coverage="100% (2/2)" />
            <line number="141" hits="1" branch="false" />
            <line number="142" hits="1" branch="false" />
            <line number="143" hits="1" branch="false" />
            <line number="144" hits="1" branch="true" condition-coverage="50% (1/2)" />
            <line number="145" hits="1" branch="false" />
            <line number="146" hits="1" branch="false" />
            <line number="147" hits="1" branch="false" />
            <line number="149" hits="0" branch="false" />
            <line number="150" hits="0" branch="false" />
            <line number="151" hits="0" branch="false" />
            <line number="152" hits="3" branch="false" />
            <line number="153" hits="1" branch="false" />
            <line number="157" hits="1" branch="false" />
            <line number="158" hits="1" branch="false" />
            <line number="159" hits="1" branch="false" />
            <line number="160" hits="1" branch="false" />
            <line number="162" hits="1" branch="false" />
            <line number="163" hits="1" branch="false" />
            <line number="164" hits="1" branch="false" />
            <line number="166" hits="1" branch="false" />
            <line number="167" hits="1" branch="false" />
            <line number="168" hits="1" branch="false" />
            <line number="169" hits="1" branch="false" />
            <line number="170" hits="1" branch="false" />
            <line number="172" hits="1" branch="false" />
            <line number="174" hits="1" branch="false" />
            <line number="176" hits="9" branch="false" />
            <line number="177" hits="3" branch="false" />
            <line number="178" hits="3" branch="true" condition-coverage="100% (2/2)" />
            <line number="179" hits="1" branch="false" />
            <line number="180" hits="1" branch="false" />
            <line number="181" hits="1" branch="false" />
            <line number="182" hits="2" branch="true" condition-coverage="100% (2/2)" />
            <line number="183" hits="1" branch="false" />
            <line number="184" hits="1" branch="false" />
            <line number="185" hits="1" branch="false" />
            <line number="186" hits="1" branch="true" condition-coverage="50% (1/2)" />
            <line number="187" hits="1" branch="false" />
            <line number="188" hits="1" branch="false" />
            <line number="189" hits="1" branch="false" />
            <line number="191" hits="0" branch="false" />
            <line number="192" hits="0" branch="false" />
            <line number="193" hits="0" branch="false" />
            <line number="194" hits="3" branch="false" />
            <line number="195" hits="1" branch="false" />
            <line number="199" hits="1" branch="false" />
            <line number="200" hits="1" branch="false" />
            <line number="201" hits="1" branch="false" />
            <line number="203" hits="3" branch="false" />
            <line number="204" hits="0" branch="false" />
            <line number="205" hits="0" branch="false" />
            <line number="206" hits="0" branch="false" />
            <line number="207" hits="1" branch="false" />
            <line number="211" hits="1" branch="false" />
            <line number="212" hits="1" branch="false" />
            <line number="213" hits="11" branch="false" />
            <line number="215" hits="3" branch="false" />
            <line number="216" hits="0" branch="false" />
            <line number="217" hits="0" branch="false" />
            <line number="218" hits="0" branch="false" />
            <line number="219" hits="1" branch="false" />
            <line number="223" hits="1" branch="false" />
            <line number="224" hits="1" branch="false" />
            <line number="226" hits="1" branch="false" />
            <line number="227" hits="1" branch="false" />
            <line number="231" hits="1" branch="false" />
            <line number="232" hits="11" branch="false" />
            <line number="234" hits="1" branch="false" />
            <line number="235" hits="1" branch="false" />
            <line number="239" hits="1" branch="false" />
            <line number="240" hits="1" branch="false" />
            <line number="242" hits="1" branch="false" />
            <line number="243" hits="23" branch="false" />
            <line number="244" hits="10" branch="false" />
            <line number="245" hits="10" branch="true" condition-coverage="100% (2/2)" />
            <line number="246" hits="9" branch="false" />
            <line number="247" hits="9" branch="false" />
            <line number="248" hits="9" branch="false" />
            <line number="249" hits="10" branch="false" />
            <line number="250" hits="10" branch="false" />
            <line number="251" hits="1" branch="false" />
            <line number="255" hits="1" branch="false" />
            <line number="256" hits="11" branch="false" />
            <line number="258" hits="1" branch="false" />
            <line number="259" hits="23" branch="false" />
            <line number="260" hits="10" branch="false" />
            <line number="261" hits="10" branch="false" />
            <line number="262" hits="9" branch="false" />
            <line number="263" hits="9" branch="false" />
            <line number="264" hits="9" branch="false" />
            <line number="265" hits="10" branch="false" />
            <line number="266" hits="10" branch="false" />
            <line number="267" hits="1" branch="false" />
          </lines>
        </class>
      </classes>
    </package>
  </packages>
</coverage>