<?xml version="1.0" encoding="utf-8"?>
<CoverageSession xmlns:xsd="http://www.w3.org/2001/XMLSchema" xmlns:xsi="http://www.w3.org/2001/XMLSchema-instance" Version="4.7.1221.0">
  <Summary numSequencePoints="1500" visitedSequencePoints="410" numBranchPoints="395" visitedBranchPoints="125" sequenceCoverage="27.33" branchCoverage="31.65" maxCyclomaticComplexity="56" minCyclomaticComplexity="0" maxCrapScore="3192" minCrapScore="0" visitedClasses="17" numClasses="31" visitedMethods="100" numMethods="203" />
  <Modules>
    <Module hash="30-5B-21-3E-34-56-4E-9B-E4-CA-BB-2D-A3-63-F1-A7-DF-00-28-92">
      <Summary numSequencePoints="203" visitedSequencePoints="181" numBranchPoints="36" visitedBranchPoints="34" sequenceCoverage="89.16" branchCoverage="94.44" maxCyclomaticComplexity="6" minCyclomaticComplexity="1" maxCrapScore="6.03" minCrapScore="1" visitedClasses="5" numClasses="5" visitedMethods="22" numMethods="22" />
      <ModulePath>C:\4 semestr\OOP_labs\TestLab14\bin\Debug\fine-code-coverage\build-output\TestLab14.dll</ModulePath>
      <ModuleTime>2025-03-20T18:19:58.1457788Z</ModuleTime>
      <ModuleName>TestLab14</ModuleName>
      <Files>
        <File uid="1" fullPath="C:\4 semestr\OOP_labs\TestLab14\UnitTest1.cs" />
      </Files>
      <Classes>
        <Class>
          <Summary numSequencePoints="198" visitedSequencePoints="176" numBranchPoints="31" visitedBranchPoints="29" sequenceCoverage="88.89" branchCoverage="93.55" maxCyclomaticComplexity="6" minCyclomaticComplexity="1" maxCrapScore="6.03" minCrapScore="1" visitedClasses="1" numClasses="1" visitedMethods="17" numMethods="17" />
          <FullName>TestLab14.QueryTests</FullName>
          <Methods>
            <Method visited="true" cyclomaticComplexity="2" nPathComplexity="0" sequenceCoverage="100" branchCoverage="100" crapScore="2" isConstructor="false" isStatic="false" isGetter="false" isSetter="false">
              <Summary numSequencePoints="12" visitedSequencePoints="12" numBranchPoints="1" visitedBranchPoints="1" sequenceCoverage="100" branchCoverage="100" maxCyclomaticComplexity="2" minCyclomaticComplexity="2" maxCrapScore="2" minCrapScore="2" visitedClasses="0" numClasses="0" visitedMethods="1" numMethods="1" />
              <MetadataToken>100663297</MetadataToken>
              <Name>System.Void TestLab14.QueryTests::Initialize()</Name>
              <FileRef uid="1" />
              <SequencePoints>
                <SequencePoint vc="16" uspid="1" ordinal="0" offset="0" sl="19" sc="9" el="19" ec="10" bec="0" bev="0" fileid="1" />
                <SequencePoint vc="16" uspid="2" ordinal="1" offset="1" sl="20" sc="13" el="20" ec="55" bec="0" bev="0" fileid="1" />
                <SequencePoint vc="16" uspid="3" ordinal="2" offset="15" sl="21" sc="13" el="21" ec="45" bec="0" bev="0" fileid="1" />
                <SequencePoint vc="16" uspid="4" ordinal="3" offset="26" sl="23" sc="18" el="23" ec="27" bec="0" bev="0" fileid="1" />
                <SequencePoint vc="160" uspid="5" ordinal="4" offset="30" sl="24" sc="13" el="24" ec="14" bec="0" bev="0" fileid="1" />
                <SequencePoint vc="160" uspid="6" ordinal="5" offset="31" sl="25" sc="17" el="25" ec="55" bec="0" bev="0" fileid="1" />
                <SequencePoint vc="160" uspid="7" ordinal="6" offset="37" sl="26" sc="17" el="26" ec="32" bec="0" bev="0" fileid="1" />
                <SequencePoint vc="160" uspid="8" ordinal="7" offset="44" sl="27" sc="17" el="27" ec="31" bec="0" bev="0" fileid="1" />
                <SequencePoint vc="160" uspid="9" ordinal="8" offset="57" sl="28" sc="13" el="28" ec="14" bec="0" bev="0" fileid="1" />
                <SequencePoint vc="160" uspid="10" ordinal="9" offset="58" sl="23" sc="37" el="23" ec="40" bec="0" bev="0" fileid="1" />
                <SequencePoint vc="176" uspid="11" ordinal="10" offset="62" sl="23" sc="29" el="23" ec="35" bec="0" bev="0" fileid="1" />
                <SequencePoint vc="16" uspid="12" ordinal="11" offset="71" sl="29" sc="9" el="29" ec="10" bec="0" bev="0" fileid="1" />
              </SequencePoints>
              <BranchPoints />
              <MethodPoint xsi:type="SequencePoint" vc="16" uspid="1" ordinal="0" offset="0" sl="19" sc="9" el="19" ec="10" bec="0" bev="0" fileid="1" />
            </Method>
            <Method visited="true" cyclomaticComplexity="3" nPathComplexity="0" sequenceCoverage="100" branchCoverage="100" crapScore="3" isConstructor="false" isStatic="false" isGetter="false" isSetter="false">
              <Summary numSequencePoints="11" visitedSequencePoints="11" numBranchPoints="1" visitedBranchPoints="1" sequenceCoverage="100" branchCoverage="100" maxCyclomaticComplexity="3" minCyclomaticComplexity="3" maxCrapScore="3" minCrapScore="3" visitedClasses="0" numClasses="0" visitedMethods="1" numMethods="1" />
              <MetadataToken>100663298</MetadataToken>
              <Name>System.Void TestLab14.QueryTests::TestWhereLINQ()</Name>
              <FileRef uid="1" />
              <SequencePoints>
                <SequencePoint vc="1" uspid="13" ordinal="0" offset="0" sl="33" sc="9" el="33" ec="10" bec="0" bev="0" fileid="1" />
                <SequencePoint vc="1" uspid="14" ordinal="1" offset="1" sl="34" sc="13" el="34" ec="36" bec="0" bev="0" fileid="1" />
                <SequencePoint vc="1" uspid="15" ordinal="2" offset="4" sl="35" sc="13" el="35" ec="86" bec="0" bev="0" fileid="1" />
                <SequencePoint vc="1" uspid="16" ordinal="3" offset="22" sl="37" sc="13" el="37" ec="20" bec="0" bev="0" fileid="1" />
                <SequencePoint vc="1" uspid="17" ordinal="4" offset="23" sl="37" sc="32" el="37" ec="38" bec="0" bev="0" fileid="1" />
                <SequencePoint vc="49" uspid="18" ordinal="5" offset="32" sl="37" sc="21" el="37" ec="28" bec="0" bev="0" fileid="1" />
                <SequencePoint vc="49" uspid="19" ordinal="6" offset="39" sl="38" sc="13" el="38" ec="14" bec="0" bev="0" fileid="1" />
                <SequencePoint vc="49" uspid="20" ordinal="7" offset="40" sl="39" sc="17" el="39" ec="66" bec="0" bev="0" fileid="1" />
                <SequencePoint vc="49" uspid="21" ordinal="8" offset="55" sl="40" sc="13" el="40" ec="14" bec="0" bev="0" fileid="1" />
                <SequencePoint vc="50" uspid="22" ordinal="9" offset="56" sl="37" sc="29" el="37" ec="31" bec="0" bev="0" fileid="1" />
                <SequencePoint vc="1" uspid="23" ordinal="10" offset="77" sl="41" sc="9" el="41" ec="10" bec="0" bev="0" fileid="1" />
              </SequencePoints>
              <BranchPoints />
              <MethodPoint xsi:type="SequencePoint" vc="1" uspid="13" ordinal="0" offset="0" sl="33" sc="9" el="33" ec="10" bec="0" bev="0" fileid="1" />
            </Method>
            <Method visited="true" cyclomaticComplexity="3" nPathComplexity="0" sequenceCoverage="100" branchCoverage="100" crapScore="3" isConstructor="false" isStatic="false" isGetter="false" isSetter="false">
              <Summary numSequencePoints="11" visitedSequencePoints="11" numBranchPoints="1" visitedBranchPoints="1" sequenceCoverage="100" branchCoverage="100" maxCyclomaticComplexity="3" minCyclomaticComplexity="3" maxCrapScore="3" minCrapScore="3" visitedClasses="0" numClasses="0" visitedMethods="1" numMethods="1" />
              <MetadataToken>100663299</MetadataToken>
              <Name>System.Void TestLab14.QueryTests::TestWhereExtension()</Name>
              <FileRef uid="1" />
              <SequencePoints>
                <SequencePoint vc="1" uspid="24" ordinal="0" offset="6" sl="45" sc="9" el="45" ec="10" bec="0" bev="0" fileid="1" />
                <SequencePoint vc="1" uspid="25" ordinal="1" offset="7" sl="46" sc="13" el="46" ec="36" bec="0" bev="0" fileid="1" />
                <SequencePoint vc="1" uspid="26" ordinal="2" offset="15" sl="47" sc="13" el="47" ec="111" bec="0" bev="0" fileid="1" />
                <SequencePoint vc="1" uspid="27" ordinal="3" offset="44" sl="49" sc="13" el="49" ec="20" bec="0" bev="0" fileid="1" />
                <SequencePoint vc="1" uspid="28" ordinal="4" offset="45" sl="49" sc="33" el="49" ec="39" bec="0" bev="0" fileid="1" />
                <SequencePoint vc="50" uspid="29" ordinal="5" offset="54" sl="49" sc="22" el="49" ec="29" bec="0" bev="0" fileid="1" />
                <SequencePoint vc="50" uspid="30" ordinal="6" offset="61" sl="50" sc="13" el="50" ec="14" bec="0" bev="0" fileid="1" />
                <SequencePoint vc="50" uspid="31" ordinal="7" offset="62" sl="51" sc="17" el="51" ec="66" bec="0" bev="0" fileid="1" />
                <SequencePoint vc="50" uspid="32" ordinal="8" offset="82" sl="52" sc="13" el="52" ec="14" bec="0" bev="0" fileid="1" />
                <SequencePoint vc="51" uspid="33" ordinal="9" offset="83" sl="49" sc="30" el="49" ec="32" bec="0" bev="0" fileid="1" />
                <SequencePoint vc="1" uspid="34" ordinal="10" offset="104" sl="53" sc="9" el="53" ec="10" bec="0" bev="0" fileid="1" />
              </SequencePoints>
              <BranchPoints />
              <MethodPoint vc="1" uspid="35" ordinal="0" offset="0" />
            </Method>
            <Method visited="true" cyclomaticComplexity="1" nPathComplexity="0" sequenceCoverage="100" branchCoverage="100" crapScore="1" isConstructor="false" isStatic="false" isGetter="false" isSetter="false">
              <Summary numSequencePoints="5" visitedSequencePoints="5" numBranchPoints="1" visitedBranchPoints="1" sequenceCoverage="100" branchCoverage="100" maxCyclomaticComplexity="1" minCyclomaticComplexity="1" maxCrapScore="1" minCrapScore="1" visitedClasses="0" numClasses="0" visitedMethods="1" numMethods="1" />
              <MetadataToken>100663300</MetadataToken>
              <Name>System.Void TestLab14.QueryTests::TestCountLINQ()</Name>
              <FileRef uid="1" />
              <SequencePoints>
                <SequencePoint vc="1" uspid="36" ordinal="0" offset="0" sl="57" sc="9" el="57" ec="10" bec="0" bev="0" fileid="1" />
                <SequencePoint vc="1" uspid="37" ordinal="1" offset="1" sl="58" sc="13" el="58" ec="36" bec="0" bev="0" fileid="1" />
                <SequencePoint vc="1" uspid="38" ordinal="2" offset="4" sl="59" sc="13" el="59" ec="86" bec="0" bev="0" fileid="1" />
                <SequencePoint vc="1" uspid="39" ordinal="3" offset="22" sl="61" sc="13" el="61" ec="40" bec="0" bev="0" fileid="1" />
                <SequencePoint vc="1" uspid="40" ordinal="4" offset="35" sl="62" sc="9" el="62" ec="10" bec="0" bev="0" fileid="1" />
              </SequencePoints>
              <BranchPoints />
              <MethodPoint xsi:type="SequencePoint" vc="1" uspid="36" ordinal="0" offset="0" sl="57" sc="9" el="57" ec="10" bec="0" bev="0" fileid="1" />
            </Method>
            <Method visited="true" cyclomaticComplexity="1" nPathComplexity="0" sequenceCoverage="100" branchCoverage="100" crapScore="1" isConstructor="false" isStatic="false" isGetter="false" isSetter="false">
              <Summary numSequencePoints="5" visitedSequencePoints="5" numBranchPoints="1" visitedBranchPoints="1" sequenceCoverage="100" branchCoverage="100" maxCyclomaticComplexity="1" minCyclomaticComplexity="1" maxCrapScore="1" minCrapScore="1" visitedClasses="0" numClasses="0" visitedMethods="1" numMethods="1" />
              <MetadataToken>100663301</MetadataToken>
              <Name>System.Void TestLab14.QueryTests::TestCountExtension()</Name>
              <FileRef uid="1" />
              <SequencePoints>
                <SequencePoint vc="1" uspid="41" ordinal="0" offset="6" sl="66" sc="9" el="66" ec="10" bec="0" bev="0" fileid="1" />
                <SequencePoint vc="1" uspid="42" ordinal="1" offset="7" sl="67" sc="13" el="67" ec="36" bec="0" bev="0" fileid="1" />
                <SequencePoint vc="1" uspid="43" ordinal="2" offset="15" sl="68" sc="13" el="68" ec="112" bec="0" bev="0" fileid="1" />
                <SequencePoint vc="1" uspid="44" ordinal="3" offset="44" sl="70" sc="13" el="70" ec="40" bec="0" bev="0" fileid="1" />
                <SequencePoint vc="1" uspid="45" ordinal="4" offset="57" sl="71" sc="9" el="71" ec="10" bec="0" bev="0" fileid="1" />
              </SequencePoints>
              <BranchPoints />
              <MethodPoint vc="1" uspid="46" ordinal="0" offset="0" />
            </Method>
            <Method visited="true" cyclomaticComplexity="3" nPathComplexity="0" sequenceCoverage="63.64" branchCoverage="100" crapScore="3.43" isConstructor="false" isStatic="false" isGetter="false" isSetter="false">
              <Summary numSequencePoints="11" visitedSequencePoints="7" numBranchPoints="1" visitedBranchPoints="1" sequenceCoverage="63.64" branchCoverage="100" maxCyclomaticComplexity="3" minCyclomaticComplexity="3" maxCrapScore="3.43" minCrapScore="3.43" visitedClasses="0" numClasses="0" visitedMethods="1" numMethods="1" />
              <MetadataToken>100663302</MetadataToken>
              <Name>System.Void TestLab14.QueryTests::TestUnionLINQ()</Name>
              <FileRef uid="1" />
              <SequencePoints>
                <SequencePoint vc="1" uspid="47" ordinal="0" offset="0" sl="75" sc="9" el="75" ec="10" bec="0" bev="0" fileid="1" />
                <SequencePoint vc="1" uspid="48" ordinal="1" offset="1" sl="76" sc="13" el="76" ec="38" bec="0" bev="0" fileid="1" />
                <SequencePoint vc="1" uspid="49" ordinal="2" offset="7" sl="77" sc="13" el="77" ec="109" bec="0" bev="0" fileid="1" />
                <SequencePoint vc="1" uspid="50" ordinal="3" offset="36" sl="79" sc="13" el="79" ec="20" bec="0" bev="0" fileid="1" />
                <SequencePoint vc="1" uspid="51" ordinal="4" offset="37" sl="79" sc="32" el="79" ec="38" bec="0" bev="0" fileid="1" />
                <SequencePoint vc="0" uspid="52" ordinal="5" offset="46" sl="79" sc="21" el="79" ec="28" bec="0" bev="0" fileid="1" />
                <SequencePoint vc="0" uspid="53" ordinal="6" offset="53" sl="80" sc="13" el="80" ec="14" bec="0" bev="0" fileid="1" />
                <SequencePoint vc="0" uspid="54" ordinal="7" offset="54" sl="81" sc="17" el="81" ec="59" bec="0" bev="0" fileid="1" />
                <SequencePoint vc="0" uspid="55" ordinal="8" offset="72" sl="82" sc="13" el="82" ec="14" bec="0" bev="0" fileid="1" />
                <SequencePoint vc="1" uspid="56" ordinal="9" offset="73" sl="79" sc="29" el="79" ec="31" bec="0" bev="0" fileid="1" />
                <SequencePoint vc="1" uspid="57" ordinal="10" offset="94" sl="83" sc="9" el="83" ec="10" bec="0" bev="0" fileid="1" />
              </SequencePoints>
              <BranchPoints />
              <MethodPoint xsi:type="SequencePoint" vc="1" uspid="47" ordinal="0" offset="0" sl="75" sc="9" el="75" ec="10" bec="0" bev="0" fileid="1" />
            </Method>
            <Method visited="true" cyclomaticComplexity="3" nPathComplexity="0" sequenceCoverage="63.64" branchCoverage="100" crapScore="3.43" isConstructor="false" isStatic="false" isGetter="false" isSetter="false">
              <Summary numSequencePoints="11" visitedSequencePoints="7" numBranchPoints="1" visitedBranchPoints="1" sequenceCoverage="63.64" branchCoverage="100" maxCyclomaticComplexity="3" minCyclomaticComplexity="3" maxCrapScore="3.43" minCrapScore="3.43" visitedClasses="0" numClasses="0" visitedMethods="1" numMethods="1" />
              <MetadataToken>100663303</MetadataToken>
              <Name>System.Void TestLab14.QueryTests::TestUnionExtension()</Name>
              <FileRef uid="1" />
              <SequencePoints>
                <SequencePoint vc="1" uspid="58" ordinal="0" offset="0" sl="87" sc="9" el="87" ec="10" bec="0" bev="0" fileid="1" />
                <SequencePoint vc="1" uspid="59" ordinal="1" offset="1" sl="88" sc="13" el="88" ec="38" bec="0" bev="0" fileid="1" />
                <SequencePoint vc="1" uspid="60" ordinal="2" offset="7" sl="89" sc="13" el="89" ec="107" bec="0" bev="0" fileid="1" />
                <SequencePoint vc="1" uspid="61" ordinal="3" offset="36" sl="91" sc="13" el="91" ec="20" bec="0" bev="0" fileid="1" />
                <SequencePoint vc="1" uspid="62" ordinal="4" offset="37" sl="91" sc="33" el="91" ec="39" bec="0" bev="0" fileid="1" />
                <SequencePoint vc="0" uspid="63" ordinal="5" offset="46" sl="91" sc="22" el="91" ec="29" bec="0" bev="0" fileid="1" />
                <SequencePoint vc="0" uspid="64" ordinal="6" offset="53" sl="92" sc="13" el="92" ec="14" bec="0" bev="0" fileid="1" />
                <SequencePoint vc="0" uspid="65" ordinal="7" offset="54" sl="93" sc="17" el="93" ec="59" bec="0" bev="0" fileid="1" />
                <SequencePoint vc="0" uspid="66" ordinal="8" offset="72" sl="94" sc="13" el="94" ec="14" bec="0" bev="0" fileid="1" />
                <SequencePoint vc="1" uspid="67" ordinal="9" offset="73" sl="91" sc="30" el="91" ec="32" bec="0" bev="0" fileid="1" />
                <SequencePoint vc="1" uspid="68" ordinal="10" offset="94" sl="95" sc="9" el="95" ec="10" bec="0" bev="0" fileid="1" />
              </SequencePoints>
              <BranchPoints />
              <MethodPoint xsi:type="SequencePoint" vc="1" uspid="58" ordinal="0" offset="0" sl="87" sc="9" el="87" ec="10" bec="0" bev="0" fileid="1" />
            </Method>
            <Method visited="true" cyclomaticComplexity="1" nPathComplexity="0" sequenceCoverage="100" branchCoverage="100" crapScore="1" isConstructor="false" isStatic="false" isGetter="false" isSetter="false">
              <Summary numSequencePoints="4" visitedSequencePoints="4" numBranchPoints="1" visitedBranchPoints="1" sequenceCoverage="100" branchCoverage="100" maxCyclomaticComplexity="1" minCyclomaticComplexity="1" maxCrapScore="1" minCrapScore="1" visitedClasses="0" numClasses="0" visitedMethods="1" numMethods="1" />
              <MetadataToken>100663304</MetadataToken>
              <Name>System.Void TestLab14.QueryTests::TestAverageLINQ()</Name>
              <FileRef uid="1" />
              <SequencePoints>
                <SequencePoint vc="1" uspid="69" ordinal="0" offset="0" sl="99" sc="9" el="99" ec="10" bec="0" bev="0" fileid="1" />
                <SequencePoint vc="1" uspid="70" ordinal="1" offset="1" sl="100" sc="13" el="100" ec="73" bec="0" bev="0" fileid="1" />
                <SequencePoint vc="1" uspid="71" ordinal="2" offset="18" sl="102" sc="13" el="102" ec="40" bec="0" bev="0" fileid="1" />
                <SequencePoint vc="1" uspid="72" ordinal="3" offset="31" sl="103" sc="9" el="103" ec="10" bec="0" bev="0" fileid="1" />
              </SequencePoints>
              <BranchPoints />
              <MethodPoint xsi:type="SequencePoint" vc="1" uspid="69" ordinal="0" offset="0" sl="99" sc="9" el="99" ec="10" bec="0" bev="0" fileid="1" />
            </Method>
            <Method visited="true" cyclomaticComplexity="1" nPathComplexity="0" sequenceCoverage="100" branchCoverage="100" crapScore="1" isConstructor="false" isStatic="false" isGetter="false" isSetter="false">
              <Summary numSequencePoints="4" visitedSequencePoints="4" numBranchPoints="1" visitedBranchPoints="1" sequenceCoverage="100" branchCoverage="100" maxCyclomaticComplexity="1" minCyclomaticComplexity="1" maxCrapScore="1" minCrapScore="1" visitedClasses="0" numClasses="0" visitedMethods="1" numMethods="1" />
              <MetadataToken>100663305</MetadataToken>
              <Name>System.Void TestLab14.QueryTests::TestAverageExtension()</Name>
              <FileRef uid="1" />
              <SequencePoints>
                <SequencePoint vc="1" uspid="73" ordinal="0" offset="0" sl="107" sc="9" el="107" ec="10" bec="0" bev="0" fileid="1" />
                <SequencePoint vc="1" uspid="74" ordinal="1" offset="1" sl="108" sc="13" el="108" ec="73" bec="0" bev="0" fileid="1" />
                <SequencePoint vc="1" uspid="75" ordinal="2" offset="18" sl="110" sc="13" el="110" ec="40" bec="0" bev="0" fileid="1" />
                <SequencePoint vc="1" uspid="76" ordinal="3" offset="31" sl="111" sc="9" el="111" ec="10" bec="0" bev="0" fileid="1" />
              </SequencePoints>
              <BranchPoints />
              <MethodPoint xsi:type="SequencePoint" vc="1" uspid="73" ordinal="0" offset="0" sl="107" sc="9" el="107" ec="10" bec="0" bev="0" fileid="1" />
            </Method>
            <Method visited="true" cyclomaticComplexity="6" nPathComplexity="8" sequenceCoverage="90.62" branchCoverage="85.71" crapScore="6.03" isConstructor="false" isStatic="false" isGetter="false" isSetter="false">
              <Summary numSequencePoints="32" visitedSequencePoints="29" numBranchPoints="7" visitedBranchPoints="6" sequenceCoverage="90.62" branchCoverage="85.71" maxCyclomaticComplexity="6" minCyclomaticComplexity="6" maxCrapScore="6.03" minCrapScore="6.03" visitedClasses="0" numClasses="0" visitedMethods="1" numMethods="1" />
              <MetadataToken>100663306</MetadataToken>
              <Name>System.Void TestLab14.QueryTests::TestGroupLINQ()</Name>
              <FileRef uid="1" />
              <SequencePoints>
                <SequencePoint vc="1" uspid="77" ordinal="0" offset="0" sl="115" sc="9" el="115" ec="10" bec="0" bev="0" fileid="1" />
                <SequencePoint vc="1" uspid="78" ordinal="1" offset="1" sl="116" sc="13" el="116" ec="52" bec="0" bev="0" fileid="1" />
                <SequencePoint vc="1" uspid="79" ordinal="2" offset="7" sl="117" sc="13" el="117" ec="85" bec="0" bev="0" fileid="1" />
                <SequencePoint vc="1" uspid="80" ordinal="3" offset="40" sl="118" sc="13" el="118" ec="85" bec="0" bev="0" fileid="1" />
                <SequencePoint vc="1" uspid="81" ordinal="4" offset="73" sl="120" sc="13" el="120" ec="52" bec="0" bev="0" fileid="1" />
                <SequencePoint vc="1" uspid="82" ordinal="5" offset="79" sl="121" sc="13" el="121" ec="85" bec="0" bev="0" fileid="1" />
                <SequencePoint vc="1" uspid="83" ordinal="6" offset="112" sl="122" sc="13" el="122" ec="85" bec="0" bev="0" fileid="1" />
                <SequencePoint vc="1" uspid="84" ordinal="7" offset="145" sl="124" sc="13" el="128" ec="19" bec="0" bev="0" fileid="1" />
                <SequencePoint vc="1" uspid="85" ordinal="8" offset="169" sl="130" sc="13" el="130" ec="60" bec="0" bev="0" fileid="1" />
                <SequencePoint vc="1" uspid="86" ordinal="9" offset="176" sl="132" sc="13" el="132" ec="48" bec="0" bev="0" fileid="1" />
                <SequencePoint vc="1" uspid="87" ordinal="10" offset="189" sl="134" sc="13" el="134" ec="20" bec="0" bev="0" fileid="1" />
                <SequencePoint vc="1" uspid="88" ordinal="11" offset="190" sl="134" sc="35" el="134" ec="41" bec="0" bev="0" fileid="1" />
                <SequencePoint vc="3" uspid="89" ordinal="12" offset="203" sl="134" sc="22" el="134" ec="31" bec="0" bev="0" fileid="1" />
                <SequencePoint vc="3" uspid="90" ordinal="13" offset="212" sl="135" sc="13" el="135" ec="14" bec="0" bev="0" fileid="1" />
                <SequencePoint vc="3" uspid="91" ordinal="14" offset="213" sl="136" sc="17" el="136" ec="42" bec="2" bev="2" fileid="1" />
                <SequencePoint vc="1" uspid="92" ordinal="15" offset="236" sl="137" sc="17" el="137" ec="18" bec="0" bev="0" fileid="1" />
                <SequencePoint vc="1" uspid="93" ordinal="16" offset="237" sl="138" sc="21" el="138" ec="55" bec="0" bev="0" fileid="1" />
                <SequencePoint vc="1" uspid="94" ordinal="17" offset="251" sl="139" sc="17" el="139" ec="18" bec="0" bev="0" fileid="1" />
                <SequencePoint vc="2" uspid="95" ordinal="18" offset="254" sl="140" sc="22" el="140" ec="47" bec="2" bev="2" fileid="1" />
                <SequencePoint vc="1" uspid="96" ordinal="19" offset="277" sl="141" sc="17" el="141" ec="18" bec="0" bev="0" fileid="1" />
                <SequencePoint vc="1" uspid="97" ordinal="20" offset="278" sl="142" sc="21" el="142" ec="55" bec="0" bev="0" fileid="1" />
                <SequencePoint vc="1" uspid="98" ordinal="21" offset="292" sl="143" sc="17" el="143" ec="18" bec="0" bev="0" fileid="1" />
                <SequencePoint vc="1" uspid="99" ordinal="22" offset="295" sl="144" sc="22" el="144" ec="47" bec="2" bev="1" fileid="1" />
                <SequencePoint vc="1" uspid="100" ordinal="23" offset="318" sl="145" sc="17" el="145" ec="18" bec="0" bev="0" fileid="1" />
                <SequencePoint vc="1" uspid="101" ordinal="24" offset="319" sl="146" sc="21" el="146" ec="55" bec="0" bev="0" fileid="1" />
                <SequencePoint vc="1" uspid="102" ordinal="25" offset="333" sl="147" sc="17" el="147" ec="18" bec="0" bev="0" fileid="1" />
                <SequencePoint vc="0" uspid="103" ordinal="26" offset="336" sl="149" sc="17" el="149" ec="18" bec="0" bev="0" fileid="1" />
                <SequencePoint vc="0" uspid="104" ordinal="27" offset="337" sl="150" sc="21" el="150" ec="73" bec="0" bev="0" fileid="1" />
                <SequencePoint vc="0" uspid="105" ordinal="28" offset="360" sl="151" sc="17" el="151" ec="18" bec="0" bev="0" fileid="1" />
                <SequencePoint vc="3" uspid="106" ordinal="29" offset="361" sl="152" sc="13" el="152" ec="14" bec="0" bev="0" fileid="1" />
                <SequencePoint vc="4" uspid="107" ordinal="30" offset="362" sl="134" sc="32" el="134" ec="34" bec="0" bev="0" fileid="1" />
                <SequencePoint vc="1" uspid="108" ordinal="31" offset="389" sl="153" sc="9" el="153" ec="10" bec="0" bev="0" fileid="1" />
              </SequencePoints>
              <BranchPoints>
                <BranchPoint vc="1" uspid="109" ordinal="0" offset="234" sl="136" path="0" offsetend="236" fileid="1" />
                <BranchPoint vc="2" uspid="110" ordinal="1" offset="234" sl="136" path="1" offsetend="254" fileid="1" />
                <BranchPoint vc="1" uspid="111" ordinal="2" offset="275" sl="140" path="0" offsetend="277" fileid="1" />
                <BranchPoint vc="1" uspid="112" ordinal="3" offset="275" sl="140" path="1" offsetend="295" fileid="1" />
                <BranchPoint vc="1" uspid="113" ordinal="4" offset="316" sl="144" path="0" offsetend="318" fileid="1" />
                <BranchPoint vc="0" uspid="114" ordinal="5" offset="316" sl="144" path="1" offsetend="336" fileid="1" />
              </BranchPoints>
              <MethodPoint xsi:type="SequencePoint" vc="1" uspid="77" ordinal="0" offset="0" sl="115" sc="9" el="115" ec="10" bec="0" bev="0" fileid="1" />
            </Method>
            <Method visited="true" cyclomaticComplexity="6" nPathComplexity="8" sequenceCoverage="90.62" branchCoverage="85.71" crapScore="6.03" isConstructor="false" isStatic="false" isGetter="false" isSetter="false">
              <Summary numSequencePoints="32" visitedSequencePoints="29" numBranchPoints="7" visitedBranchPoints="6" sequenceCoverage="90.62" branchCoverage="85.71" maxCyclomaticComplexity="6" minCyclomaticComplexity="6" maxCrapScore="6.03" minCrapScore="6.03" visitedClasses="0" numClasses="0" visitedMethods="1" numMethods="1" />
              <MetadataToken>100663307</MetadataToken>
              <Name>System.Void TestLab14.QueryTests::TestGroupExtension()</Name>
              <FileRef uid="1" />
              <SequencePoints>
                <SequencePoint vc="1" uspid="117" ordinal="0" offset="0" sl="157" sc="9" el="157" ec="10" bec="0" bev="0" fileid="1" />
                <SequencePoint vc="1" uspid="118" ordinal="1" offset="1" sl="158" sc="13" el="158" ec="52" bec="0" bev="0" fileid="1" />
                <SequencePoint vc="1" uspid="119" ordinal="2" offset="7" sl="159" sc="13" el="159" ec="85" bec="0" bev="0" fileid="1" />
                <SequencePoint vc="1" uspid="120" ordinal="3" offset="40" sl="160" sc="13" el="160" ec="85" bec="0" bev="0" fileid="1" />
                <SequencePoint vc="1" uspid="121" ordinal="4" offset="73" sl="162" sc="13" el="162" ec="52" bec="0" bev="0" fileid="1" />
                <SequencePoint vc="1" uspid="122" ordinal="5" offset="79" sl="163" sc="13" el="163" ec="85" bec="0" bev="0" fileid="1" />
                <SequencePoint vc="1" uspid="123" ordinal="6" offset="112" sl="164" sc="13" el="164" ec="85" bec="0" bev="0" fileid="1" />
                <SequencePoint vc="1" uspid="124" ordinal="7" offset="145" sl="166" sc="13" el="170" ec="19" bec="0" bev="0" fileid="1" />
                <SequencePoint vc="1" uspid="125" ordinal="8" offset="169" sl="172" sc="13" el="172" ec="60" bec="0" bev="0" fileid="1" />
                <SequencePoint vc="1" uspid="126" ordinal="9" offset="176" sl="174" sc="13" el="174" ec="48" bec="0" bev="0" fileid="1" />
                <SequencePoint vc="1" uspid="127" ordinal="10" offset="189" sl="176" sc="13" el="176" ec="20" bec="0" bev="0" fileid="1" />
                <SequencePoint vc="1" uspid="128" ordinal="11" offset="190" sl="176" sc="35" el="176" ec="41" bec="0" bev="0" fileid="1" />
                <SequencePoint vc="3" uspid="129" ordinal="12" offset="203" sl="176" sc="22" el="176" ec="31" bec="0" bev="0" fileid="1" />
                <SequencePoint vc="3" uspid="130" ordinal="13" offset="212" sl="177" sc="13" el="177" ec="14" bec="0" bev="0" fileid="1" />
                <SequencePoint vc="3" uspid="131" ordinal="14" offset="213" sl="178" sc="17" el="178" ec="42" bec="2" bev="2" fileid="1" />
                <SequencePoint vc="1" uspid="132" ordinal="15" offset="236" sl="179" sc="17" el="179" ec="18" bec="0" bev="0" fileid="1" />
                <SequencePoint vc="1" uspid="133" ordinal="16" offset="237" sl="180" sc="21" el="180" ec="55" bec="0" bev="0" fileid="1" />
                <SequencePoint vc="1" uspid="134" ordinal="17" offset="251" sl="181" sc="17" el="181" ec="18" bec="0" bev="0" fileid="1" />
                <SequencePoint vc="2" uspid="135" ordinal="18" offset="254" sl="182" sc="22" el="182" ec="47" bec="2" bev="2" fileid="1" />
                <SequencePoint vc="1" uspid="136" ordinal="19" offset="277" sl="183" sc="17" el="183" ec="18" bec="0" bev="0" fileid="1" />
                <SequencePoint vc="1" uspid="137" ordinal="20" offset="278" sl="184" sc="21" el="184" ec="55" bec="0" bev="0" fileid="1" />
                <SequencePoint vc="1" uspid="138" ordinal="21" offset="292" sl="185" sc="17" el="185" ec="18" bec="0" bev="0" fileid="1" />
                <SequencePoint vc="1" uspid="139" ordinal="22" offset="295" sl="186" sc="22" el="186" ec="47" bec="2" bev="1" fileid="1" />
                <SequencePoint vc="1" uspid="140" ordinal="23" offset="318" sl="187" sc="17" el="187" ec="18" bec="0" bev="0" fileid="1" />
                <SequencePoint vc="1" uspid="141" ordinal="24" offset="319" sl="188" sc="21" el="188" ec="55" bec="0" bev="0" fileid="1" />
                <SequencePoint vc="1" uspid="142" ordinal="25" offset="333" sl="189" sc="17" el="189" ec="18" bec="0" bev="0" fileid="1" />
                <SequencePoint vc="0" uspid="143" ordinal="26" offset="336" sl="191" sc="17" el="191" ec="18" bec="0" bev="0" fileid="1" />
                <SequencePoint vc="0" uspid="144" ordinal="27" offset="337" sl="192" sc="21" el="192" ec="73" bec="0" bev="0" fileid="1" />
                <SequencePoint vc="0" uspid="145" ordinal="28" offset="360" sl="193" sc="17" el="193" ec="18" bec="0" bev="0" fileid="1" />
                <SequencePoint vc="3" uspid="146" ordinal="29" offset="361" sl="194" sc="13" el="194" ec="14" bec="0" bev="0" fileid="1" />
                <SequencePoint vc="4" uspid="147" ordinal="30" offset="362" sl="176" sc="32" el="176" ec="34" bec="0" bev="0" fileid="1" />
                <SequencePoint vc="1" uspid="148" ordinal="31" offset="389" sl="195" sc="9" el="195" ec="10" bec="0" bev="0" fileid="1" />
              </SequencePoints>
              <BranchPoints>
                <BranchPoint vc="1" uspid="149" ordinal="0" offset="234" sl="178" path="0" offsetend="236" fileid="1" />
                <BranchPoint vc="2" uspid="150" ordinal="1" offset="234" sl="178" path="1" offsetend="254" fileid="1" />
                <BranchPoint vc="1" uspid="151" ordinal="2" offset="275" sl="182" path="0" offsetend="277" fileid="1" />
                <BranchPoint vc="1" uspid="152" ordinal="3" offset="275" sl="182" path="1" offsetend="295" fileid="1" />
                <BranchPoint vc="1" uspid="153" ordinal="4" offset="316" sl="186" path="0" offsetend="318" fileid="1" />
                <BranchPoint vc="0" uspid="154" ordinal="5" offset="316" sl="186" path="1" offsetend="336" fileid="1" />
              </BranchPoints>
              <MethodPoint xsi:type="SequencePoint" vc="1" uspid="117" ordinal="0" offset="0" sl="157" sc="9" el="157" ec="10" bec="0" bev="0" fileid="1" />
            </Method>
            <Method visited="true" cyclomaticComplexity="3" nPathComplexity="0" sequenceCoverage="63.64" branchCoverage="100" crapScore="3.43" isConstructor="false" isStatic="false" isGetter="false" isSetter="false">
              <Summary numSequencePoints="11" visitedSequencePoints="7" numBranchPoints="1" visitedBranchPoints="1" sequenceCoverage="63.64" branchCoverage="100" maxCyclomaticComplexity="3" minCyclomaticComplexity="3" maxCrapScore="3.43" minCrapScore="3.43" visitedClasses="0" numClasses="0" visitedMethods="1" numMethods="1" />
              <MetadataToken>100663308</MetadataToken>
              <Name>System.Void TestLab14.QueryTests::TestTreeSelectLINQ()</Name>
              <FileRef uid="1" />
              <SequencePoints>
                <SequencePoint vc="1" uspid="157" ordinal="0" offset="0" sl="199" sc="9" el="199" ec="10" bec="0" bev="0" fileid="1" />
                <SequencePoint vc="1" uspid="158" ordinal="1" offset="1" sl="200" sc="13" el="200" ec="35" bec="0" bev="0" fileid="1" />
                <SequencePoint vc="1" uspid="159" ordinal="2" offset="7" sl="201" sc="13" el="201" ec="59" bec="0" bev="0" fileid="1" />
                <SequencePoint vc="1" uspid="160" ordinal="3" offset="20" sl="203" sc="13" el="203" ec="20" bec="0" bev="0" fileid="1" />
                <SequencePoint vc="1" uspid="161" ordinal="4" offset="21" sl="203" sc="33" el="203" ec="39" bec="0" bev="0" fileid="1" />
                <SequencePoint vc="0" uspid="162" ordinal="5" offset="30" sl="203" sc="22" el="203" ec="29" bec="0" bev="0" fileid="1" />
                <SequencePoint vc="0" uspid="163" ordinal="6" offset="37" sl="204" sc="13" el="204" ec="14" bec="0" bev="0" fileid="1" />
                <SequencePoint vc="0" uspid="164" ordinal="7" offset="38" sl="205" sc="17" el="205" ec="56" bec="0" bev="0" fileid="1" />
                <SequencePoint vc="0" uspid="165" ordinal="8" offset="56" sl="206" sc="13" el="206" ec="14" bec="0" bev="0" fileid="1" />
                <SequencePoint vc="1" uspid="166" ordinal="9" offset="57" sl="203" sc="30" el="203" ec="32" bec="0" bev="0" fileid="1" />
                <SequencePoint vc="1" uspid="167" ordinal="10" offset="78" sl="207" sc="9" el="207" ec="10" bec="0" bev="0" fileid="1" />
              </SequencePoints>
              <BranchPoints />
              <MethodPoint xsi:type="SequencePoint" vc="1" uspid="157" ordinal="0" offset="0" sl="199" sc="9" el="199" ec="10" bec="0" bev="0" fileid="1" />
            </Method>
            <Method visited="true" cyclomaticComplexity="3" nPathComplexity="0" sequenceCoverage="63.64" branchCoverage="100" crapScore="3.43" isConstructor="false" isStatic="false" isGetter="false" isSetter="false">
              <Summary numSequencePoints="11" visitedSequencePoints="7" numBranchPoints="1" visitedBranchPoints="1" sequenceCoverage="63.64" branchCoverage="100" maxCyclomaticComplexity="3" minCyclomaticComplexity="3" maxCrapScore="3.43" minCrapScore="3.43" visitedClasses="0" numClasses="0" visitedMethods="1" numMethods="1" />
              <MetadataToken>100663309</MetadataToken>
              <Name>System.Void TestLab14.QueryTests::TestTreeSelectExtension()</Name>
              <FileRef uid="1" />
              <SequencePoints>
                <SequencePoint vc="1" uspid="168" ordinal="0" offset="6" sl="211" sc="9" el="211" ec="10" bec="0" bev="0" fileid="1" />
                <SequencePoint vc="1" uspid="169" ordinal="1" offset="7" sl="212" sc="13" el="212" ec="35" bec="0" bev="0" fileid="1" />
                <SequencePoint vc="1" uspid="170" ordinal="2" offset="18" sl="213" sc="13" el="213" ec="83" bec="0" bev="0" fileid="1" />
                <SequencePoint vc="1" uspid="171" ordinal="3" offset="42" sl="215" sc="13" el="215" ec="20" bec="0" bev="0" fileid="1" />
                <SequencePoint vc="1" uspid="172" ordinal="4" offset="43" sl="215" sc="33" el="215" ec="39" bec="0" bev="0" fileid="1" />
                <SequencePoint vc="0" uspid="173" ordinal="5" offset="52" sl="215" sc="22" el="215" ec="29" bec="0" bev="0" fileid="1" />
                <SequencePoint vc="0" uspid="174" ordinal="6" offset="59" sl="216" sc="13" el="216" ec="14" bec="0" bev="0" fileid="1" />
                <SequencePoint vc="0" uspid="175" ordinal="7" offset="60" sl="217" sc="17" el="217" ec="56" bec="0" bev="0" fileid="1" />
                <SequencePoint vc="0" uspid="176" ordinal="8" offset="83" sl="218" sc="13" el="218" ec="14" bec="0" bev="0" fileid="1" />
                <SequencePoint vc="1" uspid="177" ordinal="9" offset="84" sl="215" sc="30" el="215" ec="32" bec="0" bev="0" fileid="1" />
                <SequencePoint vc="1" uspid="178" ordinal="10" offset="105" sl="219" sc="9" el="219" ec="10" bec="0" bev="0" fileid="1" />
              </SequencePoints>
              <BranchPoints />
              <MethodPoint vc="1" uspid="179" ordinal="0" offset="0" />
            </Method>
            <Method visited="true" cyclomaticComplexity="1" nPathComplexity="0" sequenceCoverage="100" branchCoverage="100" crapScore="1" isConstructor="false" isStatic="false" isGetter="false" isSetter="false">
              <Summary numSequencePoints="4" visitedSequencePoints="4" numBranchPoints="1" visitedBranchPoints="1" sequenceCoverage="100" branchCoverage="100" maxCyclomaticComplexity="1" minCyclomaticComplexity="1" maxCrapScore="1" minCrapScore="1" visitedClasses="0" numClasses="0" visitedMethods="1" numMethods="1" />
              <MetadataToken>100663310</MetadataToken>
              <Name>System.Void TestLab14.QueryTests::TestTreeAgregateLINQ()</Name>
              <FileRef uid="1" />
              <SequencePoints>
                <SequencePoint vc="1" uspid="180" ordinal="0" offset="0" sl="223" sc="9" el="223" ec="10" bec="0" bev="0" fileid="1" />
                <SequencePoint vc="1" uspid="181" ordinal="1" offset="1" sl="224" sc="13" el="224" ec="50" bec="0" bev="0" fileid="1" />
                <SequencePoint vc="1" uspid="182" ordinal="2" offset="13" sl="226" sc="13" el="226" ec="40" bec="0" bev="0" fileid="1" />
                <SequencePoint vc="1" uspid="183" ordinal="3" offset="26" sl="227" sc="9" el="227" ec="10" bec="0" bev="0" fileid="1" />
              </SequencePoints>
              <BranchPoints />
              <MethodPoint xsi:type="SequencePoint" vc="1" uspid="180" ordinal="0" offset="0" sl="223" sc="9" el="223" ec="10" bec="0" bev="0" fileid="1" />
            </Method>
            <Method visited="true" cyclomaticComplexity="2" nPathComplexity="0" sequenceCoverage="100" branchCoverage="100" crapScore="2" isConstructor="false" isStatic="false" isGetter="false" isSetter="false">
              <Summary numSequencePoints="4" visitedSequencePoints="4" numBranchPoints="1" visitedBranchPoints="1" sequenceCoverage="100" branchCoverage="100" maxCyclomaticComplexity="2" minCyclomaticComplexity="2" maxCrapScore="2" minCrapScore="2" visitedClasses="0" numClasses="0" visitedMethods="1" numMethods="1" />
              <MetadataToken>100663311</MetadataToken>
              <Name>System.Void TestLab14.QueryTests::TestTreeAgregateExtension()</Name>
              <FileRef uid="1" />
              <SequencePoints>
                <SequencePoint vc="1" uspid="184" ordinal="0" offset="0" sl="231" sc="9" el="231" ec="10" bec="0" bev="0" fileid="1" />
                <SequencePoint vc="1" uspid="185" ordinal="1" offset="1" sl="232" sc="13" el="232" ec="79" bec="0" bev="0" fileid="1" />
                <SequencePoint vc="1" uspid="186" ordinal="2" offset="44" sl="234" sc="13" el="234" ec="38" bec="0" bev="0" fileid="1" />
                <SequencePoint vc="1" uspid="187" ordinal="3" offset="51" sl="235" sc="9" el="235" ec="10" bec="0" bev="0" fileid="1" />
              </SequencePoints>
              <BranchPoints />
              <MethodPoint xsi:type="SequencePoint" vc="1" uspid="184" ordinal="0" offset="0" sl="231" sc="9" el="231" ec="10" bec="0" bev="0" fileid="1" />
            </Method>
            <Method visited="true" cyclomaticComplexity="4" nPathComplexity="2" sequenceCoverage="100" branchCoverage="100" crapScore="4" isConstructor="false" isStatic="false" isGetter="false" isSetter="false">
              <Summary numSequencePoints="15" visitedSequencePoints="15" numBranchPoints="3" visitedBranchPoints="3" sequenceCoverage="100" branchCoverage="100" maxCyclomaticComplexity="4" minCyclomaticComplexity="4" maxCrapScore="4" minCrapScore="4" visitedClasses="0" numClasses="0" visitedMethods="1" numMethods="1" />
              <MetadataToken>100663312</MetadataToken>
              <Name>System.Void TestLab14.QueryTests::TestTreeOrderByDescendingLINQ()</Name>
              <FileRef uid="1" />
              <SequencePoints>
                <SequencePoint vc="1" uspid="188" ordinal="0" offset="0" sl="239" sc="9" el="239" ec="10" bec="0" bev="0" fileid="1" />
                <SequencePoint vc="1" uspid="189" ordinal="1" offset="1" sl="240" sc="13" el="240" ec="64" bec="0" bev="0" fileid="1" />
                <SequencePoint vc="1" uspid="190" ordinal="2" offset="13" sl="242" sc="13" el="242" ec="42" bec="0" bev="0" fileid="1" />
                <SequencePoint vc="1" uspid="191" ordinal="3" offset="15" sl="243" sc="13" el="243" ec="20" bec="0" bev="0" fileid="1" />
                <SequencePoint vc="1" uspid="192" ordinal="4" offset="16" sl="243" sc="33" el="243" ec="39" bec="0" bev="0" fileid="1" />
                <SequencePoint vc="10" uspid="193" ordinal="5" offset="25" sl="243" sc="22" el="243" ec="29" bec="0" bev="0" fileid="1" />
                <SequencePoint vc="10" uspid="194" ordinal="6" offset="32" sl="244" sc="13" el="244" ec="14" bec="0" bev="0" fileid="1" />
                <SequencePoint vc="10" uspid="195" ordinal="7" offset="33" sl="245" sc="17" el="245" ec="38" bec="2" bev="2" fileid="1" />
                <SequencePoint vc="9" uspid="196" ordinal="8" offset="43" sl="246" sc="17" el="246" ec="18" bec="0" bev="0" fileid="1" />
                <SequencePoint vc="9" uspid="197" ordinal="9" offset="44" sl="247" sc="21" el="247" ec="80" bec="0" bev="0" fileid="1" />
                <SequencePoint vc="9" uspid="198" ordinal="10" offset="67" sl="248" sc="17" el="248" ec="18" bec="0" bev="0" fileid="1" />
                <SequencePoint vc="10" uspid="199" ordinal="11" offset="68" sl="249" sc="17" el="249" ec="32" bec="0" bev="0" fileid="1" />
                <SequencePoint vc="10" uspid="200" ordinal="12" offset="70" sl="250" sc="13" el="250" ec="14" bec="0" bev="0" fileid="1" />
                <SequencePoint vc="11" uspid="201" ordinal="13" offset="71" sl="243" sc="30" el="243" ec="32" bec="0" bev="0" fileid="1" />
                <SequencePoint vc="1" uspid="202" ordinal="14" offset="92" sl="251" sc="9" el="251" ec="10" bec="0" bev="0" fileid="1" />
              </SequencePoints>
              <BranchPoints>
                <BranchPoint vc="9" uspid="203" ordinal="0" offset="41" sl="245" path="0" offsetend="43" fileid="1" />
                <BranchPoint vc="1" uspid="204" ordinal="1" offset="41" sl="245" path="1" offsetend="68" fileid="1" />
              </BranchPoints>
              <MethodPoint xsi:type="SequencePoint" vc="1" uspid="188" ordinal="0" offset="0" sl="239" sc="9" el="239" ec="10" bec="0" bev="0" fileid="1" />
            </Method>
            <Method visited="true" cyclomaticComplexity="5" nPathComplexity="0" sequenceCoverage="100" branchCoverage="100" crapScore="5" isConstructor="false" isStatic="false" isGetter="false" isSetter="false">
              <Summary numSequencePoints="15" visitedSequencePoints="15" numBranchPoints="1" visitedBranchPoints="1" sequenceCoverage="100" branchCoverage="100" maxCyclomaticComplexity="5" minCyclomaticComplexity="5" maxCrapScore="5" minCrapScore="5" visitedClasses="0" numClasses="0" visitedMethods="1" numMethods="1" />
              <MetadataToken>100663313</MetadataToken>
              <Name>System.Void TestLab14.QueryTests::TestTreeOrderByDescendingExtension()</Name>
              <FileRef uid="1" />
              <SequencePoints>
                <SequencePoint vc="1" uspid="205" ordinal="0" offset="0" sl="255" sc="9" el="255" ec="10" bec="0" bev="0" fileid="1" />
                <SequencePoint vc="1" uspid="206" ordinal="1" offset="1" sl="256" sc="13" el="256" ec="88" bec="0" bev="0" fileid="1" />
                <SequencePoint vc="1" uspid="207" ordinal="2" offset="44" sl="258" sc="13" el="258" ec="42" bec="0" bev="0" fileid="1" />
                <SequencePoint vc="1" uspid="208" ordinal="3" offset="46" sl="259" sc="13" el="259" ec="20" bec="0" bev="0" fileid="1" />
                <SequencePoint vc="1" uspid="209" ordinal="4" offset="47" sl="259" sc="33" el="259" ec="39" bec="0" bev="0" fileid="1" />
                <SequencePoint vc="10" uspid="210" ordinal="5" offset="56" sl="259" sc="22" el="259" ec="29" bec="0" bev="0" fileid="1" />
                <SequencePoint vc="10" uspid="211" ordinal="6" offset="63" sl="260" sc="13" el="260" ec="14" bec="0" bev="0" fileid="1" />
                <SequencePoint vc="10" uspid="212" ordinal="7" offset="64" sl="261" sc="17" el="261" ec="38" bec="0" bev="0" fileid="1" />
                <SequencePoint vc="9" uspid="213" ordinal="8" offset="74" sl="262" sc="17" el="262" ec="18" bec="0" bev="0" fileid="1" />
                <SequencePoint vc="9" uspid="214" ordinal="9" offset="75" sl="263" sc="21" el="263" ec="80" bec="0" bev="0" fileid="1" />
                <SequencePoint vc="9" uspid="215" ordinal="10" offset="98" sl="264" sc="17" el="264" ec="18" bec="0" bev="0" fileid="1" />
                <SequencePoint vc="10" uspid="216" ordinal="11" offset="99" sl="265" sc="17" el="265" ec="32" bec="0" bev="0" fileid="1" />
                <SequencePoint vc="10" uspid="217" ordinal="12" offset="101" sl="266" sc="13" el="266" ec="14" bec="0" bev="0" fileid="1" />
                <SequencePoint vc="11" uspid="218" ordinal="13" offset="102" sl="259" sc="30" el="259" ec="32" bec="0" bev="0" fileid="1" />
                <SequencePoint vc="1" uspid="219" ordinal="14" offset="123" sl="267" sc="9" el="267" ec="10" bec="0" bev="0" fileid="1" />
              </SequencePoints>
              <BranchPoints />
              <MethodPoint xsi:type="SequencePoint" vc="1" uspid="205" ordinal="0" offset="0" sl="255" sc="9" el="255" ec="10" bec="0" bev="0" fileid="1" />
            </Method>
            <Method visited="false" cyclomaticComplexity="1" nPathComplexity="0" sequenceCoverage="0" branchCoverage="0" crapScore="2" isConstructor="true" isStatic="false" isGetter="false" isSetter="false">
              <Summary numSequencePoints="0" visitedSequencePoints="0" numBranchPoints="0" visitedBranchPoints="0" sequenceCoverage="0" branchCoverage="0" maxCyclomaticComplexity="1" minCyclomaticComplexity="1" maxCrapScore="2" minCrapScore="2" visitedClasses="0" numClasses="0" visitedMethods="0" numMethods="0" />
              <MetadataToken>100663314</MetadataToken>
              <Name>System.Void TestLab14.QueryTests::.ctor()</Name>
              <SequencePoints />
              <BranchPoints />
              <MethodPoint vc="0" uspid="220" ordinal="0" offset="0" />
            </Method>
          </Methods>
        </Class>
        <Class>
          <Summary numSequencePoints="2" visitedSequencePoints="2" numBranchPoints="2" visitedBranchPoints="2" sequenceCoverage="100" branchCoverage="100" maxCyclomaticComplexity="1" minCyclomaticComplexity="1" maxCrapScore="2" minCrapScore="1" visitedClasses="1" numClasses="1" visitedMethods="2" numMethods="2" />
          <FullName>TestLab14.QueryTests/&lt;&gt;c</FullName>
          <Methods>
            <Method visited="false" cyclomaticComplexity="1" nPathComplexity="0" sequenceCoverage="0" branchCoverage="0" crapScore="2" isConstructor="true" isStatic="true" isGetter="false" isSetter="false">
              <Summary numSequencePoints="0" visitedSequencePoints="0" numBranchPoints="0" visitedBranchPoints="0" sequenceCoverage="0" branchCoverage="0" maxCyclomaticComplexity="1" minCyclomaticComplexity="1" maxCrapScore="2" minCrapScore="2" visitedClasses="0" numClasses="0" visitedMethods="0" numMethods="0" />
              <MetadataToken>100663315</MetadataToken>
              <Name>System.Void TestLab14.QueryTests/&lt;&gt;c::.cctor()</Name>
              <SequencePoints />
              <BranchPoints />
              <MethodPoint vc="0" uspid="221" ordinal="0" offset="0" />
            </Method>
            <Method visited="false" cyclomaticComplexity="1" nPathComplexity="0" sequenceCoverage="0" branchCoverage="0" crapScore="2" isConstructor="true" isStatic="false" isGetter="false" isSetter="false">
              <Summary numSequencePoints="0" visitedSequencePoints="0" numBranchPoints="0" visitedBranchPoints="0" sequenceCoverage="0" branchCoverage="0" maxCyclomaticComplexity="1" minCyclomaticComplexity="1" maxCrapScore="2" minCrapScore="2" visitedClasses="0" numClasses="0" visitedMethods="0" numMethods="0" />
              <MetadataToken>100663316</MetadataToken>
              <Name>System.Void TestLab14.QueryTests/&lt;&gt;c::.ctor()</Name>
              <SequencePoints />
              <BranchPoints />
              <MethodPoint vc="0" uspid="222" ordinal="0" offset="0" />
            </Method>
            <Method visited="true" cyclomaticComplexity="1" nPathComplexity="0" sequenceCoverage="100" branchCoverage="100" crapScore="1" isConstructor="false" isStatic="false" isGetter="false" isSetter="false">
              <Summary numSequencePoints="1" visitedSequencePoints="1" numBranchPoints="1" visitedBranchPoints="1" sequenceCoverage="100" branchCoverage="100" maxCyclomaticComplexity="1" minCyclomaticComplexity="1" maxCrapScore="1" minCrapScore="1" visitedClasses="0" numClasses="0" visitedMethods="1" numMethods="1" />
              <MetadataToken>100663317</MetadataToken>
              <Name>System.Object TestLab14.QueryTests/&lt;&gt;c::&lt;TestTreeAgregateExtension&gt;b__16_0(OrganizationLib.Organization)</Name>
              <FileRef uid="1" />
              <SequencePoints>
                <SequencePoint vc="10" uspid="223" ordinal="0" offset="0" sl="232" sc="60" el="232" ec="77" bec="0" bev="0" fileid="1" />
              </SequencePoints>
              <BranchPoints />
              <MethodPoint xsi:type="SequencePoint" vc="10" uspid="223" ordinal="0" offset="0" sl="232" sc="60" el="232" ec="77" bec="0" bev="0" fileid="1" />
            </Method>
            <Method visited="true" cyclomaticComplexity="1" nPathComplexity="0" sequenceCoverage="100" branchCoverage="100" crapScore="1" isConstructor="false" isStatic="false" isGetter="false" isSetter="false">
              <Summary numSequencePoints="1" visitedSequencePoints="1" numBranchPoints="1" visitedBranchPoints="1" sequenceCoverage="100" branchCoverage="100" maxCyclomaticComplexity="1" minCyclomaticComplexity="1" maxCrapScore="1" minCrapScore="1" visitedClasses="0" numClasses="0" visitedMethods="1" numMethods="1" />
              <MetadataToken>100663318</MetadataToken>
              <Name>System.Object TestLab14.QueryTests/&lt;&gt;c::&lt;TestTreeOrderByDescendingExtension&gt;b__18_0(OrganizationLib.Organization)</Name>
              <FileRef uid="1" />
              <SequencePoints>
                <SequencePoint vc="10" uspid="224" ordinal="0" offset="0" sl="256" sc="69" el="256" ec="86" bec="0" bev="0" fileid="1" />
              </SequencePoints>
              <BranchPoints />
              <MethodPoint xsi:type="SequencePoint" vc="10" uspid="224" ordinal="0" offset="0" sl="256" sc="69" el="256" ec="86" bec="0" bev="0" fileid="1" />
            </Method>
          </Methods>
        </Class>
        <Class>
          <Summary numSequencePoints="1" visitedSequencePoints="1" numBranchPoints="1" visitedBranchPoints="1" sequenceCoverage="100" branchCoverage="100" maxCyclomaticComplexity="1" minCyclomaticComplexity="1" maxCrapScore="2" minCrapScore="1" visitedClasses="1" numClasses="1" visitedMethods="1" numMethods="1" />
          <FullName>TestLab14.QueryTests/&lt;&gt;c__DisplayClass14_0</FullName>
          <Methods>
            <Method visited="false" cyclomaticComplexity="1" nPathComplexity="0" sequenceCoverage="0" branchCoverage="0" crapScore="2" isConstructor="true" isStatic="false" isGetter="false" isSetter="false">
              <Summary numSequencePoints="0" visitedSequencePoints="0" numBranchPoints="0" visitedBranchPoints="0" sequenceCoverage="0" branchCoverage="0" maxCyclomaticComplexity="1" minCyclomaticComplexity="1" maxCrapScore="2" minCrapScore="2" visitedClasses="0" numClasses="0" visitedMethods="0" numMethods="0" />
              <MetadataToken>100663319</MetadataToken>
              <Name>System.Void TestLab14.QueryTests/&lt;&gt;c__DisplayClass14_0::.ctor()</Name>
              <SequencePoints />
              <BranchPoints />
              <MethodPoint vc="0" uspid="225" ordinal="0" offset="0" />
            </Method>
            <Method visited="true" cyclomaticComplexity="1" nPathComplexity="0" sequenceCoverage="100" branchCoverage="100" crapScore="1" isConstructor="false" isStatic="false" isGetter="false" isSetter="false">
              <Summary numSequencePoints="1" visitedSequencePoints="1" numBranchPoints="1" visitedBranchPoints="1" sequenceCoverage="100" branchCoverage="100" maxCyclomaticComplexity="1" minCyclomaticComplexity="1" maxCrapScore="1" minCrapScore="1" visitedClasses="0" numClasses="0" visitedMethods="1" numMethods="1" />
              <MetadataToken>100663320</MetadataToken>
              <Name>System.Boolean TestLab14.QueryTests/&lt;&gt;c__DisplayClass14_0::&lt;TestTreeSelectExtension&gt;b__0(OrganizationLib.Organization)</Name>
              <FileRef uid="1" />
              <SequencePoints>
                <SequencePoint vc="10" uspid="226" ordinal="0" offset="0" sl="213" sc="58" el="213" ec="81" bec="0" bev="0" fileid="1" />
              </SequencePoints>
              <BranchPoints />
              <MethodPoint xsi:type="SequencePoint" vc="10" uspid="226" ordinal="0" offset="0" sl="213" sc="58" el="213" ec="81" bec="0" bev="0" fileid="1" />
            </Method>
          </Methods>
        </Class>
        <Class>
          <Summary numSequencePoints="1" visitedSequencePoints="1" numBranchPoints="1" visitedBranchPoints="1" sequenceCoverage="100" branchCoverage="100" maxCyclomaticComplexity="1" minCyclomaticComplexity="1" maxCrapScore="2" minCrapScore="1" visitedClasses="1" numClasses="1" visitedMethods="1" numMethods="1" />
          <FullName>TestLab14.QueryTests/&lt;&gt;c__DisplayClass4_0</FullName>
          <Methods>
            <Method visited="false" cyclomaticComplexity="1" nPathComplexity="0" sequenceCoverage="0" branchCoverage="0" crapScore="2" isConstructor="true" isStatic="false" isGetter="false" isSetter="false">
              <Summary numSequencePoints="0" visitedSequencePoints="0" numBranchPoints="0" visitedBranchPoints="0" sequenceCoverage="0" branchCoverage="0" maxCyclomaticComplexity="1" minCyclomaticComplexity="1" maxCrapScore="2" minCrapScore="2" visitedClasses="0" numClasses="0" visitedMethods="0" numMethods="0" />
              <MetadataToken>100663321</MetadataToken>
              <Name>System.Void TestLab14.QueryTests/&lt;&gt;c__DisplayClass4_0::.ctor()</Name>
              <SequencePoints />
              <BranchPoints />
              <MethodPoint vc="0" uspid="227" ordinal="0" offset="0" />
            </Method>
            <Method visited="true" cyclomaticComplexity="1" nPathComplexity="0" sequenceCoverage="100" branchCoverage="100" crapScore="1" isConstructor="false" isStatic="false" isGetter="false" isSetter="false">
              <Summary numSequencePoints="1" visitedSequencePoints="1" numBranchPoints="1" visitedBranchPoints="1" sequenceCoverage="100" branchCoverage="100" maxCyclomaticComplexity="1" minCyclomaticComplexity="1" maxCrapScore="1" minCrapScore="1" visitedClasses="0" numClasses="0" visitedMethods="1" numMethods="1" />
              <MetadataToken>100663322</MetadataToken>
              <Name>System.Boolean TestLab14.QueryTests/&lt;&gt;c__DisplayClass4_0::&lt;TestWhereExtension&gt;b__0(OrganizationLib.Organization)</Name>
              <FileRef uid="1" />
              <SequencePoints>
                <SequencePoint vc="50" uspid="228" ordinal="0" offset="0" sl="47" sc="76" el="47" ec="109" bec="0" bev="0" fileid="1" />
              </SequencePoints>
              <BranchPoints />
              <MethodPoint xsi:type="SequencePoint" vc="50" uspid="228" ordinal="0" offset="0" sl="47" sc="76" el="47" ec="109" bec="0" bev="0" fileid="1" />
            </Method>
          </Methods>
        </Class>
        <Class>
          <Summary numSequencePoints="1" visitedSequencePoints="1" numBranchPoints="1" visitedBranchPoints="1" sequenceCoverage="100" branchCoverage="100" maxCyclomaticComplexity="1" minCyclomaticComplexity="1" maxCrapScore="2" minCrapScore="1" visitedClasses="1" numClasses="1" visitedMethods="1" numMethods="1" />
          <FullName>TestLab14.QueryTests/&lt;&gt;c__DisplayClass6_0</FullName>
          <Methods>
            <Method visited="false" cyclomaticComplexity="1" nPathComplexity="0" sequenceCoverage="0" branchCoverage="0" crapScore="2" isConstructor="true" isStatic="false" isGetter="false" isSetter="false">
              <Summary numSequencePoints="0" visitedSequencePoints="0" numBranchPoints="0" visitedBranchPoints="0" sequenceCoverage="0" branchCoverage="0" maxCyclomaticComplexity="1" minCyclomaticComplexity="1" maxCrapScore="2" minCrapScore="2" visitedClasses="0" numClasses="0" visitedMethods="0" numMethods="0" />
              <MetadataToken>100663323</MetadataToken>
              <Name>System.Void TestLab14.QueryTests/&lt;&gt;c__DisplayClass6_0::.ctor()</Name>
              <SequencePoints />
              <BranchPoints />
              <MethodPoint vc="0" uspid="229" ordinal="0" offset="0" />
            </Method>
            <Method visited="true" cyclomaticComplexity="1" nPathComplexity="0" sequenceCoverage="100" branchCoverage="100" crapScore="1" isConstructor="false" isStatic="false" isGetter="false" isSetter="false">
              <Summary numSequencePoints="1" visitedSequencePoints="1" numBranchPoints="1" visitedBranchPoints="1" sequenceCoverage="100" branchCoverage="100" maxCyclomaticComplexity="1" minCyclomaticComplexity="1" maxCrapScore="1" minCrapScore="1" visitedClasses="0" numClasses="0" visitedMethods="1" numMethods="1" />
              <MetadataToken>100663324</MetadataToken>
              <Name>System.Boolean TestLab14.QueryTests/&lt;&gt;c__DisplayClass6_0::&lt;TestCountExtension&gt;b__0(OrganizationLib.Organization)</Name>
              <FileRef uid="1" />
              <SequencePoints>
                <SequencePoint vc="50" uspid="230" ordinal="0" offset="0" sl="68" sc="76" el="68" ec="110" bec="0" bev="0" fileid="1" />
              </SequencePoints>
              <BranchPoints />
              <MethodPoint xsi:type="SequencePoint" vc="50" uspid="230" ordinal="0" offset="0" sl="68" sc="76" el="68" ec="110" bec="0" bev="0" fileid="1" />
            </Method>
          </Methods>
        </Class>
      </Classes>
    </Module>
    <Module hash="21-AE-49-DB-DD-7C-20-6A-D7-CF-B9-DD-26-F0-1B-CA-F4-6E-E9-08">
      <Summary numSequencePoints="491" visitedSequencePoints="122" numBranchPoints="88" visitedBranchPoints="55" sequenceCoverage="24.85" branchCoverage="62.5" maxCyclomaticComplexity="56" minCyclomaticComplexity="1" maxCrapScore="3192" minCrapScore="1" visitedClasses="8" numClasses="12" visitedMethods="55" numMethods="70" />
      <ModulePath>C:\4 semestr\OOP_labs\TestLab14\bin\Debug\fine-code-coverage\build-output\lab14.exe</ModulePath>
      <ModuleTime>2025-03-20T18:19:57.9141491Z</ModuleTime>
      <ModuleName>lab14</ModuleName>
      <Files>
        <File uid="11" fullPath="C:\4 semestr\OOP_labs\lab14\Program.cs" />
        <File uid="15" fullPath="C:\4 semestr\OOP_labs\lab14\Query.cs" />
      </Files>
      <Classes>
        <Class>
          <Summary numSequencePoints="0" visitedSequencePoints="0" numBranchPoints="0" visitedBranchPoints="0" sequenceCoverage="0" branchCoverage="0" maxCyclomaticComplexity="5" minCyclomaticComplexity="1" maxCrapScore="30" minCrapScore="2" visitedClasses="0" numClasses="0" visitedMethods="0" numMethods="0" />
          <FullName>&lt;&gt;f__AnonymousType0`2</FullName>
          <Methods>
            <Method visited="false" cyclomaticComplexity="1" nPathComplexity="0" sequenceCoverage="0" branchCoverage="0" crapScore="2" isConstructor="false" isStatic="false" isGetter="true" isSetter="false">
              <Summary numSequencePoints="0" visitedSequencePoints="0" numBranchPoints="0" visitedBranchPoints="0" sequenceCoverage="0" branchCoverage="0" maxCyclomaticComplexity="1" minCyclomaticComplexity="1" maxCrapScore="2" minCrapScore="2" visitedClasses="0" numClasses="0" visitedMethods="0" numMethods="0" />
              <MetadataToken>100663297</MetadataToken>
              <Name>&lt;f&gt;j__TPar &lt;&gt;f__AnonymousType0`2::get_f()</Name>
              <SequencePoints />
              <BranchPoints />
              <MethodPoint vc="0" uspid="231" ordinal="0" offset="0" />
            </Method>
            <Method visited="false" cyclomaticComplexity="1" nPathComplexity="0" sequenceCoverage="0" branchCoverage="0" crapScore="2" isConstructor="false" isStatic="false" isGetter="true" isSetter="false">
              <Summary numSequencePoints="0" visitedSequencePoints="0" numBranchPoints="0" visitedBranchPoints="0" sequenceCoverage="0" branchCoverage="0" maxCyclomaticComplexity="1" minCyclomaticComplexity="1" maxCrapScore="2" minCrapScore="2" visitedClasses="0" numClasses="0" visitedMethods="0" numMethods="0" />
              <MetadataToken>100663298</MetadataToken>
              <Name>&lt;el&gt;j__TPar &lt;&gt;f__AnonymousType0`2::get_el()</Name>
              <SequencePoints />
              <BranchPoints />
              <MethodPoint vc="0" uspid="232" ordinal="0" offset="0" />
            </Method>
            <Method visited="false" cyclomaticComplexity="1" nPathComplexity="0" sequenceCoverage="0" branchCoverage="0" crapScore="2" isConstructor="true" isStatic="false" isGetter="false" isSetter="false">
              <Summary numSequencePoints="0" visitedSequencePoints="0" numBranchPoints="0" visitedBranchPoints="0" sequenceCoverage="0" branchCoverage="0" maxCyclomaticComplexity="1" minCyclomaticComplexity="1" maxCrapScore="2" minCrapScore="2" visitedClasses="0" numClasses="0" visitedMethods="0" numMethods="0" />
              <MetadataToken>100663299</MetadataToken>
              <Name>System.Void &lt;&gt;f__AnonymousType0`2::.ctor(&lt;f&gt;j__TPar,&lt;el&gt;j__TPar)</Name>
              <SequencePoints />
              <BranchPoints />
              <MethodPoint vc="0" uspid="233" ordinal="0" offset="0" />
            </Method>
            <Method visited="false" cyclomaticComplexity="5" nPathComplexity="0" sequenceCoverage="0" branchCoverage="0" crapScore="30" isConstructor="false" isStatic="false" isGetter="false" isSetter="false">
              <Summary numSequencePoints="0" visitedSequencePoints="0" numBranchPoints="0" visitedBranchPoints="0" sequenceCoverage="0" branchCoverage="0" maxCyclomaticComplexity="5" minCyclomaticComplexity="5" maxCrapScore="30" minCrapScore="30" visitedClasses="0" numClasses="0" visitedMethods="0" numMethods="0" />
              <MetadataToken>100663300</MetadataToken>
              <Name>System.Boolean &lt;&gt;f__AnonymousType0`2::Equals(System.Object)</Name>
              <SequencePoints />
              <BranchPoints />
              <MethodPoint vc="0" uspid="234" ordinal="0" offset="0" />
            </Method>
            <Method visited="false" cyclomaticComplexity="1" nPathComplexity="0" sequenceCoverage="0" branchCoverage="0" crapScore="2" isConstructor="false" isStatic="false" isGetter="false" isSetter="false">
              <Summary numSequencePoints="0" visitedSequencePoints="0" numBranchPoints="0" visitedBranchPoints="0" sequenceCoverage="0" branchCoverage="0" maxCyclomaticComplexity="1" minCyclomaticComplexity="1" maxCrapScore="2" minCrapScore="2" visitedClasses="0" numClasses="0" visitedMethods="0" numMethods="0" />
              <MetadataToken>100663301</MetadataToken>
              <Name>System.Int32 &lt;&gt;f__AnonymousType0`2::GetHashCode()</Name>
              <SequencePoints />
              <BranchPoints />
              <MethodPoint vc="0" uspid="235" ordinal="0" offset="0" />
            </Method>
            <Method visited="false" cyclomaticComplexity="5" nPathComplexity="0" sequenceCoverage="0" branchCoverage="0" crapScore="30" isConstructor="false" isStatic="false" isGetter="false" isSetter="false">
              <Summary numSequencePoints="0" visitedSequencePoints="0" numBranchPoints="0" visitedBranchPoints="0" sequenceCoverage="0" branchCoverage="0" maxCyclomaticComplexity="5" minCyclomaticComplexity="5" maxCrapScore="30" minCrapScore="30" visitedClasses="0" numClasses="0" visitedMethods="0" numMethods="0" />
              <MetadataToken>100663302</MetadataToken>
              <Name>System.String &lt;&gt;f__AnonymousType0`2::ToString()</Name>
              <SequencePoints />
              <BranchPoints />
              <MethodPoint vc="0" uspid="236" ordinal="0" offset="0" />
            </Method>
          </Methods>
        </Class>
        <Class>
          <Summary numSequencePoints="357" visitedSequencePoints="0" numBranchPoints="21" visitedBranchPoints="0" sequenceCoverage="0" branchCoverage="0" maxCyclomaticComplexity="56" minCyclomaticComplexity="1" maxCrapScore="3192" minCrapScore="2" visitedClasses="0" numClasses="1" visitedMethods="0" numMethods="3" />
          <FullName>lab14.Program</FullName>
          <Methods>
            <Method visited="false" cyclomaticComplexity="56" nPathComplexity="160" sequenceCoverage="0" branchCoverage="0" crapScore="3192" isConstructor="false" isStatic="true" isGetter="false" isSetter="false">
              <Summary numSequencePoints="337" visitedSequencePoints="0" numBranchPoints="19" visitedBranchPoints="0" sequenceCoverage="0" branchCoverage="0" maxCyclomaticComplexity="56" minCyclomaticComplexity="56" maxCrapScore="3192" minCrapScore="3192" visitedClasses="0" numClasses="0" visitedMethods="0" numMethods="1" />
              <MetadataToken>100663303</MetadataToken>
              <Name>System.Void lab14.Program::Menu()</Name>
              <FileRef uid="11" />
              <SequencePoints>
                <SequencePoint vc="0" uspid="237" ordinal="0" offset="0" sl="14" sc="9" el="14" ec="10" bec="0" bev="0" fileid="11" />
                <SequencePoint vc="0" uspid="238" ordinal="1" offset="1" sl="15" sc="13" el="15" ec="72" bec="0" bev="0" fileid="11" />
                <SequencePoint vc="0" uspid="239" ordinal="2" offset="9" sl="17" sc="13" el="17" ec="53" bec="0" bev="0" fileid="11" />
                <SequencePoint vc="0" uspid="240" ordinal="3" offset="11" sl="18" sc="13" el="18" ec="51" bec="0" bev="0" fileid="11" />
                <SequencePoint vc="0" uspid="241" ordinal="4" offset="17" sl="19" sc="13" el="19" ec="67" bec="0" bev="0" fileid="11" />
                <SequencePoint vc="0" uspid="242" ordinal="5" offset="24" sl="20" sc="18" el="20" ec="27" bec="0" bev="0" fileid="11" />
                <SequencePoint vc="0" uspid="243" ordinal="6" offset="29" sl="21" sc="13" el="21" ec="14" bec="0" bev="0" fileid="11" />
                <SequencePoint vc="0" uspid="244" ordinal="7" offset="30" sl="22" sc="17" el="22" ec="55" bec="0" bev="0" fileid="11" />
                <SequencePoint vc="0" uspid="245" ordinal="8" offset="37" sl="23" sc="17" el="23" ec="32" bec="0" bev="0" fileid="11" />
                <SequencePoint vc="0" uspid="246" ordinal="9" offset="45" sl="24" sc="17" el="24" ec="34" bec="0" bev="0" fileid="11" />
                <SequencePoint vc="0" uspid="247" ordinal="10" offset="55" sl="25" sc="13" el="25" ec="14" bec="0" bev="0" fileid="11" />
                <SequencePoint vc="0" uspid="248" ordinal="11" offset="56" sl="20" sc="36" el="20" ec="39" bec="0" bev="0" fileid="11" />
                <SequencePoint vc="0" uspid="249" ordinal="12" offset="62" sl="20" sc="29" el="20" ec="34" bec="0" bev="0" fileid="11" />
                <SequencePoint vc="0" uspid="250" ordinal="13" offset="73" sl="27" sc="13" el="27" ec="14" bec="0" bev="0" fileid="11" />
                <SequencePoint vc="0" uspid="251" ordinal="14" offset="74" sl="28" sc="17" el="28" ec="33" bec="0" bev="0" fileid="11" />
                <SequencePoint vc="0" uspid="252" ordinal="15" offset="80" sl="29" sc="17" el="38" ec="66" bec="0" bev="0" fileid="11" />
                <SequencePoint vc="0" uspid="253" ordinal="16" offset="91" sl="39" sc="17" el="39" ec="67" bec="0" bev="0" fileid="11" />
                <SequencePoint vc="0" uspid="254" ordinal="17" offset="102" sl="40" sc="17" el="40" ec="32" bec="10" bev="0" fileid="11" />
                <SequencePoint vc="0" uspid="255" ordinal="18" offset="157" sl="43" sc="25" el="43" ec="74" bec="0" bev="0" fileid="11" />
                <SequencePoint vc="0" uspid="256" ordinal="19" offset="168" sl="44" sc="25" el="44" ec="31" bec="0" bev="0" fileid="11" />
                <SequencePoint vc="0" uspid="257" ordinal="20" offset="180" sl="46" sc="25" el="46" ec="26" bec="0" bev="0" fileid="11" />
                <SequencePoint vc="0" uspid="258" ordinal="21" offset="181" sl="47" sc="29" el="47" ec="45" bec="0" bev="0" fileid="11" />
                <SequencePoint vc="0" uspid="259" ordinal="22" offset="187" sl="48" sc="29" el="48" ec="62" bec="0" bev="0" fileid="11" />
                <SequencePoint vc="0" uspid="260" ordinal="23" offset="198" sl="49" sc="29" el="49" ec="64" bec="0" bev="0" fileid="11" />
                <SequencePoint vc="0" uspid="261" ordinal="24" offset="210" sl="50" sc="29" el="51" ec="73" bec="0" bev="0" fileid="11" />
                <SequencePoint vc="0" uspid="262" ordinal="25" offset="227" sl="53" sc="29" el="53" ec="98" bec="0" bev="0" fileid="11" />
                <SequencePoint vc="0" uspid="263" ordinal="26" offset="246" sl="54" sc="29" el="54" ec="36" bec="0" bev="0" fileid="11" />
                <SequencePoint vc="0" uspid="264" ordinal="27" offset="247" sl="54" sc="50" el="54" ec="56" bec="0" bev="0" fileid="11" />
                <SequencePoint vc="0" uspid="265" ordinal="28" offset="257" sl="54" sc="38" el="54" ec="46" bec="0" bev="0" fileid="11" />
                <SequencePoint vc="0" uspid="266" ordinal="29" offset="266" sl="55" sc="29" el="55" ec="30" bec="0" bev="0" fileid="11" />
                <SequencePoint vc="0" uspid="267" ordinal="30" offset="267" sl="56" sc="33" el="56" ec="75" bec="0" bev="0" fileid="11" />
                <SequencePoint vc="0" uspid="268" ordinal="31" offset="290" sl="57" sc="29" el="57" ec="30" bec="0" bev="0" fileid="11" />
                <SequencePoint vc="0" uspid="269" ordinal="32" offset="291" sl="54" sc="47" el="54" ec="49" bec="0" bev="0" fileid="11" />
                <SequencePoint vc="0" uspid="270" ordinal="33" offset="315" sl="59" sc="29" el="59" ec="121" bec="0" bev="0" fileid="11" />
                <SequencePoint vc="0" uspid="271" ordinal="34" offset="340" sl="60" sc="29" el="60" ec="36" bec="0" bev="0" fileid="11" />
                <SequencePoint vc="0" uspid="272" ordinal="35" offset="341" sl="60" sc="50" el="60" ec="56" bec="0" bev="0" fileid="11" />
                <SequencePoint vc="0" uspid="273" ordinal="36" offset="351" sl="60" sc="38" el="60" ec="46" bec="0" bev="0" fileid="11" />
                <SequencePoint vc="0" uspid="274" ordinal="37" offset="360" sl="61" sc="29" el="61" ec="30" bec="0" bev="0" fileid="11" />
                <SequencePoint vc="0" uspid="275" ordinal="38" offset="361" sl="62" sc="33" el="62" ec="75" bec="0" bev="0" fileid="11" />
                <SequencePoint vc="0" uspid="276" ordinal="39" offset="384" sl="63" sc="29" el="63" ec="30" bec="0" bev="0" fileid="11" />
                <SequencePoint vc="0" uspid="277" ordinal="40" offset="385" sl="60" sc="47" el="60" ec="49" bec="0" bev="0" fileid="11" />
                <SequencePoint vc="0" uspid="278" ordinal="41" offset="409" sl="65" sc="29" el="65" ec="48" bec="0" bev="0" fileid="11" />
                <SequencePoint vc="0" uspid="279" ordinal="42" offset="413" sl="66" sc="34" el="66" ec="43" bec="0" bev="0" fileid="11" />
                <SequencePoint vc="0" uspid="280" ordinal="43" offset="418" sl="67" sc="29" el="67" ec="30" bec="0" bev="0" fileid="11" />
                <SequencePoint vc="0" uspid="281" ordinal="44" offset="419" sl="68" sc="33" el="68" ec="76" bec="0" bev="0" fileid="11" />
                <SequencePoint vc="0" uspid="282" ordinal="45" offset="426" sl="69" sc="33" el="69" ec="119" bec="0" bev="0" fileid="11" />
                <SequencePoint vc="0" uspid="283" ordinal="46" offset="451" sl="70" sc="33" el="70" ec="50" bec="0" bev="0" fileid="11" />
                <SequencePoint vc="0" uspid="284" ordinal="47" offset="459" sl="71" sc="33" el="71" ec="69" bec="0" bev="0" fileid="11" />
                <SequencePoint vc="0" uspid="285" ordinal="48" offset="471" sl="72" sc="29" el="72" ec="30" bec="0" bev="0" fileid="11" />
                <SequencePoint vc="0" uspid="286" ordinal="49" offset="472" sl="66" sc="52" el="66" ec="55" bec="0" bev="0" fileid="11" />
                <SequencePoint vc="0" uspid="287" ordinal="50" offset="478" sl="66" sc="45" el="66" ec="50" bec="0" bev="0" fileid="11" />
                <SequencePoint vc="0" uspid="288" ordinal="51" offset="489" sl="74" sc="29" el="74" ec="53" bec="0" bev="0" fileid="11" />
                <SequencePoint vc="0" uspid="289" ordinal="52" offset="493" sl="75" sc="34" el="75" ec="43" bec="0" bev="0" fileid="11" />
                <SequencePoint vc="0" uspid="290" ordinal="53" offset="498" sl="76" sc="29" el="76" ec="30" bec="0" bev="0" fileid="11" />
                <SequencePoint vc="0" uspid="291" ordinal="54" offset="499" sl="77" sc="33" el="77" ec="76" bec="0" bev="0" fileid="11" />
                <SequencePoint vc="0" uspid="292" ordinal="55" offset="506" sl="78" sc="33" el="78" ec="149" bec="2" bev="0" fileid="11" />
                <SequencePoint vc="0" uspid="293" ordinal="56" offset="560" sl="79" sc="33" el="79" ec="50" bec="0" bev="0" fileid="11" />
                <SequencePoint vc="0" uspid="294" ordinal="57" offset="568" sl="80" sc="33" el="80" ec="74" bec="0" bev="0" fileid="11" />
                <SequencePoint vc="0" uspid="295" ordinal="58" offset="580" sl="81" sc="29" el="81" ec="30" bec="0" bev="0" fileid="11" />
                <SequencePoint vc="0" uspid="296" ordinal="59" offset="581" sl="75" sc="52" el="75" ec="55" bec="0" bev="0" fileid="11" />
                <SequencePoint vc="0" uspid="297" ordinal="60" offset="587" sl="75" sc="45" el="75" ec="50" bec="0" bev="0" fileid="11" />
                <SequencePoint vc="0" uspid="298" ordinal="61" offset="598" sl="83" sc="29" el="83" ec="44" bec="0" bev="0" fileid="11" />
                <SequencePoint vc="0" uspid="299" ordinal="62" offset="602" sl="84" sc="29" el="84" ec="79" bec="0" bev="0" fileid="11" />
                <SequencePoint vc="0" uspid="300" ordinal="63" offset="609" sl="85" sc="34" el="85" ec="43" bec="0" bev="0" fileid="11" />
                <SequencePoint vc="0" uspid="301" ordinal="64" offset="617" sl="86" sc="29" el="86" ec="30" bec="0" bev="0" fileid="11" />
                <SequencePoint vc="0" uspid="302" ordinal="65" offset="618" sl="87" sc="33" el="87" ec="76" bec="0" bev="0" fileid="11" />
                <SequencePoint vc="0" uspid="303" ordinal="66" offset="625" sl="88" sc="33" el="88" ec="40" bec="0" bev="0" fileid="11" />
                <SequencePoint vc="0" uspid="304" ordinal="67" offset="626" sl="88" sc="53" el="88" ec="80" bec="0" bev="0" fileid="11" />
                <SequencePoint vc="0" uspid="305" ordinal="68" offset="641" sl="88" sc="42" el="88" ec="49" bec="0" bev="0" fileid="11" />
                <SequencePoint vc="0" uspid="306" ordinal="69" offset="650" sl="89" sc="33" el="89" ec="34" bec="0" bev="0" fileid="11" />
                <SequencePoint vc="0" uspid="307" ordinal="70" offset="651" sl="90" sc="37" el="90" ec="44" bec="0" bev="0" fileid="11" />
                <SequencePoint vc="0" uspid="308" ordinal="71" offset="652" sl="90" sc="67" el="90" ec="76" bec="0" bev="0" fileid="11" />
                <SequencePoint vc="0" uspid="309" ordinal="72" offset="668" sl="90" sc="46" el="90" ec="63" bec="0" bev="0" fileid="11" />
                <SequencePoint vc="0" uspid="310" ordinal="73" offset="677" sl="91" sc="37" el="91" ec="38" bec="0" bev="0" fileid="11" />
                <SequencePoint vc="0" uspid="311" ordinal="74" offset="678" sl="92" sc="41" el="92" ec="80" bec="2" bev="0" fileid="11" />
                <SequencePoint vc="0" uspid="312" ordinal="75" offset="700" sl="93" sc="41" el="93" ec="42" bec="0" bev="0" fileid="11" />
                <SequencePoint vc="0" uspid="313" ordinal="76" offset="701" sl="94" sc="45" el="94" ec="59" bec="0" bev="0" fileid="11" />
                <SequencePoint vc="0" uspid="314" ordinal="77" offset="711" sl="95" sc="41" el="95" ec="42" bec="0" bev="0" fileid="11" />
                <SequencePoint vc="0" uspid="315" ordinal="78" offset="712" sl="96" sc="37" el="96" ec="38" bec="0" bev="0" fileid="11" />
                <SequencePoint vc="0" uspid="316" ordinal="79" offset="713" sl="90" sc="64" el="90" ec="66" bec="0" bev="0" fileid="11" />
                <SequencePoint vc="0" uspid="317" ordinal="80" offset="739" sl="97" sc="33" el="97" ec="34" bec="0" bev="0" fileid="11" />
                <SequencePoint vc="0" uspid="318" ordinal="81" offset="740" sl="88" sc="50" el="88" ec="52" bec="0" bev="0" fileid="11" />
                <SequencePoint vc="0" uspid="319" ordinal="82" offset="766" sl="98" sc="33" el="98" ec="50" bec="0" bev="0" fileid="11" />
                <SequencePoint vc="0" uspid="320" ordinal="83" offset="774" sl="99" sc="33" el="99" ec="65" bec="0" bev="0" fileid="11" />
                <SequencePoint vc="0" uspid="321" ordinal="84" offset="786" sl="100" sc="29" el="100" ec="30" bec="0" bev="0" fileid="11" />
                <SequencePoint vc="0" uspid="322" ordinal="85" offset="787" sl="85" sc="52" el="85" ec="55" bec="0" bev="0" fileid="11" />
                <SequencePoint vc="0" uspid="323" ordinal="86" offset="793" sl="85" sc="45" el="85" ec="50" bec="2" bev="0" fileid="11" />
                <SequencePoint vc="0" uspid="324" ordinal="87" offset="807" sl="102" sc="29" el="102" ec="103" bec="0" bev="0" fileid="11" />
                <SequencePoint vc="0" uspid="325" ordinal="88" offset="833" sl="103" sc="29" el="103" ec="106" bec="0" bev="0" fileid="11" />
                <SequencePoint vc="0" uspid="326" ordinal="89" offset="859" sl="104" sc="29" el="104" ec="114" bec="0" bev="0" fileid="11" />
                <SequencePoint vc="0" uspid="327" ordinal="90" offset="885" sl="106" sc="29" el="106" ec="46" bec="0" bev="0" fileid="11" />
                <SequencePoint vc="0" uspid="328" ordinal="91" offset="891" sl="107" sc="29" el="107" ec="35" bec="0" bev="0" fileid="11" />
[...]
                <SequencePoint vc="960" uspid="1684" ordinal="3" offset="51" sl="80" sc="9" el="80" ec="10" bec="0" bev="0" fileid="51" />
              </SequencePoints>
              <BranchPoints />
              <MethodPoint xsi:type="SequencePoint" vc="960" uspid="1681" ordinal="0" offset="0" sl="77" sc="9" el="77" ec="10" bec="0" bev="0" fileid="51" />
            </Method>
            <Method visited="false" cyclomaticComplexity="1" nPathComplexity="0" sequenceCoverage="0" branchCoverage="0" crapScore="2" isConstructor="false" isStatic="false" isGetter="false" isSetter="false">
              <Summary numSequencePoints="3" visitedSequencePoints="0" numBranchPoints="1" visitedBranchPoints="0" sequenceCoverage="0" branchCoverage="0" maxCyclomaticComplexity="1" minCyclomaticComplexity="1" maxCrapScore="2" minCrapScore="2" visitedClasses="0" numClasses="0" visitedMethods="0" numMethods="1" />
              <MetadataToken>100663363</MetadataToken>
              <Name>OrganizationLib.Organization OrganizationLib.Organization::ShallowCopy()</Name>
              <FileRef uid="51" />
              <SequencePoints>
                <SequencePoint vc="0" uspid="1685" ordinal="0" offset="0" sl="83" sc="9" el="83" ec="10" bec="0" bev="0" fileid="51" />
                <SequencePoint vc="0" uspid="1686" ordinal="1" offset="1" sl="84" sc="13" el="84" ec="57" bec="0" bev="0" fileid="51" />
                <SequencePoint vc="0" uspid="1687" ordinal="2" offset="15" sl="85" sc="9" el="85" ec="10" bec="0" bev="0" fileid="51" />
              </SequencePoints>
              <BranchPoints />
              <MethodPoint xsi:type="SequencePoint" vc="0" uspid="1685" ordinal="0" offset="0" sl="83" sc="9" el="83" ec="10" bec="0" bev="0" fileid="51" />
            </Method>
            <Method visited="false" cyclomaticComplexity="1" nPathComplexity="0" sequenceCoverage="0" branchCoverage="0" crapScore="2" isConstructor="false" isStatic="false" isGetter="false" isSetter="false">
              <Summary numSequencePoints="3" visitedSequencePoints="0" numBranchPoints="1" visitedBranchPoints="0" sequenceCoverage="0" branchCoverage="0" maxCyclomaticComplexity="1" minCyclomaticComplexity="1" maxCrapScore="2" minCrapScore="2" visitedClasses="0" numClasses="0" visitedMethods="0" numMethods="1" />
              <MetadataToken>100663364</MetadataToken>
              <Name>System.Object OrganizationLib.Organization::Clone()</Name>
              <FileRef uid="51" />
              <SequencePoints>
                <SequencePoint vc="0" uspid="1688" ordinal="0" offset="0" sl="88" sc="9" el="88" ec="10" bec="0" bev="0" fileid="51" />
                <SequencePoint vc="0" uspid="1689" ordinal="1" offset="1" sl="89" sc="13" el="89" ec="58" bec="0" bev="0" fileid="51" />
                <SequencePoint vc="0" uspid="1690" ordinal="2" offset="21" sl="90" sc="9" el="90" ec="10" bec="0" bev="0" fileid="51" />
              </SequencePoints>
              <BranchPoints />
              <MethodPoint xsi:type="SequencePoint" vc="0" uspid="1688" ordinal="0" offset="0" sl="88" sc="9" el="88" ec="10" bec="0" bev="0" fileid="51" />
            </Method>
            <Method visited="true" cyclomaticComplexity="3" nPathComplexity="4" sequenceCoverage="87.5" branchCoverage="80" crapScore="3.02" isConstructor="false" isStatic="false" isGetter="false" isSetter="false">
              <Summary numSequencePoints="8" visitedSequencePoints="7" numBranchPoints="5" visitedBranchPoints="4" sequenceCoverage="87.5" branchCoverage="80" maxCyclomaticComplexity="3" minCyclomaticComplexity="3" maxCrapScore="3.02" minCrapScore="3.02" visitedClasses="0" numClasses="0" visitedMethods="1" numMethods="1" />
              <MetadataToken>100663365</MetadataToken>
              <Name>System.Int32 OrganizationLib.Organization::CompareTo(OrganizationLib.Organization)</Name>
              <FileRef uid="51" />
              <SequencePoints>
                <SequencePoint vc="736" uspid="1691" ordinal="0" offset="0" sl="92" sc="9" el="92" ec="10" bec="0" bev="0" fileid="51" />
                <SequencePoint vc="736" uspid="1692" ordinal="1" offset="1" sl="93" sc="13" el="93" ec="53" bec="0" bev="0" fileid="51" />
                <SequencePoint vc="736" uspid="1693" ordinal="2" offset="3" sl="94" sc="13" el="94" ec="52" bec="2" bev="2" fileid="51" />
                <SequencePoint vc="478" uspid="1694" ordinal="3" offset="21" sl="95" sc="17" el="95" ec="26" bec="0" bev="0" fileid="51" />
                <SequencePoint vc="258" uspid="1695" ordinal="4" offset="25" sl="96" sc="13" el="96" ec="52" bec="2" bev="1" fileid="51" />
                <SequencePoint vc="258" uspid="1696" ordinal="5" offset="43" sl="97" sc="17" el="97" ec="27" bec="0" bev="0" fileid="51" />
                <SequencePoint vc="0" uspid="1697" ordinal="6" offset="47" sl="98" sc="13" el="98" ec="22" bec="0" bev="0" fileid="51" />
                <SequencePoint vc="736" uspid="1698" ordinal="7" offset="51" sl="99" sc="9" el="99" ec="10" bec="0" bev="0" fileid="51" />
              </SequencePoints>
              <BranchPoints>
                <BranchPoint vc="478" uspid="1699" ordinal="0" offset="19" sl="94" path="0" offsetend="21" fileid="51" />
                <BranchPoint vc="258" uspid="1700" ordinal="1" offset="19" sl="94" path="1" offsetend="25" fileid="51" />
                <BranchPoint vc="258" uspid="1701" ordinal="2" offset="41" sl="96" path="0" offsetend="43" fileid="51" />
                <BranchPoint vc="0" uspid="1702" ordinal="3" offset="41" sl="96" path="1" offsetend="47" fileid="51" />
              </BranchPoints>
              <MethodPoint xsi:type="SequencePoint" vc="736" uspid="1691" ordinal="0" offset="0" sl="92" sc="9" el="92" ec="10" bec="0" bev="0" fileid="51" />
            </Method>
            <Method visited="false" cyclomaticComplexity="4" nPathComplexity="8" sequenceCoverage="0" branchCoverage="0" crapScore="20" isConstructor="false" isStatic="false" isGetter="false" isSetter="false">
              <Summary numSequencePoints="8" visitedSequencePoints="0" numBranchPoints="7" visitedBranchPoints="0" sequenceCoverage="0" branchCoverage="0" maxCyclomaticComplexity="4" minCyclomaticComplexity="4" maxCrapScore="20" minCrapScore="20" visitedClasses="0" numClasses="0" visitedMethods="0" numMethods="1" />
              <MetadataToken>100663366</MetadataToken>
              <Name>System.Boolean OrganizationLib.Organization::Equals(System.Object)</Name>
              <FileRef uid="51" />
              <SequencePoints>
                <SequencePoint vc="0" uspid="1703" ordinal="0" offset="0" sl="102" sc="9" el="102" ec="10" bec="0" bev="0" fileid="51" />
                <SequencePoint vc="0" uspid="1704" ordinal="1" offset="1" sl="103" sc="13" el="103" ec="72" bec="4" bev="0" fileid="51" />
                <SequencePoint vc="0" uspid="1705" ordinal="2" offset="31" sl="104" sc="13" el="104" ec="14" bec="0" bev="0" fileid="51" />
                <SequencePoint vc="0" uspid="1706" ordinal="3" offset="32" sl="105" sc="17" el="105" ec="30" bec="0" bev="0" fileid="51" />
                <SequencePoint vc="0" uspid="1707" ordinal="4" offset="36" sl="108" sc="13" el="108" ec="14" bec="0" bev="0" fileid="51" />
                <SequencePoint vc="0" uspid="1708" ordinal="5" offset="37" sl="109" sc="17" el="109" ec="54" bec="0" bev="0" fileid="51" />
                <SequencePoint vc="0" uspid="1709" ordinal="6" offset="44" sl="110" sc="17" el="110" ec="83" bec="2" bev="0" fileid="51" />
                <SequencePoint vc="0" uspid="1710" ordinal="7" offset="83" sl="112" sc="9" el="112" ec="10" bec="0" bev="0" fileid="51" />
              </SequencePoints>
              <BranchPoints>
                <BranchPoint vc="0" uspid="1711" ordinal="0" offset="2" sl="103" path="0" offsetend="4" fileid="51" />
                <BranchPoint vc="0" uspid="1712" ordinal="1" offset="2" sl="103" path="1" offsetend="26" fileid="51" />
                <BranchPoint vc="0" uspid="1713" ordinal="2" offset="29" sl="103" path="0" offsetend="31" fileid="51" />
                <BranchPoint vc="0" uspid="1714" ordinal="3" offset="29" sl="103" path="1" offsetend="36" fileid="51" />
                <BranchPoint vc="0" uspid="1715" ordinal="4" offset="61" sl="110" path="0" offsetend="63" fileid="51" />
                <BranchPoint vc="0" uspid="1716" ordinal="5" offset="61" sl="110" path="1" offsetend="79" fileid="51" />
              </BranchPoints>
              <MethodPoint xsi:type="SequencePoint" vc="0" uspid="1703" ordinal="0" offset="0" sl="102" sc="9" el="102" ec="10" bec="0" bev="0" fileid="51" />
            </Method>
            <Method visited="false" cyclomaticComplexity="1" nPathComplexity="0" sequenceCoverage="0" branchCoverage="0" crapScore="2" isConstructor="false" isStatic="false" isGetter="false" isSetter="false">
              <Summary numSequencePoints="6" visitedSequencePoints="0" numBranchPoints="1" visitedBranchPoints="0" sequenceCoverage="0" branchCoverage="0" maxCyclomaticComplexity="1" minCyclomaticComplexity="1" maxCrapScore="2" minCrapScore="2" visitedClasses="0" numClasses="0" visitedMethods="0" numMethods="1" />
              <MetadataToken>100663367</MetadataToken>
              <Name>System.Int32 OrganizationLib.Organization::GetHashCode()</Name>
              <FileRef uid="51" />
              <SequencePoints>
                <SequencePoint vc="0" uspid="1717" ordinal="0" offset="0" sl="114" sc="9" el="114" ec="10" bec="0" bev="0" fileid="51" />
                <SequencePoint vc="0" uspid="1718" ordinal="1" offset="1" sl="115" sc="13" el="115" ec="40" bec="0" bev="0" fileid="51" />
                <SequencePoint vc="0" uspid="1719" ordinal="2" offset="7" sl="116" sc="13" el="116" ec="68" bec="0" bev="0" fileid="51" />
                <SequencePoint vc="0" uspid="1720" ordinal="3" offset="27" sl="117" sc="13" el="117" ec="77" bec="0" bev="0" fileid="51" />
                <SequencePoint vc="0" uspid="1721" ordinal="4" offset="50" sl="118" sc="13" el="118" ec="29" bec="0" bev="0" fileid="51" />
                <SequencePoint vc="0" uspid="1722" ordinal="5" offset="54" sl="119" sc="9" el="119" ec="10" bec="0" bev="0" fileid="51" />
              </SequencePoints>
              <BranchPoints />
              <MethodPoint xsi:type="SequencePoint" vc="0" uspid="1717" ordinal="0" offset="0" sl="114" sc="9" el="114" ec="10" bec="0" bev="0" fileid="51" />
            </Method>
            <Method visited="false" cyclomaticComplexity="1" nPathComplexity="0" sequenceCoverage="0" branchCoverage="0" crapScore="2" isConstructor="false" isStatic="false" isGetter="false" isSetter="false">
              <Summary numSequencePoints="3" visitedSequencePoints="0" numBranchPoints="1" visitedBranchPoints="0" sequenceCoverage="0" branchCoverage="0" maxCyclomaticComplexity="1" minCyclomaticComplexity="1" maxCrapScore="2" minCrapScore="2" visitedClasses="0" numClasses="0" visitedMethods="0" numMethods="1" />
              <MetadataToken>100663368</MetadataToken>
              <Name>System.String OrganizationLib.Organization::ToString()</Name>
              <FileRef uid="51" />
              <SequencePoints>
                <SequencePoint vc="0" uspid="1723" ordinal="0" offset="0" sl="121" sc="9" el="121" ec="10" bec="0" bev="0" fileid="51" />
                <SequencePoint vc="0" uspid="1724" ordinal="1" offset="1" sl="122" sc="13" el="122" ec="89" bec="0" bev="0" fileid="51" />
                <SequencePoint vc="0" uspid="1725" ordinal="2" offset="31" sl="123" sc="9" el="123" ec="10" bec="0" bev="0" fileid="51" />
              </SequencePoints>
              <BranchPoints />
              <MethodPoint xsi:type="SequencePoint" vc="0" uspid="1723" ordinal="0" offset="0" sl="121" sc="9" el="121" ec="10" bec="0" bev="0" fileid="51" />
            </Method>
            <Method visited="true" cyclomaticComplexity="1" nPathComplexity="0" sequenceCoverage="100" branchCoverage="100" crapScore="1" isConstructor="true" isStatic="true" isGetter="false" isSetter="false">
              <Summary numSequencePoints="1" visitedSequencePoints="1" numBranchPoints="1" visitedBranchPoints="1" sequenceCoverage="100" branchCoverage="100" maxCyclomaticComplexity="1" minCyclomaticComplexity="1" maxCrapScore="1" minCrapScore="1" visitedClasses="0" numClasses="0" visitedMethods="1" numMethods="1" />
              <MetadataToken>100663369</MetadataToken>
              <Name>System.Void OrganizationLib.Organization::.cctor()</Name>
              <FileRef uid="51" />
              <SequencePoints>
                <SequencePoint vc="1" uspid="1726" ordinal="0" offset="0" sl="20" sc="8" el="20" ec="54" bec="0" bev="0" fileid="51" />
              </SequencePoints>
              <BranchPoints />
              <MethodPoint xsi:type="SequencePoint" vc="1" uspid="1726" ordinal="0" offset="0" sl="20" sc="8" el="20" ec="54" bec="0" bev="0" fileid="51" />
            </Method>
          </Methods>
        </Class>
        <Class>
          <Summary numSequencePoints="9" visitedSequencePoints="0" numBranchPoints="5" visitedBranchPoints="0" sequenceCoverage="0" branchCoverage="0" maxCyclomaticComplexity="3" minCyclomaticComplexity="1" maxCrapScore="12" minCrapScore="2" visitedClasses="0" numClasses="1" visitedMethods="0" numMethods="1" />
          <FullName>OrganizationLib.SortByEmployeeCount</FullName>
          <Methods>
            <Method visited="false" cyclomaticComplexity="3" nPathComplexity="4" sequenceCoverage="0" branchCoverage="0" crapScore="12" isConstructor="false" isStatic="false" isGetter="false" isSetter="false">
              <Summary numSequencePoints="9" visitedSequencePoints="0" numBranchPoints="5" visitedBranchPoints="0" sequenceCoverage="0" branchCoverage="0" maxCyclomaticComplexity="3" minCyclomaticComplexity="3" maxCrapScore="12" minCrapScore="12" visitedClasses="0" numClasses="0" visitedMethods="0" numMethods="1" />
              <MetadataToken>100663370</MetadataToken>
              <Name>System.Int32 OrganizationLib.SortByEmployeeCount::System.Collections.IComparer.Compare(System.Object,System.Object)</Name>
              <FileRef uid="52" />
              <SequencePoints>
                <SequencePoint vc="0" uspid="1727" ordinal="0" offset="0" sl="13" sc="9" el="13" ec="10" bec="0" bev="0" fileid="52" />
                <SequencePoint vc="0" uspid="1728" ordinal="1" offset="1" sl="14" sc="13" el="14" ec="58" bec="0" bev="0" fileid="52" />
                <SequencePoint vc="0" uspid="1729" ordinal="2" offset="8" sl="15" sc="13" el="15" ec="58" bec="0" bev="0" fileid="52" />
                <SequencePoint vc="0" uspid="1730" ordinal="3" offset="15" sl="16" sc="13" el="16" ec="75" bec="2" bev="0" fileid="52" />
                <SequencePoint vc="0" uspid="1731" ordinal="4" offset="33" sl="17" sc="17" el="17" ec="26" bec="0" bev="0" fileid="52" />
                <SequencePoint vc="0" uspid="1732" ordinal="5" offset="37" sl="18" sc="13" el="18" ec="75" bec="2" bev="0" fileid="52" />
                <SequencePoint vc="0" uspid="1733" ordinal="6" offset="57" sl="19" sc="17" el="19" ec="27" bec="0" bev="0" fileid="52" />
                <SequencePoint vc="0" uspid="1734" ordinal="7" offset="61" sl="20" sc="13" el="20" ec="22" bec="0" bev="0" fileid="52" />
                <SequencePoint vc="0" uspid="1735" ordinal="8" offset="65" sl="21" sc="9" el="21" ec="10" bec="0" bev="0" fileid="52" />
              </SequencePoints>
              <BranchPoints>
                <BranchPoint vc="0" uspid="1736" ordinal="0" offset="31" sl="16" path="0" offsetend="33" fileid="52" />
                <BranchPoint vc="0" uspid="1737" ordinal="1" offset="31" sl="16" path="1" offsetend="37" fileid="52" />
                <BranchPoint vc="0" uspid="1738" ordinal="2" offset="55" sl="18" path="0" offsetend="57" fileid="52" />
                <BranchPoint vc="0" uspid="1739" ordinal="3" offset="55" sl="18" path="1" offsetend="61" fileid="52" />
              </BranchPoints>
              <MethodPoint xsi:type="SequencePoint" vc="0" uspid="1727" ordinal="0" offset="0" sl="13" sc="9" el="13" ec="10" bec="0" bev="0" fileid="52" />
            </Method>
            <Method visited="false" cyclomaticComplexity="1" nPathComplexity="0" sequenceCoverage="0" branchCoverage="0" crapScore="2" isConstructor="true" isStatic="false" isGetter="false" isSetter="false">
              <Summary numSequencePoints="0" visitedSequencePoints="0" numBranchPoints="0" visitedBranchPoints="0" sequenceCoverage="0" branchCoverage="0" maxCyclomaticComplexity="1" minCyclomaticComplexity="1" maxCrapScore="2" minCrapScore="2" visitedClasses="0" numClasses="0" visitedMethods="0" numMethods="0" />
              <MetadataToken>100663371</MetadataToken>
              <Name>System.Void OrganizationLib.SortByEmployeeCount::.ctor()</Name>
              <SequencePoints />
              <BranchPoints />
              <MethodPoint vc="0" uspid="1740" ordinal="0" offset="0" />
            </Method>
          </Methods>
        </Class>
        <Class>
          <Summary numSequencePoints="3" visitedSequencePoints="0" numBranchPoints="1" visitedBranchPoints="0" sequenceCoverage="0" branchCoverage="0" maxCyclomaticComplexity="1" minCyclomaticComplexity="1" maxCrapScore="2" minCrapScore="2" visitedClasses="0" numClasses="1" visitedMethods="0" numMethods="1" />
          <FullName>OrganizationLib.SortByType</FullName>
          <Methods>
            <Method visited="false" cyclomaticComplexity="1" nPathComplexity="0" sequenceCoverage="0" branchCoverage="0" crapScore="2" isConstructor="false" isStatic="false" isGetter="false" isSetter="false">
              <Summary numSequencePoints="3" visitedSequencePoints="0" numBranchPoints="1" visitedBranchPoints="0" sequenceCoverage="0" branchCoverage="0" maxCyclomaticComplexity="1" minCyclomaticComplexity="1" maxCrapScore="2" minCrapScore="2" visitedClasses="0" numClasses="0" visitedMethods="0" numMethods="1" />
              <MetadataToken>100663372</MetadataToken>
              <Name>System.Int32 OrganizationLib.SortByType::System.Collections.Generic.IComparer&lt;OrganizationLib.Organization&gt;.Compare(OrganizationLib.Organization,OrganizationLib.Organization)</Name>
              <FileRef uid="53" />
              <SequencePoints>
                <SequencePoint vc="0" uspid="1741" ordinal="0" offset="0" sl="14" sc="9" el="14" ec="10" bec="0" bev="0" fileid="53" />
                <SequencePoint vc="0" uspid="1742" ordinal="1" offset="1" sl="15" sc="13" el="15" ec="45" bec="0" bev="0" fileid="53" />
                <SequencePoint vc="0" uspid="1743" ordinal="2" offset="21" sl="16" sc="9" el="16" ec="10" bec="0" bev="0" fileid="53" />
              </SequencePoints>
              <BranchPoints />
              <MethodPoint xsi:type="SequencePoint" vc="0" uspid="1741" ordinal="0" offset="0" sl="14" sc="9" el="14" ec="10" bec="0" bev="0" fileid="53" />
            </Method>
            <Method visited="false" cyclomaticComplexity="1" nPathComplexity="0" sequenceCoverage="0" branchCoverage="0" crapScore="2" isConstructor="true" isStatic="false" isGetter="false" isSetter="false">
              <Summary numSequencePoints="0" visitedSequencePoints="0" numBranchPoints="0" visitedBranchPoints="0" sequenceCoverage="0" branchCoverage="0" maxCyclomaticComplexity="1" minCyclomaticComplexity="1" maxCrapScore="2" minCrapScore="2" visitedClasses="0" numClasses="0" visitedMethods="0" numMethods="0" />
              <MetadataToken>100663373</MetadataToken>
              <Name>System.Void OrganizationLib.SortByType::.ctor()</Name>
              <SequencePoints />
              <BranchPoints />
              <MethodPoint vc="0" uspid="1744" ordinal="0" offset="0" />
            </Method>
          </Methods>
        </Class>
      </Classes>
    </Module>
  </Modules>
</CoverageSession>