<?xml version="1.0" encoding="utf-8"?>
<CoverageSession xmlns:xsd="http://www.w3.org/2001/XMLSchema" xmlns:xsi="http://www.w3.org/2001/XMLSchema-instance" Version="4.7.1221.0">
  <Summary numSequencePoints="1062" visitedSequencePoints="335" numBranchPoints="333" visitedBranchPoints="115" sequenceCoverage="31.54" branchCoverage="34.53" maxCyclomaticComplexity="20" minCyclomaticComplexity="1" maxCrapScore="420" minCrapScore="1" visitedClasses="11" numClasses="26" visitedMethods="69" numMethods="157" />
  <Modules>
    <Module hash="0E-78-CE-CD-92-E7-B4-43-BE-2D-64-C8-23-37-43-1A-23-AA-F4-FF">
      <Summary numSequencePoints="106" visitedSequencePoints="85" numBranchPoints="15" visitedBranchPoints="12" sequenceCoverage="80.19" branchCoverage="80" maxCyclomaticComplexity="1" minCyclomaticComplexity="1" maxCrapScore="2" minCrapScore="1" visitedClasses="3" numClasses="6" visitedMethods="12" numMethods="15" />
      <ModulePath>C:\4 semestr\OOP_labs\UnitTestlab13\bin\Debug\fine-code-coverage\build-output\UnitTestlab13.dll</ModulePath>
      <ModuleTime>2025-03-01T09:57:59.3723903Z</ModuleTime>
      <ModuleName>UnitTestlab13</ModuleName>
      <Files>
        <File uid="1" fullPath="C:\4 semestr\OOP_labs\UnitTestlab13\UnitTest1.cs" />
      </Files>
      <Classes>
        <Class>
          <Summary numSequencePoints="18" visitedSequencePoints="18" numBranchPoints="2" visitedBranchPoints="2" sequenceCoverage="100" branchCoverage="100" maxCyclomaticComplexity="1" minCyclomaticComplexity="1" maxCrapScore="2" minCrapScore="1" visitedClasses="1" numClasses="1" visitedMethods="2" numMethods="2" />
          <FullName>UnitTestlab13.CollectionHandlerEventArgsTest</FullName>
          <Methods>
            <Method visited="true" cyclomaticComplexity="1" nPathComplexity="0" sequenceCoverage="100" branchCoverage="100" crapScore="1" isConstructor="false" isStatic="false" isGetter="false" isSetter="false">
              <Summary numSequencePoints="9" visitedSequencePoints="9" numBranchPoints="1" visitedBranchPoints="1" sequenceCoverage="100" branchCoverage="100" maxCyclomaticComplexity="1" minCyclomaticComplexity="1" maxCrapScore="1" minCrapScore="1" visitedClasses="0" numClasses="0" visitedMethods="1" numMethods="1" />
              <MetadataToken>100663297</MetadataToken>
              <Name>System.Void UnitTestlab13.CollectionHandlerEventArgsTest::ConstructorTest()</Name>
              <FileRef uid="1" />
              <SequencePoints>
                <SequencePoint vc="1" uspid="1" ordinal="0" offset="0" sl="15" sc="9" el="15" ec="10" bec="0" bev="0" fileid="1" />
                <SequencePoint vc="1" uspid="2" ordinal="1" offset="1" sl="16" sc="13" el="16" ec="52" bec="0" bev="0" fileid="1" />
                <SequencePoint vc="1" uspid="3" ordinal="2" offset="7" sl="17" sc="13" el="17" ec="43" bec="0" bev="0" fileid="1" />
                <SequencePoint vc="1" uspid="4" ordinal="3" offset="13" sl="18" sc="13" el="18" ec="112" bec="0" bev="0" fileid="1" />
                <SequencePoint vc="1" uspid="5" ordinal="4" offset="39" sl="19" sc="13" el="19" ec="139" bec="0" bev="0" fileid="1" />
                <SequencePoint vc="1" uspid="6" ordinal="5" offset="48" sl="20" sc="13" el="20" ec="75" bec="0" bev="0" fileid="1" />
                <SequencePoint vc="1" uspid="7" ordinal="6" offset="61" sl="21" sc="13" el="21" ec="67" bec="0" bev="0" fileid="1" />
                <SequencePoint vc="1" uspid="8" ordinal="7" offset="74" sl="22" sc="13" el="22" ec="75" bec="0" bev="0" fileid="1" />
                <SequencePoint vc="1" uspid="9" ordinal="8" offset="87" sl="23" sc="9" el="23" ec="10" bec="0" bev="0" fileid="1" />
              </SequencePoints>
              <BranchPoints />
              <MethodPoint xsi:type="SequencePoint" vc="1" uspid="1" ordinal="0" offset="0" sl="15" sc="9" el="15" ec="10" bec="0" bev="0" fileid="1" />
            </Method>
            <Method visited="true" cyclomaticComplexity="1" nPathComplexity="0" sequenceCoverage="100" branchCoverage="100" crapScore="1" isConstructor="false" isStatic="false" isGetter="false" isSetter="false">
              <Summary numSequencePoints="9" visitedSequencePoints="9" numBranchPoints="1" visitedBranchPoints="1" sequenceCoverage="100" branchCoverage="100" maxCyclomaticComplexity="1" minCyclomaticComplexity="1" maxCrapScore="1" minCrapScore="1" visitedClasses="0" numClasses="0" visitedMethods="1" numMethods="1" />
              <MetadataToken>100663298</MetadataToken>
              <Name>System.Void UnitTestlab13.CollectionHandlerEventArgsTest::TestToString()</Name>
              <FileRef uid="1" />
              <SequencePoints>
                <SequencePoint vc="1" uspid="10" ordinal="0" offset="0" sl="27" sc="9" el="27" ec="10" bec="0" bev="0" fileid="1" />
                <SequencePoint vc="1" uspid="11" ordinal="1" offset="1" sl="28" sc="13" el="28" ec="52" bec="0" bev="0" fileid="1" />
                <SequencePoint vc="1" uspid="12" ordinal="2" offset="7" sl="29" sc="13" el="29" ec="43" bec="0" bev="0" fileid="1" />
                <SequencePoint vc="1" uspid="13" ordinal="3" offset="13" sl="30" sc="13" el="30" ec="112" bec="0" bev="0" fileid="1" />
                <SequencePoint vc="1" uspid="14" ordinal="4" offset="39" sl="31" sc="13" el="31" ec="116" bec="0" bev="0" fileid="1" />
                <SequencePoint vc="1" uspid="15" ordinal="5" offset="48" sl="32" sc="13" el="32" ec="47" bec="0" bev="0" fileid="1" />
                <SequencePoint vc="1" uspid="16" ordinal="6" offset="56" sl="33" sc="13" el="33" ec="150" bec="0" bev="0" fileid="1" />
                <SequencePoint vc="1" uspid="17" ordinal="7" offset="71" sl="34" sc="13" el="34" ec="102" bec="0" bev="0" fileid="1" />
                <SequencePoint vc="1" uspid="18" ordinal="8" offset="86" sl="35" sc="9" el="35" ec="10" bec="0" bev="0" fileid="1" />
              </SequencePoints>
              <BranchPoints />
              <MethodPoint xsi:type="SequencePoint" vc="1" uspid="10" ordinal="0" offset="0" sl="27" sc="9" el="27" ec="10" bec="0" bev="0" fileid="1" />
            </Method>
            <Method visited="false" cyclomaticComplexity="1" nPathComplexity="0" sequenceCoverage="0" branchCoverage="0" crapScore="2" isConstructor="true" isStatic="false" isGetter="false" isSetter="false">
              <Summary numSequencePoints="0" visitedSequencePoints="0" numBranchPoints="0" visitedBranchPoints="0" sequenceCoverage="0" branchCoverage="0" maxCyclomaticComplexity="1" minCyclomaticComplexity="1" maxCrapScore="2" minCrapScore="2" visitedClasses="0" numClasses="0" visitedMethods="0" numMethods="0" />
              <MetadataToken>100663299</MetadataToken>
              <Name>System.Void UnitTestlab13.CollectionHandlerEventArgsTest::.ctor()</Name>
              <SequencePoints />
              <BranchPoints />
              <MethodPoint vc="0" uspid="19" ordinal="0" offset="0" />
            </Method>
          </Methods>
        </Class>
        <Class>
          <Summary numSequencePoints="40" visitedSequencePoints="37" numBranchPoints="6" visitedBranchPoints="6" sequenceCoverage="92.5" branchCoverage="100" maxCyclomaticComplexity="1" minCyclomaticComplexity="1" maxCrapScore="2" minCrapScore="1" visitedClasses="1" numClasses="1" visitedMethods="6" numMethods="6" />
          <FullName>UnitTestlab13.NewTreeTest</FullName>
          <Methods>
            <Method visited="true" cyclomaticComplexity="1" nPathComplexity="0" sequenceCoverage="100" branchCoverage="100" crapScore="1" isConstructor="false" isStatic="false" isGetter="false" isSetter="false">
              <Summary numSequencePoints="13" visitedSequencePoints="13" numBranchPoints="1" visitedBranchPoints="1" sequenceCoverage="100" branchCoverage="100" maxCyclomaticComplexity="1" minCyclomaticComplexity="1" maxCrapScore="1" minCrapScore="1" visitedClasses="0" numClasses="0" visitedMethods="1" numMethods="1" />
              <MetadataToken>100663300</MetadataToken>
              <Name>System.Void UnitTestlab13.NewTreeTest::Setup()</Name>
              <FileRef uid="1" />
              <SequencePoints>
                <SequencePoint vc="5" uspid="20" ordinal="0" offset="0" sl="43" sc="9" el="43" ec="10" bec="0" bev="0" fileid="1" />
                <SequencePoint vc="5" uspid="21" ordinal="1" offset="1" sl="44" sc="13" el="44" ec="73" bec="0" bev="0" fileid="1" />
                <SequencePoint vc="5" uspid="22" ordinal="2" offset="24" sl="45" sc="13" el="45" ec="45" bec="0" bev="0" fileid="1" />
                <SequencePoint vc="5" uspid="23" ordinal="3" offset="41" sl="46" sc="13" el="46" ec="52" bec="0" bev="0" fileid="1" />
                <SequencePoint vc="5" uspid="24" ordinal="4" offset="47" sl="47" sc="13" el="47" ec="29" bec="0" bev="0" fileid="1" />
                <SequencePoint vc="5" uspid="25" ordinal="5" offset="54" sl="48" sc="13" el="48" ec="52" bec="0" bev="0" fileid="1" />
                <SequencePoint vc="5" uspid="26" ordinal="6" offset="60" sl="49" sc="13" el="49" ec="29" bec="0" bev="0" fileid="1" />
                <SequencePoint vc="5" uspid="27" ordinal="7" offset="67" sl="50" sc="13" el="50" ec="52" bec="0" bev="0" fileid="1" />
                <SequencePoint vc="5" uspid="28" ordinal="8" offset="73" sl="51" sc="13" el="51" ec="29" bec="0" bev="0" fileid="1" />
                <SequencePoint vc="5" uspid="29" ordinal="9" offset="80" sl="52" sc="13" el="52" ec="31" bec="0" bev="0" fileid="1" />
                <SequencePoint vc="5" uspid="30" ordinal="10" offset="93" sl="53" sc="13" el="53" ec="31" bec="0" bev="0" fileid="1" />
                <SequencePoint vc="5" uspid="31" ordinal="11" offset="106" sl="54" sc="13" el="54" ec="31" bec="0" bev="0" fileid="1" />
                <SequencePoint vc="5" uspid="32" ordinal="12" offset="119" sl="55" sc="9" el="55" ec="10" bec="0" bev="0" fileid="1" />
              </SequencePoints>
              <BranchPoints />
              <MethodPoint xsi:type="SequencePoint" vc="5" uspid="20" ordinal="0" offset="0" sl="43" sc="9" el="43" ec="10" bec="0" bev="0" fileid="1" />
            </Method>
            <Method visited="true" cyclomaticComplexity="1" nPathComplexity="0" sequenceCoverage="60" branchCoverage="100" crapScore="1.06" isConstructor="false" isStatic="false" isGetter="false" isSetter="false">
              <Summary numSequencePoints="5" visitedSequencePoints="3" numBranchPoints="1" visitedBranchPoints="1" sequenceCoverage="60" branchCoverage="100" maxCyclomaticComplexity="1" minCyclomaticComplexity="1" maxCrapScore="1.06" minCrapScore="1.06" visitedClasses="0" numClasses="0" visitedMethods="1" numMethods="1" />
              <MetadataToken>100663301</MetadataToken>
              <Name>System.Void UnitTestlab13.NewTreeTest::TestIndexator()</Name>
              <FileRef uid="1" />
              <SequencePoints>
                <SequencePoint vc="1" uspid="33" ordinal="0" offset="0" sl="58" sc="9" el="58" ec="10" bec="0" bev="0" fileid="1" />
                <SequencePoint vc="1" uspid="34" ordinal="1" offset="1" sl="59" sc="13" el="59" ec="63" bec="0" bev="0" fileid="1" />
                <SequencePoint vc="1" uspid="35" ordinal="2" offset="13" sl="60" sc="13" el="60" ec="33" bec="0" bev="0" fileid="1" />
                <SequencePoint vc="0" uspid="36" ordinal="3" offset="27" sl="61" sc="13" el="61" ec="49" bec="0" bev="0" fileid="1" />
                <SequencePoint vc="0" uspid="37" ordinal="4" offset="46" sl="62" sc="9" el="62" ec="10" bec="0" bev="0" fileid="1" />
              </SequencePoints>
              <BranchPoints />
              <MethodPoint xsi:type="SequencePoint" vc="1" uspid="33" ordinal="0" offset="0" sl="58" sc="9" el="58" ec="10" bec="0" bev="0" fileid="1" />
            </Method>
            <Method visited="true" cyclomaticComplexity="1" nPathComplexity="0" sequenceCoverage="66.67" branchCoverage="100" crapScore="1.04" isConstructor="false" isStatic="false" isGetter="false" isSetter="false">
              <Summary numSequencePoints="3" visitedSequencePoints="2" numBranchPoints="1" visitedBranchPoints="1" sequenceCoverage="66.67" branchCoverage="100" maxCyclomaticComplexity="1" minCyclomaticComplexity="1" maxCrapScore="1.04" minCrapScore="1.04" visitedClasses="0" numClasses="0" visitedMethods="1" numMethods="1" />
              <MetadataToken>100663302</MetadataToken>
              <Name>System.Void UnitTestlab13.NewTreeTest::TestIndexator2()</Name>
              <FileRef uid="1" />
              <SequencePoints>
                <SequencePoint vc="1" uspid="38" ordinal="0" offset="0" sl="66" sc="9" el="66" ec="10" bec="0" bev="0" fileid="1" />
                <SequencePoint vc="1" uspid="39" ordinal="1" offset="1" sl="67" sc="13" el="67" ec="38" bec="0" bev="0" fileid="1" />
                <SequencePoint vc="0" uspid="40" ordinal="2" offset="14" sl="68" sc="9" el="68" ec="10" bec="0" bev="0" fileid="1" />
              </SequencePoints>
              <BranchPoints />
              <MethodPoint xsi:type="SequencePoint" vc="1" uspid="38" ordinal="0" offset="0" sl="66" sc="9" el="66" ec="10" bec="0" bev="0" fileid="1" />
            </Method>
            <Method visited="true" cyclomaticComplexity="1" nPathComplexity="0" sequenceCoverage="100" branchCoverage="100" crapScore="1" isConstructor="false" isStatic="false" isGetter="false" isSetter="false">
              <Summary numSequencePoints="6" visitedSequencePoints="6" numBranchPoints="1" visitedBranchPoints="1" sequenceCoverage="100" branchCoverage="100" maxCyclomaticComplexity="1" minCyclomaticComplexity="1" maxCrapScore="1" minCrapScore="1" visitedClasses="0" numClasses="0" visitedMethods="1" numMethods="1" />
              <MetadataToken>100663303</MetadataToken>
              <Name>System.Void UnitTestlab13.NewTreeTest::TestAddEvent()</Name>
              <FileRef uid="1" />
              <SequencePoints>
                <SequencePoint vc="1" uspid="41" ordinal="0" offset="6" sl="71" sc="9" el="71" ec="10" bec="0" bev="0" fileid="1" />
                <SequencePoint vc="1" uspid="42" ordinal="1" offset="7" sl="72" sc="13" el="72" ec="63" bec="0" bev="0" fileid="1" />
                <SequencePoint vc="1" uspid="43" ordinal="2" offset="24" sl="73" sc="13" el="73" ec="33" bec="0" bev="0" fileid="1" />
                <SequencePoint vc="1" uspid="44" ordinal="3" offset="42" sl="74" sc="13" el="74" ec="36" bec="0" bev="0" fileid="1" />
                <SequencePoint vc="1" uspid="45" ordinal="4" offset="49" sl="75" sc="13" el="81" ec="15" bec="0" bev="0" fileid="1" />
                <SequencePoint vc="1" uspid="46" ordinal="5" offset="73" sl="82" sc="9" el="82" ec="10" bec="0" bev="0" fileid="1" />
              </SequencePoints>
              <BranchPoints />
              <MethodPoint vc="1" uspid="47" ordinal="0" offset="0" />
            </Method>
            <Method visited="true" cyclomaticComplexity="1" nPathComplexity="0" sequenceCoverage="100" branchCoverage="100" crapScore="1" isConstructor="false" isStatic="false" isGetter="false" isSetter="false">
              <Summary numSequencePoints="7" visitedSequencePoints="7" numBranchPoints="1" visitedBranchPoints="1" sequenceCoverage="100" branchCoverage="100" maxCyclomaticComplexity="1" minCyclomaticComplexity="1" maxCrapScore="1" minCrapScore="1" visitedClasses="0" numClasses="0" visitedMethods="1" numMethods="1" />
              <MetadataToken>100663304</MetadataToken>
              <Name>System.Void UnitTestlab13.NewTreeTest::TestRemoveEvent()</Name>
              <FileRef uid="1" />
              <SequencePoints>
                <SequencePoint vc="1" uspid="48" ordinal="0" offset="6" sl="85" sc="9" el="85" ec="10" bec="0" bev="0" fileid="1" />
                <SequencePoint vc="1" uspid="49" ordinal="1" offset="7" sl="86" sc="13" el="86" ec="63" bec="0" bev="0" fileid="1" />
                <SequencePoint vc="1" uspid="50" ordinal="2" offset="24" sl="87" sc="13" el="87" ec="33" bec="0" bev="0" fileid="1" />
                <SequencePoint vc="1" uspid="51" ordinal="3" offset="42" sl="88" sc="13" el="88" ec="36" bec="0" bev="0" fileid="1" />
                <SequencePoint vc="1" uspid="52" ordinal="4" offset="60" sl="89" sc="13" el="89" ec="37" bec="0" bev="0" fileid="1" />
                <SequencePoint vc="1" uspid="53" ordinal="5" offset="67" sl="90" sc="13" el="96" ec="15" bec="0" bev="0" fileid="1" />
                <SequencePoint vc="1" uspid="54" ordinal="6" offset="91" sl="97" sc="9" el="97" ec="10" bec="0" bev="0" fileid="1" />
              </SequencePoints>
              <BranchPoints />
              <MethodPoint vc="1" uspid="55" ordinal="0" offset="0" />
            </Method>
            <Method visited="true" cyclomaticComplexity="1" nPathComplexity="0" sequenceCoverage="100" branchCoverage="100" crapScore="1" isConstructor="false" isStatic="false" isGetter="false" isSetter="false">
              <Summary numSequencePoints="6" visitedSequencePoints="6" numBranchPoints="1" visitedBranchPoints="1" sequenceCoverage="100" branchCoverage="100" maxCyclomaticComplexity="1" minCyclomaticComplexity="1" maxCrapScore="1" minCrapScore="1" visitedClasses="0" numClasses="0" visitedMethods="1" numMethods="1" />
              <MetadataToken>100663305</MetadataToken>
              <Name>System.Void UnitTestlab13.NewTreeTest::TestIndexatorEvent()</Name>
              <FileRef uid="1" />
              <SequencePoints>
                <SequencePoint vc="1" uspid="56" ordinal="0" offset="6" sl="100" sc="9" el="100" ec="10" bec="0" bev="0" fileid="1" />
                <SequencePoint vc="1" uspid="57" ordinal="1" offset="7" sl="101" sc="13" el="101" ec="63" bec="0" bev="0" fileid="1" />
                <SequencePoint vc="1" uspid="58" ordinal="2" offset="24" sl="102" sc="13" el="102" ec="33" bec="0" bev="0" fileid="1" />
                <SequencePoint vc="1" uspid="59" ordinal="3" offset="43" sl="103" sc="13" el="103" ec="36" bec="0" bev="0" fileid="1" />
                <SequencePoint vc="1" uspid="60" ordinal="4" offset="50" sl="104" sc="13" el="110" ec="15" bec="0" bev="0" fileid="1" />
                <SequencePoint vc="1" uspid="61" ordinal="5" offset="74" sl="111" sc="9" el="111" ec="10" bec="0" bev="0" fileid="1" />
              </SequencePoints>
              <BranchPoints />
              <MethodPoint vc="1" uspid="62" ordinal="0" offset="0" />
            </Method>
            <Method visited="false" cyclomaticComplexity="1" nPathComplexity="0" sequenceCoverage="0" branchCoverage="0" crapScore="2" isConstructor="true" isStatic="false" isGetter="false" isSetter="false">
              <Summary numSequencePoints="0" visitedSequencePoints="0" numBranchPoints="0" visitedBranchPoints="0" sequenceCoverage="0" branchCoverage="0" maxCyclomaticComplexity="1" minCyclomaticComplexity="1" maxCrapScore="2" minCrapScore="2" visitedClasses="0" numClasses="0" visitedMethods="0" numMethods="0" />
              <MetadataToken>100663306</MetadataToken>
              <Name>System.Void UnitTestlab13.NewTreeTest::.ctor()</Name>
              <SequencePoints />
              <BranchPoints />
              <MethodPoint vc="0" uspid="63" ordinal="0" offset="0" />
            </Method>
          </Methods>
        </Class>
        <Class>
          <Summary numSequencePoints="6" visitedSequencePoints="0" numBranchPoints="1" visitedBranchPoints="0" sequenceCoverage="0" branchCoverage="0" maxCyclomaticComplexity="1" minCyclomaticComplexity="1" maxCrapScore="2" minCrapScore="2" visitedClasses="0" numClasses="1" visitedMethods="0" numMethods="1" />
          <FullName>UnitTestlab13.NewTreeTest/&lt;&gt;c__DisplayClass4_0</FullName>
          <Methods>
            <Method visited="false" cyclomaticComplexity="1" nPathComplexity="0" sequenceCoverage="0" branchCoverage="0" crapScore="2" isConstructor="true" isStatic="false" isGetter="false" isSetter="false">
              <Summary numSequencePoints="0" visitedSequencePoints="0" numBranchPoints="0" visitedBranchPoints="0" sequenceCoverage="0" branchCoverage="0" maxCyclomaticComplexity="1" minCyclomaticComplexity="1" maxCrapScore="2" minCrapScore="2" visitedClasses="0" numClasses="0" visitedMethods="0" numMethods="0" />
              <MetadataToken>100663312</MetadataToken>
              <Name>System.Void UnitTestlab13.NewTreeTest/&lt;&gt;c__DisplayClass4_0::.ctor()</Name>
              <SequencePoints />
              <BranchPoints />
              <MethodPoint vc="0" uspid="64" ordinal="0" offset="0" />
            </Method>
            <Method visited="false" cyclomaticComplexity="1" nPathComplexity="0" sequenceCoverage="0" branchCoverage="0" crapScore="2" isConstructor="false" isStatic="false" isGetter="false" isSetter="false">
              <Summary numSequencePoints="6" visitedSequencePoints="0" numBranchPoints="1" visitedBranchPoints="0" sequenceCoverage="0" branchCoverage="0" maxCyclomaticComplexity="1" minCyclomaticComplexity="1" maxCrapScore="2" minCrapScore="2" visitedClasses="0" numClasses="0" visitedMethods="0" numMethods="1" />
              <MetadataToken>100663313</MetadataToken>
              <Name>System.Void UnitTestlab13.NewTreeTest/&lt;&gt;c__DisplayClass4_0::&lt;TestAddEvent&gt;b__0(System.Object,Lab13.CollectionHandlerEventArgs)</Name>
              <FileRef uid="1" />
              <SequencePoints>
                <SequencePoint vc="0" uspid="65" ordinal="0" offset="0" sl="76" sc="13" el="76" ec="14" bec="0" bev="0" fileid="1" />
                <SequencePoint vc="0" uspid="66" ordinal="1" offset="1" sl="77" sc="17" el="77" ec="34" bec="0" bev="0" fileid="1" />
                <SequencePoint vc="0" uspid="67" ordinal="2" offset="8" sl="78" sc="17" el="78" ec="72" bec="0" bev="0" fileid="1" />
                <SequencePoint vc="0" uspid="68" ordinal="3" offset="25" sl="79" sc="17" el="79" ec="72" bec="0" bev="0" fileid="1" />
                <SequencePoint vc="0" uspid="69" ordinal="4" offset="42" sl="80" sc="17" el="80" ec="73" bec="0" bev="0" fileid="1" />
                <SequencePoint vc="0" uspid="70" ordinal="5" offset="65" sl="81" sc="13" el="81" ec="14" bec="0" bev="0" fileid="1" />
              </SequencePoints>
              <BranchPoints />
              <MethodPoint xsi:type="SequencePoint" vc="0" uspid="65" ordinal="0" offset="0" sl="76" sc="13" el="76" ec="14" bec="0" bev="0" fileid="1" />
            </Method>
          </Methods>
        </Class>
        <Class>
          <Summary numSequencePoints="6" visitedSequencePoints="0" numBranchPoints="1" visitedBranchPoints="0" sequenceCoverage="0" branchCoverage="0" maxCyclomaticComplexity="1" minCyclomaticComplexity="1" maxCrapScore="2" minCrapScore="2" visitedClasses="0" numClasses="1" visitedMethods="0" numMethods="1" />
          <FullName>UnitTestlab13.NewTreeTest/&lt;&gt;c__DisplayClass5_0</FullName>
          <Methods>
            <Method visited="false" cyclomaticComplexity="1" nPathComplexity="0" sequenceCoverage="0" branchCoverage="0" crapScore="2" isConstructor="true" isStatic="false" isGetter="false" isSetter="false">
              <Summary numSequencePoints="0" visitedSequencePoints="0" numBranchPoints="0" visitedBranchPoints="0" sequenceCoverage="0" branchCoverage="0" maxCyclomaticComplexity="1" minCyclomaticComplexity="1" maxCrapScore="2" minCrapScore="2" visitedClasses="0" numClasses="0" visitedMethods="0" numMethods="0" />
              <MetadataToken>100663314</MetadataToken>
              <Name>System.Void UnitTestlab13.NewTreeTest/&lt;&gt;c__DisplayClass5_0::.ctor()</Name>
              <SequencePoints />
              <BranchPoints />
              <MethodPoint vc="0" uspid="71" ordinal="0" offset="0" />
            </Method>
            <Method visited="false" cyclomaticComplexity="1" nPathComplexity="0" sequenceCoverage="0" branchCoverage="0" crapScore="2" isConstructor="false" isStatic="false" isGetter="false" isSetter="false">
              <Summary numSequencePoints="6" visitedSequencePoints="0" numBranchPoints="1" visitedBranchPoints="0" sequenceCoverage="0" branchCoverage="0" maxCyclomaticComplexity="1" minCyclomaticComplexity="1" maxCrapScore="2" minCrapScore="2" visitedClasses="0" numClasses="0" visitedMethods="0" numMethods="1" />
              <MetadataToken>100663315</MetadataToken>
              <Name>System.Void UnitTestlab13.NewTreeTest/&lt;&gt;c__DisplayClass5_0::&lt;TestRemoveEvent&gt;b__0(System.Object,Lab13.CollectionHandlerEventArgs)</Name>
              <FileRef uid="1" />
              <SequencePoints>
                <SequencePoint vc="0" uspid="72" ordinal="0" offset="0" sl="91" sc="13" el="91" ec="14" bec="0" bev="0" fileid="1" />
                <SequencePoint vc="0" uspid="73" ordinal="1" offset="1" sl="92" sc="17" el="92" ec="35" bec="0" bev="0" fileid="1" />
                <SequencePoint vc="0" uspid="74" ordinal="2" offset="8" sl="93" sc="17" el="93" ec="72" bec="0" bev="0" fileid="1" />
                <SequencePoint vc="0" uspid="75" ordinal="3" offset="25" sl="94" sc="17" el="94" ec="71" bec="0" bev="0" fileid="1" />
                <SequencePoint vc="0" uspid="76" ordinal="4" offset="42" sl="95" sc="17" el="95" ec="73" bec="0" bev="0" fileid="1" />
                <SequencePoint vc="0" uspid="77" ordinal="5" offset="65" sl="96" sc="13" el="96" ec="14" bec="0" bev="0" fileid="1" />
              </SequencePoints>
              <BranchPoints />
              <MethodPoint xsi:type="SequencePoint" vc="0" uspid="72" ordinal="0" offset="0" sl="91" sc="13" el="91" ec="14" bec="0" bev="0" fileid="1" />
            </Method>
          </Methods>
        </Class>
        <Class>
          <Summary numSequencePoints="6" visitedSequencePoints="0" numBranchPoints="1" visitedBranchPoints="0" sequenceCoverage="0" branchCoverage="0" maxCyclomaticComplexity="1" minCyclomaticComplexity="1" maxCrapScore="2" minCrapScore="2" visitedClasses="0" numClasses="1" visitedMethods="0" numMethods="1" />
          <FullName>UnitTestlab13.NewTreeTest/&lt;&gt;c__DisplayClass6_0</FullName>
          <Methods>
            <Method visited="false" cyclomaticComplexity="1" nPathComplexity="0" sequenceCoverage="0" branchCoverage="0" crapScore="2" isConstructor="true" isStatic="false" isGetter="false" isSetter="false">
              <Summary numSequencePoints="0" visitedSequencePoints="0" numBranchPoints="0" visitedBranchPoints="0" sequenceCoverage="0" branchCoverage="0" maxCyclomaticComplexity="1" minCyclomaticComplexity="1" maxCrapScore="2" minCrapScore="2" visitedClasses="0" numClasses="0" visitedMethods="0" numMethods="0" />
              <MetadataToken>100663316</MetadataToken>
              <Name>System.Void UnitTestlab13.NewTreeTest/&lt;&gt;c__DisplayClass6_0::.ctor()</Name>
              <SequencePoints />
              <BranchPoints />
              <MethodPoint vc="0" uspid="78" ordinal="0" offset="0" />
            </Method>
            <Method visited="false" cyclomaticComplexity="1" nPathComplexity="0" sequenceCoverage="0" branchCoverage="0" crapScore="2" isConstructor="false" isStatic="false" isGetter="false" isSetter="false">
              <Summary numSequencePoints="6" visitedSequencePoints="0" numBranchPoints="1" visitedBranchPoints="0" sequenceCoverage="0" branchCoverage="0" maxCyclomaticComplexity="1" minCyclomaticComplexity="1" maxCrapScore="2" minCrapScore="2" visitedClasses="0" numClasses="0" visitedMethods="0" numMethods="1" />
              <MetadataToken>100663317</MetadataToken>
              <Name>System.Void UnitTestlab13.NewTreeTest/&lt;&gt;c__DisplayClass6_0::&lt;TestIndexatorEvent&gt;b__0(System.Object,Lab13.CollectionHandlerEventArgs)</Name>
              <FileRef uid="1" />
              <SequencePoints>
                <SequencePoint vc="0" uspid="79" ordinal="0" offset="0" sl="105" sc="13" el="105" ec="14" bec="0" bev="0" fileid="1" />
                <SequencePoint vc="0" uspid="80" ordinal="1" offset="1" sl="106" sc="17" el="106" ec="34" bec="0" bev="0" fileid="1" />
                <SequencePoint vc="0" uspid="81" ordinal="2" offset="8" sl="107" sc="17" el="107" ec="72" bec="0" bev="0" fileid="1" />
                <SequencePoint vc="0" uspid="82" ordinal="3" offset="25" sl="108" sc="17" el="108" ec="72" bec="0" bev="0" fileid="1" />
                <SequencePoint vc="0" uspid="83" ordinal="4" offset="42" sl="109" sc="17" el="109" ec="73" bec="0" bev="0" fileid="1" />
                <SequencePoint vc="0" uspid="84" ordinal="5" offset="65" sl="110" sc="13" el="110" ec="14" bec="0" bev="0" fileid="1" />
              </SequencePoints>
              <BranchPoints />
              <MethodPoint xsi:type="SequencePoint" vc="0" uspid="79" ordinal="0" offset="0" sl="105" sc="13" el="105" ec="14" bec="0" bev="0" fileid="1" />
            </Method>
          </Methods>
        </Class>
        <Class>
          <Summary numSequencePoints="30" visitedSequencePoints="30" numBranchPoints="4" visitedBranchPoints="4" sequenceCoverage="100" branchCoverage="100" maxCyclomaticComplexity="1" minCyclomaticComplexity="1" maxCrapScore="2" minCrapScore="1" visitedClasses="1" numClasses="1" visitedMethods="4" numMethods="4" />
          <FullName>UnitTestlab13.JournalTests</FullName>
          <Methods>
            <Method visited="true" cyclomaticComplexity="1" nPathComplexity="0" sequenceCoverage="100" branchCoverage="100" crapScore="1" isConstructor="false" isStatic="false" isGetter="false" isSetter="false">
              <Summary numSequencePoints="9" visitedSequencePoints="9" numBranchPoints="1" visitedBranchPoints="1" sequenceCoverage="100" branchCoverage="100" maxCyclomaticComplexity="1" minCyclomaticComplexity="1" maxCrapScore="1" minCrapScore="1" visitedClasses="0" numClasses="0" visitedMethods="1" numMethods="1" />
              <MetadataToken>100663307</MetadataToken>
              <Name>System.Void UnitTestlab13.JournalTests::JournalEntry_Constructor()</Name>
              <FileRef uid="1" />
              <SequencePoints>
                <SequencePoint vc="1" uspid="85" ordinal="0" offset="0" sl="118" sc="9" el="118" ec="10" bec="0" bev="0" fileid="1" />
                <SequencePoint vc="1" uspid="86" ordinal="1" offset="1" sl="119" sc="13" el="119" ec="54" bec="0" bev="0" fileid="1" />
                <SequencePoint vc="1" uspid="87" ordinal="2" offset="7" sl="120" sc="13" el="120" ec="42" bec="0" bev="0" fileid="1" />
                <SequencePoint vc="1" uspid="88" ordinal="3" offset="13" sl="121" sc="13" el="121" ec="38" bec="0" bev="0" fileid="1" />
                <SequencePoint vc="1" uspid="89" ordinal="4" offset="19" sl="123" sc="13" el="123" ec="76" bec="0" bev="0" fileid="1" />
                <SequencePoint vc="1" uspid="90" ordinal="5" offset="28" sl="125" sc="13" el="125" ec="67" bec="0" bev="0" fileid="1" />
                <SequencePoint vc="1" uspid="91" ordinal="6" offset="41" sl="126" sc="13" el="126" ec="59" bec="0" bev="0" fileid="1" />
                <SequencePoint vc="1" uspid="92" ordinal="7" offset="54" sl="127" sc="13" el="127" ec="47" bec="0" bev="0" fileid="1" />
                <SequencePoint vc="1" uspid="93" ordinal="8" offset="67" sl="128" sc="9" el="128" ec="10" bec="0" bev="0" fileid="1" />
              </SequencePoints>
              <BranchPoints />
              <MethodPoint xsi:type="SequencePoint" vc="1" uspid="85" ordinal="0" offset="0" sl="118" sc="9" el="118" ec="10" bec="0" bev="0" fileid="1" />
            </Method>
            <Method visited="true" cyclomaticComplexity="1" nPathComplexity="0" sequenceCoverage="100" branchCoverage="100" crapScore="1" isConstructor="false" isStatic="false" isGetter="false" isSetter="false">
              <Summary numSequencePoints="5" visitedSequencePoints="5" numBranchPoints="1" visitedBranchPoints="1" sequenceCoverage="100" branchCoverage="100" maxCyclomaticComplexity="1" minCyclomaticComplexity="1" maxCrapScore="1" minCrapScore="1" visitedClasses="0" numClasses="0" visitedMethods="1" numMethods="1" />
              <MetadataToken>100663308</MetadataToken>
              <Name>System.Void UnitTestlab13.JournalTests::JournalEntry_ToString()</Name>
              <FileRef uid="1" />
              <SequencePoints>
                <SequencePoint vc="1" uspid="94" ordinal="0" offset="0" sl="132" sc="9" el="132" ec="10" bec="0" bev="0" fileid="1" />
                <SequencePoint vc="1" uspid="95" ordinal="1" offset="1" sl="133" sc="13" el="133" ec="82" bec="0" bev="0" fileid="1" />
                <SequencePoint vc="1" uspid="96" ordinal="2" offset="22" sl="135" sc="13" el="135" ec="46" bec="0" bev="0" fileid="1" />
                <SequencePoint vc="1" uspid="97" ordinal="3" offset="29" sl="137" sc="13" el="137" ec="107" bec="0" bev="0" fileid="1" />
                <SequencePoint vc="1" uspid="98" ordinal="4" offset="41" sl="138" sc="9" el="138" ec="10" bec="0" bev="0" fileid="1" />
              </SequencePoints>
              <BranchPoints />
              <MethodPoint xsi:type="SequencePoint" vc="1" uspid="94" ordinal="0" offset="0" sl="132" sc="9" el="132" ec="10" bec="0" bev="0" fileid="1" />
            </Method>
            <Method visited="true" cyclomaticComplexity="1" nPathComplexity="0" sequenceCoverage="100" branchCoverage="100" crapScore="1" isConstructor="false" isStatic="false" isGetter="false" isSetter="false">
              <Summary numSequencePoints="6" visitedSequencePoints="6" numBranchPoints="1" visitedBranchPoints="1" sequenceCoverage="100" branchCoverage="100" maxCyclomaticComplexity="1" minCyclomaticComplexity="1" maxCrapScore="1" minCrapScore="1" visitedClasses="0" numClasses="0" visitedMethods="1" numMethods="1" />
              <MetadataToken>100663309</MetadataToken>
              <Name>System.Void UnitTestlab13.JournalTests::Journal_AddEntry()</Name>
              <FileRef uid="1" />
              <SequencePoints>
                <SequencePoint vc="1" uspid="99" ordinal="0" offset="0" sl="142" sc="9" el="142" ec="10" bec="0" bev="0" fileid="1" />
                <SequencePoint vc="1" uspid="100" ordinal="1" offset="1" sl="143" sc="13" el="143" ec="41" bec="0" bev="0" fileid="1" />
                <SequencePoint vc="1" uspid="101" ordinal="2" offset="7" sl="144" sc="13" el="144" ec="82" bec="0" bev="0" fileid="1" />
                <SequencePoint vc="1" uspid="102" ordinal="3" offset="28" sl="146" sc="13" el="146" ec="37" bec="0" bev="0" fileid="1" />
                <SequencePoint vc="1" uspid="103" ordinal="4" offset="36" sl="148" sc="13" el="148" ec="140" bec="0" bev="0" fileid="1" />
                <SequencePoint vc="1" uspid="104" ordinal="5" offset="53" sl="149" sc="9" el="149" ec="10" bec="0" bev="0" fileid="1" />
              </SequencePoints>
              <BranchPoints />
              <MethodPoint xsi:type="SequencePoint" vc="1" uspid="99" ordinal="0" offset="0" sl="142" sc="9" el="142" ec="10" bec="0" bev="0" fileid="1" />
            </Method>
            <Method visited="true" cyclomaticComplexity="1" nPathComplexity="0" sequenceCoverage="100" branchCoverage="100" crapScore="1" isConstructor="false" isStatic="false" isGetter="false" isSetter="false">
              <Summary numSequencePoints="10" visitedSequencePoints="10" numBranchPoints="1" visitedBranchPoints="1" sequenceCoverage="100" branchCoverage="100" maxCyclomaticComplexity="1" minCyclomaticComplexity="1" maxCrapScore="1" minCrapScore="1" visitedClasses="0" numClasses="0" visitedMethods="1" numMethods="1" />
              <MetadataToken>100663310</MetadataToken>
              <Name>System.Void UnitTestlab13.JournalTests::Journal_ToString()</Name>
              <FileRef uid="1" />
              <SequencePoints>
                <SequencePoint vc="1" uspid="105" ordinal="0" offset="0" sl="153" sc="9" el="153" ec="10" bec="0" bev="0" fileid="1" />
                <SequencePoint vc="1" uspid="106" ordinal="1" offset="1" sl="154" sc="13" el="154" ec="41" bec="0" bev="0" fileid="1" />
                <SequencePoint vc="1" uspid="107" ordinal="2" offset="7" sl="155" sc="13" el="155" ec="77" bec="0" bev="0" fileid="1" />
                <SequencePoint vc="1" uspid="108" ordinal="3" offset="28" sl="156" sc="13" el="156" ec="77" bec="0" bev="0" fileid="1" />
                <SequencePoint vc="1" uspid="109" ordinal="4" offset="49" sl="157" sc="13" el="157" ec="38" bec="0" bev="0" fileid="1" />
                <SequencePoint vc="1" uspid="110" ordinal="5" offset="57" sl="158" sc="13" el="158" ec="38" bec="0" bev="0" fileid="1" />
                <SequencePoint vc="1" uspid="111" ordinal="6" offset="65" sl="160" sc="13" el="160" ec="48" bec="0" bev="0" fileid="1" />
                <SequencePoint vc="1" uspid="112" ordinal="7" offset="72" sl="162" sc="13" el="164" ec="96" bec="0" bev="0" fileid="1" />
                <SequencePoint vc="1" uspid="113" ordinal="8" offset="79" sl="166" sc="13" el="166" ec="47" bec="0" bev="0" fileid="1" />
                <SequencePoint vc="1" uspid="114" ordinal="9" offset="88" sl="167" sc="9" el="167" ec="10" bec="0" bev="0" fileid="1" />
              </SequencePoints>
              <BranchPoints />
              <MethodPoint xsi:type="SequencePoint" vc="1" uspid="105" ordinal="0" offset="0" sl="153" sc="9" el="153" ec="10" bec="0" bev="0" fileid="1" />
            </Method>
            <Method visited="false" cyclomaticComplexity="1" nPathComplexity="0" sequenceCoverage="0" branchCoverage="0" crapScore="2" isConstructor="true" isStatic="false" isGetter="false" isSetter="false">
              <Summary numSequencePoints="0" visitedSequencePoints="0" numBranchPoints="0" visitedBranchPoints="0" sequenceCoverage="0" branchCoverage="0" maxCyclomaticComplexity="1" minCyclomaticComplexity="1" maxCrapScore="2" minCrapScore="2" visitedClasses="0" numClasses="0" visitedMethods="0" numMethods="0" />
              <MetadataToken>100663311</MetadataToken>
              <Name>System.Void UnitTestlab13.JournalTests::.ctor()</Name>
              <SequencePoints />
              <BranchPoints />
              <MethodPoint vc="0" uspid="115" ordinal="0" offset="0" />
            </Method>
          </Methods>
        </Class>
      </Classes>
    </Module>
    <Module hash="04-96-95-F2-CC-2A-1A-7D-77-07-7B-1C-81-24-AB-D2-E9-D5-7C-2A">
      <Summary numSequencePoints="336" visitedSequencePoints="42" numBranchPoints="129" visitedBranchPoints="17" sequenceCoverage="12.5" branchCoverage="13.18" maxCyclomaticComplexity="6" minCyclomaticComplexity="0" maxCrapScore="42" minCrapScore="0" visitedClasses="1" numClasses="9" visitedMethods="12" numMethods="71" />
      <ModulePath>C:\4 semestr\OOP_labs\UnitTestlab13\bin\Debug\fine-code-coverage\build-output\Organization.dll</ModulePath>
      <ModuleTime>2025-02-21T04:12:29.498609Z</ModuleTime>
      <ModuleName>Organization</ModuleName>
      <Files>
        <File uid="13" fullPath="C:\3 semestr\C#\OOP\Organization\BinarySearchByEmployeeCount.cs" />
        <File uid="14" fullPath="C:\3 semestr\C#\OOP\Organization\Library.cs" />
        <File uid="15" fullPath="C:\3 semestr\C#\OOP\Organization\ShipbuildingСompany.cs" />
        <File uid="16" fullPath="C:\3 semestr\C#\OOP\Organization\Factory.cs" />
        <File uid="17" fullPath="C:\3 semestr\C#\OOP\Organization\InsuranceCompany.cs" />
        <File uid="18" fullPath="C:\3 semestr\C#\OOP\Organization\IInit.cs" />
        <File uid="19" fullPath="C:\3 semestr\C#\OOP\Organization\Organization.cs" />
        <File uid="20" fullPath="C:\3 semestr\C#\OOP\Organization\SortByEmployeeCount.cs" />
        <File uid="21" fullPath="C:\3 semestr\C#\OOP\Organization\SortByType.cs" />
      </Files>
      <Classes>
        <Class>
          <Summary numSequencePoints="3" visitedSequencePoints="0" numBranchPoints="1" visitedBranchPoints="0" sequenceCoverage="0" branchCoverage="0" maxCyclomaticComplexity="1" minCyclomaticComplexity="1" maxCrapScore="2" minCrapScore="2" visitedClasses="0" numClasses="1" visitedMethods="0" numMethods="1" />
          <FullName>OrganizationLib.BinarySearchByEmployeeCount</FullName>
          <Methods>
            <Method visited="false" cyclomaticComplexity="1" nPathComplexity="0" sequenceCoverage="0" branchCoverage="0" crapScore="2" isConstructor="false" isStatic="false" isGetter="false" isSetter="false">
              <Summary numSequencePoints="3" visitedSequencePoints="0" numBranchPoints="1" visitedBranchPoints="0" sequenceCoverage="0" branchCoverage="0" maxCyclomaticComplexity="1" minCyclomaticComplexity="1" maxCrapScore="2" minCrapScore="2" visitedClasses="0" numClasses="0" visitedMethods="0" numMethods="1" />
              <MetadataToken>100663297</MetadataToken>
              <Name>System.Int32 OrganizationLib.BinarySearchByEmployeeCount::Compare(OrganizationLib.Organization,OrganizationLib.Organization)</Name>
              <FileRef uid="13" />
              <SequencePoints>
                <SequencePoint vc="0" uspid="116" ordinal="0" offset="0" sl="12" sc="9" el="12" ec="10" bec="0" bev="0" fileid="13" />
                <SequencePoint vc="0" uspid="117" ordinal="1" offset="1" sl="13" sc="13" el="13" ec="63" bec="0" bev="0" fileid="13" />
                <SequencePoint vc="0" uspid="118" ordinal="2" offset="24" sl="14" sc="9" el="14" ec="10" bec="0" bev="0" fileid="13" />
              </SequencePoints>
              <BranchPoints />
              <MethodPoint xsi:type="SequencePoint" vc="0" uspid="116" ordinal="0" offset="0" sl="12" sc="9" el="12" ec="10" bec="0" bev="0" fileid="13" />
            </Method>
            <Method visited="false" cyclomaticComplexity="1" nPathComplexity="0" sequenceCoverage="0" branchCoverage="0" crapScore="2" isConstructor="true" isStatic="false" isGetter="false" isSetter="false">
              <Summary numSequencePoints="0" visitedSequencePoints="0" numBranchPoints="0" visitedBranchPoints="0" sequenceCoverage="0" branchCoverage="0" maxCyclomaticComplexity="1" minCyclomaticComplexity="1" maxCrapScore="2" minCrapScore="2" visitedClasses="0" numClasses="0" visitedMethods="0" numMethods="0" />
              <MetadataToken>100663298</MetadataToken>
              <Name>System.Void OrganizationLib.BinarySearchByEmployeeCount::.ctor()</Name>
              <SequencePoints />
              <BranchPoints />
              <MethodPoint vc="0" uspid="119" ordinal="0" offset="0" />
            </Method>
          </Methods>
        </Class>
        <Class>
          <Summary numSequencePoints="48" visitedSequencePoints="0" numBranchPoints="19" visitedBranchPoints="0" sequenceCoverage="0" branchCoverage="0" maxCyclomaticComplexity="5" minCyclomaticComplexity="1" maxCrapScore="30" minCrapScore="2" visitedClasses="0" numClasses="1" visitedMethods="0" numMethods="9" />
          <FullName>OrganizationLib.Library</FullName>
          <Methods>
            <Method visited="false" cyclomaticComplexity="1" nPathComplexity="0" sequenceCoverage="0" branchCoverage="0" crapScore="2" isConstructor="false" isStatic="false" isGetter="true" isSetter="false">
              <Summary numSequencePoints="1" visitedSequencePoints="0" numBranchPoints="1" visitedBranchPoints="0" sequenceCoverage="0" branchCoverage="0" maxCyclomaticComplexity="1" minCyclomaticComplexity="1" maxCrapScore="2" minCrapScore="2" visitedClasses="0" numClasses="0" visitedMethods="0" numMethods="1" />
              <MetadataToken>100663299</MetadataToken>
              <Name>System.Int32 OrganizationLib.Library::get_TextbookCount()</Name>
              <FileRef uid="14" />
              <SequencePoints>
                <SequencePoint vc="0" uspid="120" ordinal="0" offset="0" sl="15" sc="20" el="15" ec="33" bec="0" bev="0" fileid="14" />
              </SequencePoints>
              <BranchPoints />
              <MethodPoint xsi:type="SequencePoint" vc="0" uspid="120" ordinal="0" offset="0" sl="15" sc="20" el="15" ec="33" bec="0" bev="0" fileid="14" />
            </Method>
            <Method visited="false" cyclomaticComplexity="2" nPathComplexity="2" sequenceCoverage="0" branchCoverage="0" crapScore="6" isConstructor="false" isStatic="false" isGetter="false" isSetter="true">
              <Summary numSequencePoints="5" visitedSequencePoints="0" numBranchPoints="3" visitedBranchPoints="0" sequenceCoverage="0" branchCoverage="0" maxCyclomaticComplexity="2" minCyclomaticComplexity="2" maxCrapScore="6" minCrapScore="6" visitedClasses="0" numClasses="0" visitedMethods="0" numMethods="1" />
              <MetadataToken>100663300</MetadataToken>
              <Name>System.Void OrganizationLib.Library::set_TextbookCount(System.Int32)</Name>
              <FileRef uid="14" />
              <SequencePoints>
                <SequencePoint vc="0" uspid="121" ordinal="0" offset="0" sl="17" sc="13" el="17" ec="14" bec="0" bev="0" fileid="14" />
                <SequencePoint vc="0" uspid="122" ordinal="1" offset="1" sl="18" sc="17" el="18" ec="32" bec="2" bev="0" fileid="14" />
                <SequencePoint vc="0" uspid="123" ordinal="2" offset="12" sl="19" sc="21" el="19" ec="43" bec="0" bev="0" fileid="14" />
                <SequencePoint vc="0" uspid="124" ordinal="3" offset="21" sl="21" sc="21" el="21" ec="90" bec="0" bev="0" fileid="14" />
                <SequencePoint vc="0" uspid="125" ordinal="4" offset="32" sl="22" sc="13" el="22" ec="14" bec="0" bev="0" fileid="14" />
              </SequencePoints>
              <BranchPoints>
                <BranchPoint vc="0" uspid="126" ordinal="0" offset="10" sl="18" path="0" offsetend="12" fileid="14" />
                <BranchPoint vc="0" uspid="127" ordinal="1" offset="10" sl="18" path="1" offsetend="21" fileid="14" />
              </BranchPoints>
              <MethodPoint xsi:type="SequencePoint" vc="0" uspid="121" ordinal="0" offset="0" sl="17" sc="13" el="17" ec="14" bec="0" bev="0" fileid="14" />
            </Method>
            <Method visited="false" cyclomaticComplexity="1" nPathComplexity="0" sequenceCoverage="0" branchCoverage="0" crapScore="2" isConstructor="true" isStatic="false" isGetter="false" isSetter="false">
              <Summary numSequencePoints="4" visitedSequencePoints="0" numBranchPoints="1" visitedBranchPoints="0" sequenceCoverage="0" branchCoverage="0" maxCyclomaticComplexity="1" minCyclomaticComplexity="1" maxCrapScore="2" minCrapScore="2" visitedClasses="0" numClasses="0" visitedMethods="0" numMethods="1" />
              <MetadataToken>100663301</MetadataToken>
              <Name>System.Void OrganizationLib.Library::.ctor()</Name>
              <FileRef uid="14" />
              <SequencePoints>
                <SequencePoint vc="0" uspid="128" ordinal="0" offset="0" sl="25" sc="28" el="25" ec="34" bec="0" bev="0" fileid="14" />
                <SequencePoint vc="0" uspid="129" ordinal="1" offset="7" sl="26" sc="9" el="26" ec="10" bec="0" bev="0" fileid="14" />
                <SequencePoint vc="0" uspid="130" ordinal="2" offset="8" sl="27" sc="13" el="27" ec="31" bec="0" bev="0" fileid="14" />
                <SequencePoint vc="0" uspid="131" ordinal="3" offset="16" sl="28" sc="9" el="28" ec="10" bec="0" bev="0" fileid="14" />
              </SequencePoints>
              <BranchPoints />
              <MethodPoint xsi:type="SequencePoint" vc="0" uspid="128" ordinal="0" offset="0" sl="25" sc="28" el="25" ec="34" bec="0" bev="0" fileid="14" />
            </Method>
            <Method visited="false" cyclomaticComplexity="1" nPathComplexity="0" sequenceCoverage="0" branchCoverage="0" crapScore="2" isConstructor="true" isStatic="false" isGetter="false" isSetter="false">
              <Summary numSequencePoints="4" visitedSequencePoints="0" numBranchPoints="1" visitedBranchPoints="0" sequenceCoverage="0" branchCoverage="0" maxCyclomaticComplexity="1" minCyclomaticComplexity="1" maxCrapScore="2" minCrapScore="2" visitedClasses="0" numClasses="0" visitedMethods="0" numMethods="1" />
              <MetadataToken>100663302</MetadataToken>
              <Name>System.Void OrganizationLib.Library::.ctor(System.String,System.Int32,System.Int32)</Name>
              <FileRef uid="14" />
              <SequencePoints>
                <SequencePoint vc="0" uspid="132" ordinal="0" offset="0" sl="30" sc="77" el="30" ec="102" bec="0" bev="0" fileid="14" />
                <SequencePoint vc="0" uspid="133" ordinal="1" offset="9" sl="31" sc="9" el="31" ec="10" bec="0" bev="0" fileid="14" />
                <SequencePoint vc="0" uspid="134" ordinal="2" offset="10" sl="32" sc="13" el="32" ec="43" bec="0" bev="0" fileid="14" />
                <SequencePoint vc="0" uspid="135" ordinal="3" offset="18" sl="33" sc="9" el="33" ec="10" bec="0" bev="0" fileid="14" />
              </SequencePoints>
              <BranchPoints />
              <MethodPoint xsi:type="SequencePoint" vc="0" uspid="132" ordinal="0" offset="0" sl="30" sc="77" el="30" ec="102" bec="0" bev="0" fileid="14" />
            </Method>
            <Method visited="false" cyclomaticComplexity="1" nPathComplexity="0" sequenceCoverage="0" branchCoverage="0" crapScore="2" isConstructor="false" isStatic="false" isGetter="false" isSetter="false">
              <Summary numSequencePoints="5" visitedSequencePoints="0" numBranchPoints="1" visitedBranchPoints="0" sequenceCoverage="0" branchCoverage="0" maxCyclomaticComplexity="1" minCyclomaticComplexity="1" maxCrapScore="2" minCrapScore="2" visitedClasses="0" numClasses="0" visitedMethods="0" numMethods="1" />
              <MetadataToken>100663303</MetadataToken>
              <Name>System.Void OrganizationLib.Library::Show()</Name>
              <FileRef uid="14" />
              <SequencePoints>
                <SequencePoint vc="0" uspid="136" ordinal="0" offset="0" sl="36" sc="9" el="36" ec="10" bec="0" bev="0" fileid="14" />
                <SequencePoint vc="0" uspid="137" ordinal="1" offset="1" sl="37" sc="13" el="37" ec="55" bec="0" bev="0" fileid="14" />
                <SequencePoint vc="0" uspid="138" ordinal="2" offset="12" sl="38" sc="13" el="38" ec="25" bec="0" bev="0" fileid="14" />
                <SequencePoint vc="0" uspid="139" ordinal="3" offset="19" sl="39" sc="13" el="39" ec="72" bec="0" bev="0" fileid="14" />
                <SequencePoint vc="0" uspid="140" ordinal="4" offset="46" sl="40" sc="9" el="40" ec="10" bec="0" bev="0" fileid="14" />
              </SequencePoints>
              <BranchPoints />
              <MethodPoint xsi:type="SequencePoint" vc="0" uspid="136" ordinal="0" offset="0" sl="36" sc="9" el="36" ec="10" bec="0" bev="0" fileid="14" />
            </Method>
            <Method visited="false" cyclomaticComplexity="2" nPathComplexity="0" sequenceCoverage="0" branchCoverage="0" crapScore="6" isConstructor="false" isStatic="false" isGetter="false" isSetter="false">
              <Summary numSequencePoints="10" visitedSequencePoints="0" numBranchPoints="1" visitedBranchPoints="0" sequenceCoverage="0" branchCoverage="0" maxCyclomaticComplexity="2" minCyclomaticComplexity="2" maxCrapScore="6" minCrapScore="6" visitedClasses="0" numClasses="0" visitedMethods="0" numMethods="1" />
              <MetadataToken>100663304</MetadataToken>
              <Name>System.Void OrganizationLib.Library::Init()</Name>
              <FileRef uid="14" />
              <SequencePoints>
                <SequencePoint vc="0" uspid="141" ordinal="0" offset="0" sl="43" sc="9" el="43" ec="10" bec="0" bev="0" fileid="14" />
                <SequencePoint vc="0" uspid="142" ordinal="1" offset="1" sl="44" sc="13" el="44" ec="25" bec="0" bev="0" fileid="14" />
                <SequencePoint vc="0" uspid="143" ordinal="2" offset="8" sl="45" sc="13" el="45" ec="78" bec="0" bev="0" fileid="14" />
                <SequencePoint vc="0" uspid="144" ordinal="3" offset="19" sl="46" sc="13" el="46" ec="77" bec="0" bev="0" fileid="14" />
                <SequencePoint vc="0" uspid="145" ordinal="4" offset="38" sl="48" sc="13" el="48" ec="14" bec="0" bev="0" fileid="14" />
                <SequencePoint vc="0" uspid="146" ordinal="5" offset="39" sl="49" sc="17" el="49" ec="71" bec="0" bev="0" fileid="14" />
                <SequencePoint vc="0" uspid="147" ordinal="6" offset="50" sl="50" sc="17" el="50" ec="76" bec="0" bev="0" fileid="14" />
                <SequencePoint vc="0" uspid="148" ordinal="7" offset="67" sl="51" sc="13" el="51" ec="14" bec="0" bev="0" fileid="14" />
                <SequencePoint vc="0" uspid="149" ordinal="8" offset="68" sl="47" sc="13" el="47" ec="24" bec="0" bev="0" fileid="14" />
                <SequencePoint vc="0" uspid="150" ordinal="9" offset="76" sl="52" sc="9" el="52" ec="10" bec="0" bev="0" fileid="14" />
              </SequencePoints>
              <BranchPoints />
              <MethodPoint xsi:type="SequencePoint" vc="0" uspid="141" ordinal="0" offset="0" sl="43" sc="9" el="43" ec="10" bec="0" bev="0" fileid="14" />
            </Method>
            <Method visited="false" cyclomaticComplexity="1" nPathComplexity="0" sequenceCoverage="0" branchCoverage="0" crapScore="2" isConstructor="false" isStatic="false" isGetter="false" isSetter="false">
              <Summary numSequencePoints="4" visitedSequencePoints="0" numBranchPoints="1" visitedBranchPoints="0" sequenceCoverage="0" branchCoverage="0" maxCyclomaticComplexity="1" minCyclomaticComplexity="1" maxCrapScore="2" minCrapScore="2" visitedClasses="0" numClasses="0" visitedMethods="0" numMethods="1" />
              <MetadataToken>100663305</MetadataToken>
              <Name>System.Void OrganizationLib.Library::RandInit()</Name>
              <FileRef uid="14" />
              <SequencePoints>
                <SequencePoint vc="0" uspid="151" ordinal="0" offset="0" sl="55" sc="9" el="55" ec="10" bec="0" bev="0" fileid="14" />
                <SequencePoint vc="0" uspid="152" ordinal="1" offset="1" sl="56" sc="13" el="56" ec="29" bec="0" bev="0" fileid="14" />
                <SequencePoint vc="0" uspid="153" ordinal="2" offset="8" sl="57" sc="13" el="57" ec="51" bec="0" bev="0" fileid="14" />
                <SequencePoint vc="0" uspid="154" ordinal="3" offset="31" sl="58" sc="9" el="58" ec="10" bec="0" bev="0" fileid="14" />
              </SequencePoints>
              <BranchPoints />
              <MethodPoint xsi:type="SequencePoint" vc="0" uspid="151" ordinal="0" offset="0" sl="55" sc="9" el="55" ec="10" bec="0" bev="0" fileid="14" />
            </Method>
            <Method visited="false" cyclomaticComplexity="5" nPathComplexity="16" sequenceCoverage="0" branchCoverage="0" crapScore="30" isConstructor="false" isStatic="false" isGetter="false" isSetter="false">
              <Summary numSequencePoints="8" visitedSequencePoints="0" numBranchPoints="9" visitedBranchPoints="0" sequenceCoverage="0" branchCoverage="0" maxCyclomaticComplexity="5" minCyclomaticComplexity="5" maxCrapScore="30" minCrapScore="30" visitedClasses="0" numClasses="0" visitedMethods="0" numMethods="1" />
              <MetadataToken>100663306</MetadataToken>
              <Name>System.Boolean OrganizationLib.Library::Equals(System.Object)</Name>
              <FileRef uid="14" />
              <SequencePoints>
                <SequencePoint vc="0" uspid="155" ordinal="0" offset="0" sl="61" sc="9" el="61" ec="10" bec="0" bev="0" fileid="14" />
                <SequencePoint vc="0" uspid="156" ordinal="1" offset="1" sl="62" sc="13" el="62" ec="72" bec="4" bev="0" fileid="14" />
                <SequencePoint vc="0" uspid="157" ordinal="2" offset="31" sl="63" sc="13" el="63" ec="14" bec="0" bev="0" fileid="14" />
                <SequencePoint vc="0" uspid="158" ordinal="3" offset="32" sl="64" sc="17" el="64" ec="30" bec="0" bev="0" fileid="14" />
                <SequencePoint vc="0" uspid="159" ordinal="4" offset="36" sl="67" sc="13" el="67" ec="14" bec="0" bev="0" fileid="14" />
                <SequencePoint vc="0" uspid="160" ordinal="5" offset="37" sl="68" sc="17" el="68" ec="44" bec="0" bev="0" fileid="14" />
                <SequencePoint vc="0" uspid="161" ordinal="6" offset="44" sl="69" sc="17" el="69" ec="123" bec="3" bev="0" fileid="14" />
                <SequencePoint vc="0" uspid="162" ordinal="7" offset="97" sl="71" sc="9" el="71" ec="10" bec="0" bev="0" fileid="14" />
              </SequencePoints>
              <BranchPoints>
                <BranchPoint vc="0" uspid="163" ordinal="0" offset="2" sl="62" path="0" offsetend="4" fileid="14" />
                <BranchPoint vc="0" uspid="164" ordinal="1" offset="2" sl="62" path="1" offsetend="26" fileid="14" />
                <BranchPoint vc="0" uspid="165" ordinal="2" offset="29" sl="62" path="0" offsetend="31" fileid="14" />
                <BranchPoint vc="0" uspid="166" ordinal="3" offset="29" sl="62" path="1" offsetend="36" fileid="14" />
                <BranchPoint vc="0" uspid="167" ordinal="4" offset="61" sl="69" path="0" offsetend="63" fileid="14" />
                <BranchPoint vc="0" uspid="168" ordinal="5" offset="61" sl="69" path="1" offsetend="93" fileid="14" />
                <BranchPoint vc="0" uspid="169" ordinal="6" offset="75" sl="69" path="0" offsetend="77" fileid="14" />
                <BranchPoint vc="0" uspid="170" ordinal="7" offset="75" sl="69" path="1" offsetend="93" fileid="14" />
              </BranchPoints>
              <MethodPoint xsi:type="SequencePoint" vc="0" uspid="155" ordinal="0" offset="0" sl="61" sc="9" el="61" ec="10" bec="0" bev="0" fileid="14" />
            </Method>
            <Method visited="false" cyclomaticComplexity="1" nPathComplexity="0" sequenceCoverage="0" branchCoverage="0" crapScore="2" isConstructor="false" isStatic="false" isGetter="false" isSetter="false">
              <Summary numSequencePoints="7" visitedSequencePoints="0" numBranchPoints="1" visitedBranchPoints="0" sequenceCoverage="0" branchCoverage="0" maxCyclomaticComplexity="1" minCyclomaticComplexity="1" maxCrapScore="2" minCrapScore="2" visitedClasses="0" numClasses="0" visitedMethods="0" numMethods="1" />
              <MetadataToken>100663307</MetadataToken>
              <Name>System.Int32 OrganizationLib.Library::GetHashCode()</Name>
              <FileRef uid="14" />
              <SequencePoints>
                <SequencePoint vc="0" uspid="171" ordinal="0" offset="0" sl="73" sc="9" el="73" ec="10" bec="0" bev="0" fileid="14" />
                <SequencePoint vc="0" uspid="172" ordinal="1" offset="1" sl="74" sc="13" el="74" ec="40" bec="0" bev="0" fileid="14" />
                <SequencePoint vc="0" uspid="173" ordinal="2" offset="7" sl="75" sc="13" el="75" ec="68" bec="0" bev="0" fileid="14" />
                <SequencePoint vc="0" uspid="174" ordinal="3" offset="27" sl="76" sc="13" el="76" ec="77" bec="0" bev="0" fileid="14" />
                <SequencePoint vc="0" uspid="175" ordinal="4" offset="50" sl="77" sc="13" el="77" ec="77" bec="0" bev="0" fileid="14" />
                <SequencePoint vc="0" uspid="176" ordinal="5" offset="73" sl="78" sc="13" el="78" ec="29" bec="0" bev="0" fileid="14" />
                <SequencePoint vc="0" uspid="177" ordinal="6" offset="77" sl="79" sc="9" el="79" ec="10" bec="0" bev="0" fileid="14" />
              </SequencePoints>
              <BranchPoints />
              <MethodPoint xsi:type="SequencePoint" vc="0" uspid="171" ordinal="0" offset="0" sl="73" sc="9" el="73" ec="10" bec="0" bev="0" fileid="14" />
            </Method>
          </Methods>
        </Class>
        <Class>
          <Summary numSequencePoints="49" visitedSequencePoints="0" numBranchPoints="21" visitedBranchPoints="0" sequenceCoverage="0" branchCoverage="0" maxCyclomaticComplexity="6" minCyclomaticComplexity="1" maxCrapScore="42" minCrapScore="2" visitedClasses="0" numClasses="1" visitedMethods="0" numMethods="9" />
          <FullName>OrganizationLib.ShipbuildingСompany</FullName>
          <Methods>
            <Method visited="false" cyclomaticComplexity="1" nPathComplexity="0" sequenceCoverage="0" branchCoverage="0" crapScore="2" isConstructor="false" isStatic="false" isGetter="true" isSetter="false">
              <Summary numSequencePoints="1" visitedSequencePoints="0" numBranchPoints="1" visitedBranchPoints="0" sequenceCoverage="0" branchCoverage="0" maxCyclomaticComplexity="1" minCyclomaticComplexity="1" maxCrapScore="2" minCrapScore="2" visitedClasses="0" numClasses="0" visitedMethods="0" numMethods="1" />
              <MetadataToken>100663308</MetadataToken>
              <Name>System.Int32 OrganizationLib.ShipbuildingСompany::get_ShipCount()</Name>
              <FileRef uid="15" />
              <SequencePoints>
                <SequencePoint vc="0" uspid="178" ordinal="0" offset="0" sl="15" sc="20" el="15" ec="29" bec="0" bev="0" fileid="15" />
              </SequencePoints>
              <BranchPoints />
              <MethodPoint xsi:type="SequencePoint" vc="0" uspid="178" ordinal="0" offset="0" sl="15" sc="20" el="15" ec="29" bec="0" bev="0" fileid="15" />
            </Method>
            <Method visited="false" cyclomaticComplexity="2" nPathComplexity="2" sequenceCoverage="0" branchCoverage="0" crapScore="6" isConstructor="false" isStatic="false" isGetter="false" isSetter="true">
              <Summary numSequencePoints="5" visitedSequencePoints="0" numBranchPoints="3" visitedBranchPoints="0" sequenceCoverage="0" branchCoverage="0" maxCyclomaticComplexity="2" minCyclomaticComplexity="2" maxCrapScore="6" minCrapScore="6" visitedClasses="0" numClasses="0" visitedMethods="0" numMethods="1" />
              <MetadataToken>100663309</MetadataToken>
              <Name>System.Void OrganizationLib.ShipbuildingСompany::set_ShipCount(System.Int32)</Name>
              <FileRef uid="15" />
              <SequencePoints>
                <SequencePoint vc="0" uspid="179" ordinal="0" offset="0" sl="17" sc="13" el="17" ec="14" bec="0" bev="0" fileid="15" />
                <SequencePoint vc="0" uspid="180" ordinal="1" offset="1" sl="18" sc="17" el="18" ec="32" bec="2" bev="0" fileid="15" />
                <SequencePoint vc="0" uspid="181" ordinal="2" offset="12" sl="19" sc="21" el="19" ec="39" bec="0" bev="0" fileid="15" />
                <SequencePoint vc="0" uspid="182" ordinal="3" offset="21" sl="21" sc="21" el="21" ec="90" bec="0" bev="0" fileid="15" />
                <SequencePoint vc="0" uspid="183" ordinal="4" offset="32" sl="22" sc="13" el="22" ec="14" bec="0" bev="0" fileid="15" />
              </SequencePoints>
              <BranchPoints>
                <BranchPoint vc="0" uspid="184" ordinal="0" offset="10" sl="18" path="0" offsetend="12" fileid="15" />
                <BranchPoint vc="0" uspid="185" ordinal="1" offset="10" sl="18" path="1" offsetend="21" fileid="15" />
              </BranchPoints>
              <MethodPoint xsi:type="SequencePoint" vc="0" uspid="179" ordinal="0" offset="0" sl="17" sc="13" el="17" ec="14" bec="0" bev="0" fileid="15" />
            </Method>
            <Method visited="false" cyclomaticComplexity="1" nPathComplexity="0" sequenceCoverage="0" branchCoverage="0" crapScore="2" isConstructor="true" isStatic="false" isGetter="false" isSetter="false">
              <Summary numSequencePoints="4" visitedSequencePoints="0" numBranchPoints="1" visitedBranchPoints="0" sequenceCoverage="0" branchCoverage="0" maxCyclomaticComplexity="1" minCyclomaticComplexity="1" maxCrapScore="2" minCrapScore="2" visitedClasses="0" numClasses="0" visitedMethods="0" numMethods="1" />
              <MetadataToken>100663310</MetadataToken>
              <Name>System.Void OrganizationLib.ShipbuildingСompany::.ctor()</Name>
              <FileRef uid="15" />
              <SequencePoints>
                <SequencePoint vc="0" uspid="186" ordinal="0" offset="0" sl="25" sc="40" el="25" ec="46" bec="0" bev="0" fileid="15" />
                <SequencePoint vc="0" uspid="187" ordinal="1" offset="7" sl="26" sc="9" el="26" ec="10" bec="0" bev="0" fileid="15" />
                <SequencePoint vc="0" uspid="188" ordinal="2" offset="8" sl="27" sc="13" el="27" ec="27" bec="0" bev="0" fileid="15" />
                <SequencePoint vc="0" uspid="189" ordinal="3" offset="16" sl="28" sc="9" el="28" ec="10" bec="0" bev="0" fileid="15" />
              </SequencePoints>
              <BranchPoints />
              <MethodPoint xsi:type="SequencePoint" vc="0" uspid="186" ordinal="0" offset="0" sl="25" sc="40" el="25" ec="46" bec="0" bev="0" fileid="15" />
            </Method>
            <Method visited="false" cyclomaticComplexity="1" nPathComplexity="0" sequenceCoverage="0" branchCoverage="0" crapScore="2" isConstructor="true" isStatic="false" isGetter="false" isSetter="false">
              <Summary numSequencePoints="4" visitedSequencePoints="0" numBranchPoints="1" visitedBranchPoints="0" sequenceCoverage="0" branchCoverage="0" maxCyclomaticComplexity="1" minCyclomaticComplexity="1" maxCrapScore="2" minCrapScore="2" visitedClasses="0" numClasses="0" visitedMethods="0" numMethods="1" />
              <MetadataToken>100663311</MetadataToken>
              <Name>System.Void OrganizationLib.ShipbuildingСompany::.ctor(System.String,System.Int32,System.Int32,System.Int32)</Name>
              <FileRef uid="15" />
              <SequencePoints>
                <SequencePoint vc="0" uspid="190" ordinal="0" offset="0" sl="30" sc="106" el="30" ec="148" bec="0" bev="0" fileid="15" />
                <SequencePoint vc="0" uspid="191" ordinal="1" offset="10" sl="31" sc="9" el="31" ec="10" bec="0" bev="0" fileid="15" />
                <SequencePoint vc="0" uspid="192" ordinal="2" offset="11" sl="32" sc="13" el="32" ec="35" bec="0" bev="0" fileid="15" />
                <SequencePoint vc="0" uspid="193" ordinal="3" offset="20" sl="33" sc="9" el="33" ec="10" bec="0" bev="0" fileid="15" />
              </SequencePoints>
              <BranchPoints />
              <MethodPoint xsi:type="SequencePoint" vc="0" uspid="190" ordinal="0" offset="0" sl="30" sc="106" el="30" ec="148" bec="0" bev="0" fileid="15" />
            </Method>
            <Method visited="false" cyclomaticComplexity="1" nPathComplexity="0" sequenceCoverage="0" branchCoverage="0" crapScore="2" isConstructor="false" isStatic="false" isGetter="false" isSetter="false">
              <Summary numSequencePoints="5" visitedSequencePoints="0" numBranchPoints="1" visitedBranchPoints="0" sequenceCoverage="0" branchCoverage="0" maxCyclomaticComplexity="1" minCyclomaticComplexity="1" maxCrapScore="2" minCrapScore="2" visitedClasses="0" numClasses="0" visitedMethods="0" numMethods="1" />
              <MetadataToken>100663312</MetadataToken>
              <Name>System.Void OrganizationLib.ShipbuildingСompany::Show()</Name>
              <FileRef uid="15" />
              <SequencePoints>
                <SequencePoint vc="0" uspid="194" ordinal="0" offset="0" sl="36" sc="9" el="36" ec="10" bec="0" bev="0" fileid="15" />
                <SequencePoint vc="0" uspid="195" ordinal="1" offset="1" sl="37" sc="13" el="37" ec="70" bec="0" bev="0" fileid="15" />
                <SequencePoint vc="0" uspid="196" ordinal="2" offset="12" sl="38" sc="13" el="38" ec="25" bec="0" bev="0" fileid="15" />
                <SequencePoint vc="0" uspid="197" ordinal="3" offset="19" sl="39" sc="13" el="39" ec="67" bec="0" bev="0" fileid="15" />
                <SequencePoint vc="0" uspid="198" ordinal="4" offset="46" sl="40" sc="9" el="40" ec="10" bec="0" bev="0" fileid="15" />
              </SequencePoints>
              <BranchPoints />
              <MethodPoint xsi:type="SequencePoint" vc="0" uspid="194" ordinal="0" offset="0" sl="36" sc="9" el="36" ec="10" bec="0" bev="0" fileid="15" />
            </Method>
            <Method visited="false" cyclomaticComplexity="2" nPathComplexity="0" sequenceCoverage="0" branchCoverage="0" crapScore="6" isConstructor="false" isStatic="false" isGetter="false" isSetter="false">
              <Summary numSequencePoints="10" visitedSequencePoints="0" numBranchPoints="1" visitedBranchPoints="0" sequenceCoverage="0" branchCoverage="0" maxCyclomaticComplexity="2" minCyclomaticComplexity="2" maxCrapScore="6" minCrapScore="6" visitedClasses="0" numClasses="0" visitedMethods="0" numMethods="1" />
              <MetadataToken>100663313</MetadataToken>
              <Name>System.Void OrganizationLib.ShipbuildingСompany::Init()</Name>
              <FileRef uid="15" />
              <SequencePoints>
                <SequencePoint vc="0" uspid="199" ordinal="0" offset="0" sl="43" sc="9" el="43" ec="10" bec="0" bev="0" fileid="15" />
                <SequencePoint vc="0" uspid="200" ordinal="1" offset="1" sl="44" sc="13" el="44" ec="25" bec="0" bev="0" fileid="15" />
                <SequencePoint vc="0" uspid="201" ordinal="2" offset="8" sl="45" sc="13" el="45" ec="63" bec="0" bev="0" fileid="15" />
                <SequencePoint vc="0" uspid="202" ordinal="3" offset="19" sl="46" sc="13" el="46" ec="73" bec="0" bev="0" fileid="15" />
                <SequencePoint vc="0" uspid="203" ordinal="4" offset="38" sl="48" sc="13" el="48" ec="14" bec="0" bev="0" fileid="15" />
                <SequencePoint vc="0" uspid="204" ordinal="5" offset="39" sl="49" sc="17" el="49" ec="71" bec="0" bev="0" fileid="15" />
                <SequencePoint vc="0" uspid="205" ordinal="6" offset="50" sl="50" sc="17" el="50" ec="72" bec="0" bev="0" fileid="15" />
                <SequencePoint vc="0" uspid="206" ordinal="7" offset="67" sl="51" sc="13" el="51" ec="14" bec="0" bev="0" fileid="15" />
                <SequencePoint vc="0" uspid="207" ordinal="8" offset="68" sl="47" sc="13" el="47" ec="24" bec="0" bev="0" fileid="15" />
                <SequencePoint vc="0" uspid="208" ordinal="9" offset="76" sl="52" sc="9" el="52" ec="10" bec="0" bev="0" fileid="15" />
              </SequencePoints>
              <BranchPoints />
              <MethodPoint xsi:type="SequencePoint" vc="0" uspid="199" ordinal="0" offset="0" sl="43" sc="9" el="43" ec="10" bec="0" bev="0" fileid="15" />
            </Method>
            <Method visited="false" cyclomaticComplexity="1" nPathComplexity="0" sequenceCoverage="0" branchCoverage="0" crapScore="2" isConstructor="false" isStatic="false" isGetter="false" isSetter="false">
              <Summary numSequencePoints="4" visitedSequencePoints="0" numBranchPoints="1" visitedBranchPoints="0" sequenceCoverage="0" branchCoverage="0" maxCyclomaticComplexity="1" minCyclomaticComplexity="1" maxCrapScore="2" minCrapScore="2" visitedClasses="0" numClasses="0" visitedMethods="0" numMethods="1" />
              <MetadataToken>100663314</MetadataToken>
              <Name>System.Void OrganizationLib.ShipbuildingСompany::RandInit()</Name>
              <FileRef uid="15" />
              <SequencePoints>
                <SequencePoint vc="0" uspid="209" ordinal="0" offset="0" sl="55" sc="9" el="55" ec="10" bec="0" bev="0" fileid="15" />
                <SequencePoint vc="0" uspid="210" ordinal="1" offset="1" sl="56" sc="13" el="56" ec="29" bec="0" bev="0" fileid="15" />
                <SequencePoint vc="0" uspid="211" ordinal="2" offset="8" sl="57" sc="13" el="57" ec="47" bec="0" bev="0" fileid="15" />
                <SequencePoint vc="0" uspid="212" ordinal="3" offset="31" sl="58" sc="9" el="58" ec="10" bec="0" bev="0" fileid="15" />
              </SequencePoints>
              <BranchPoints />
              <MethodPoint xsi:type="SequencePoint" vc="0" uspid="209" ordinal="0" offset="0" sl="55" sc="9" el="55" ec="10" bec="0" bev="0" fileid="15" />
            </Method>
            <Method visited="false" cyclomaticComplexity="6" nPathComplexity="32" sequenceCoverage="0" branchCoverage="0" crapScore="42" isConstructor="false" isStatic="false" isGetter="false" isSetter="false">
              <Summary numSequencePoints="8" visitedSequencePoints="0" numBranchPoints="11" visitedBranchPoints="0" sequenceCoverage="0" branchCoverage="0" maxCyclomaticComplexity="6" minCyclomaticComplexity="6" maxCrapScore="42" minCrapScore="42" visitedClasses="0" numClasses="0" visitedMethods="0" numMethods="1" />
              <MetadataToken>100663315</MetadataToken>
              <Name>System.Boolean OrganizationLib.ShipbuildingСompany::Equals(System.Object)</Name>
              <FileRef uid="15" />
              <SequencePoints>
                <SequencePoint vc="0" uspid="213" ordinal="0" offset="0" sl="61" sc="9" el="61" ec="10" bec="0" bev="0" fileid="15" />
                <SequencePoint vc="0" uspid="214" ordinal="1" offset="1" sl="62" sc="13" el="62" ec="72" bec="4" bev="0" fileid="15" />
                <SequencePoint vc="0" uspid="215" ordinal="2" offset="31" sl="63" sc="13" el="63" ec="14" bec="0" bev="0" fileid="15" />
                <SequencePoint vc="0" uspid="216" ordinal="3" offset="32" sl="64" sc="17" el="64" ec="30" bec="0" bev="0" fileid="15" />
                <SequencePoint vc="0" uspid="217" ordinal="4" offset="36" sl="67" sc="13" el="67" ec="14" bec="0" bev="0" fileid="15" />
                <SequencePoint vc="0" uspid="218" ordinal="5" offset="37" sl="68" sc="17" el="68" ec="69" bec="0" bev="0" fileid="15" />
                <SequencePoint vc="0" uspid="219" ordinal="6" offset="44" sl="69" sc="17" el="70" ec="99" bec="4" bev="0" fileid="15" />
                <SequencePoint vc="0" uspid="220" ordinal="7" offset="111" sl="72" sc="9" el="72" ec="10" bec="0" bev="0" fileid="15" />
              </SequencePoints>
              <BranchPoints>
                <BranchPoint vc="0" uspid="221" ordinal="0" offset="2" sl="62" path="0" offsetend="4" fileid="15" />
                <BranchPoint vc="0" uspid="222" ordinal="1" offset="2" sl="62" path="1" offsetend="26" fileid="15" />
                <BranchPoint vc="0" uspid="223" ordinal="2" offset="29" sl="62" path="0" offsetend="31" fileid="15" />
                <BranchPoint vc="0" uspid="224" ordinal="3" offset="29" sl="62" path="1" offsetend="36" fileid="15" />
                <BranchPoint vc="0" uspid="225" ordinal="4" offset="61" sl="69" path="0" offsetend="63" fileid="15" />
                <BranchPoint vc="0" uspid="226" ordinal="5" offset="61" sl="69" path="1" offsetend="107" fileid="15" />
                <BranchPoint vc="0" uspid="227" ordinal="6" offset="75" sl="69" path="0" offsetend="77" fileid="15" />
                <BranchPoint vc="0" uspid="228" ordinal="7" offset="75" sl="69" path="1" offsetend="107" fileid="15" />
                <BranchPoint vc="0" uspid="229" ordinal="8" offset="89" sl="69" path="0" offsetend="91" fileid="15" />
                <BranchPoint vc="0" uspid="230" ordinal="9" offset="89" sl="69" path="1" offsetend="107" fileid="15" />
              </BranchPoints>
              <MethodPoint xsi:type="SequencePoint" vc="0" uspid="213" ordinal="0" offset="0" sl="61" sc="9" el="61" ec="10" bec="0" bev="0" fileid="15" />
            </Method>
            <Method visited="false" cyclomaticComplexity="1" nPathComplexity="0" sequenceCoverage="0" branchCoverage="0" crapScore="2" isConstructor="false" isStatic="false" isGetter="false" isSetter="false">
              <Summary numSequencePoints="8" visitedSequencePoints="0" numBranchPoints="1" visitedBranchPoints="0" sequenceCoverage="0" branchCoverage="0" maxCyclomaticComplexity="1" minCyclomaticComplexity="1" maxCrapScore="2" minCrapScore="2" visitedClasses="0" numClasses="0" visitedMethods="0" numMethods="1" />
              <MetadataToken>100663316</MetadataToken>
              <Name>System.Int32 OrganizationLib.ShipbuildingСompany::GetHashCode()</Name>
              <FileRef uid="15" />
              <SequencePoints>
                <SequencePoint vc="0" uspid="231" ordinal="0" offset="0" sl="74" sc="9" el="74" ec="10" bec="0" bev="0" fileid="15" />
                <SequencePoint vc="0" uspid="232" ordinal="1" offset="1" sl="75" sc="13" el="75" ec="40" bec="0" bev="0" fileid="15" />
                <SequencePoint vc="0" uspid="233" ordinal="2" offset="7" sl="76" sc="13" el="76" ec="68" bec="0" bev="0" fileid="15" />
                <SequencePoint vc="0" uspid="234" ordinal="3" offset="27" sl="77" sc="13" el="77" ec="77" bec="0" bev="0" fileid="15" />
                <SequencePoint vc="0" uspid="235" ordinal="4" offset="50" sl="78" sc="13" el="78" ec="79" bec="0" bev="0" fileid="15" />
                <SequencePoint vc="0" uspid="236" ordinal="5" offset="73" sl="79" sc="13" el="79" ec="73" bec="0" bev="0" fileid="15" />
                <SequencePoint vc="0" uspid="237" ordinal="6" offset="96" sl="80" sc="13" el="80" ec="29" bec="0" bev="0" fileid="15" />
                <SequencePoint vc="0" uspid="238" ordinal="7" offset="100" sl="81" sc="9" el="81" ec="10" bec="0" bev="0" fileid="15" />
              </SequencePoints>
              <BranchPoints />
              <MethodPoint xsi:type="SequencePoint" vc="0" uspid="231" ordinal="0" offset="0" sl="74" sc="9" el="74" ec="10" bec="0" bev="0" fileid="15" />
            </Method>
          </Methods>
        </Class>
        <Class>
          <Summary numSequencePoints="51" visitedSequencePoints="0" numBranchPoints="20" visitedBranchPoints="0" sequenceCoverage="0" branchCoverage="0" maxCyclomaticComplexity="5" minCyclomaticComplexity="1" maxCrapScore="30" minCrapScore="2" visitedClasses="0" numClasses="1" visitedMethods="0" numMethods="10" />
          <FullName>OrganizationLib.Factory</FullName>
          <Methods>
            <Method visited="false" cyclomaticComplexity="1" nPathComplexity="0" sequenceCoverage="0" branchCoverage="0" crapScore="2" isConstructor="false" isStatic="false" isGetter="true" isSetter="false">
              <Summary numSequencePoints="1" visitedSequencePoints="0" numBranchPoints="1" visitedBranchPoints="0" sequenceCoverage="0" branchCoverage="0" maxCyclomaticComplexity="1" minCyclomaticComplexity="1" maxCrapScore="2" minCrapScore="2" visitedClasses="0" numClasses="0" visitedMethods="0" numMethods="1" />
              <MetadataToken>100663317</MetadataToken>
              <Name>System.Int32 OrganizationLib.Factory::get_DepartmentCount()</Name>
              <FileRef uid="16" />
              <SequencePoints>
                <SequencePoint vc="0" uspid="239" ordinal="0" offset="0" sl="16" sc="20" el="16" ec="35" bec="0" bev="0" fileid="16" />
              </SequencePoints>
              <BranchPoints />
              <MethodPoint xsi:type="SequencePoint" vc="0" uspid="239" ordinal="0" offset="0" sl="16" sc="20" el="16" ec="35" bec="0" bev="0" fileid="16" />
            </Method>
            <Method visited="false" cyclomaticComplexity="2" nPathComplexity="2" sequenceCoverage="0" branchCoverage="0" crapScore="6" isConstructor="false" isStatic="false" isGetter="false" isSetter="true">
              <Summary numSequencePoints="5" visitedSequencePoints="0" numBranchPoints="3" visitedBranchPoints="0" sequenceCoverage="0" branchCoverage="0" maxCyclomaticComplexity="2" minCyclomaticComplexity="2" maxCrapScore="6" minCrapScore="6" visitedClasses="0" numClasses="0" visitedMethods="0" numMethods="1" />
              <MetadataToken>100663318</MetadataToken>
              <Name>System.Void OrganizationLib.Factory::set_DepartmentCount(System.Int32)</Name>
              <FileRef uid="16" />
              <SequencePoints>
                <SequencePoint vc="0" uspid="240" ordinal="0" offset="0" sl="18" sc="13" el="18" ec="14" bec="0" bev="0" fileid="16" />
                <SequencePoint vc="0" uspid="241" ordinal="1" offset="1" sl="19" sc="17" el="19" ec="32" bec="2" bev="0" fileid="16" />
                <SequencePoint vc="0" uspid="242" ordinal="2" offset="12" sl="20" sc="21" el="20" ec="45" bec="0" bev="0" fileid="16" />
                <SequencePoint vc="0" uspid="243" ordinal="3" offset="21" sl="22" sc="21" el="22" ec="89" bec="0" bev="0" fileid="16" />
                <SequencePoint vc="0" uspid="244" ordinal="4" offset="32" sl="23" sc="13" el="23" ec="14" bec="0" bev="0" fileid="16" />
              </SequencePoints>
              <BranchPoints>
                <BranchPoint vc="0" uspid="245" ordinal="0" offset="10" sl="19" path="0" offsetend="12" fileid="16" />
                <BranchPoint vc="0" uspid="246" ordinal="1" offset="10" sl="19" path="1" offsetend="21" fileid="16" />
[...]
                <SequencePoint vc="3" uspid="1198" ordinal="2" offset="79" sl="321" sc="13" el="321" ec="14" bec="0" bev="0" fileid="45" />
                <SequencePoint vc="3" uspid="1199" ordinal="3" offset="80" sl="322" sc="17" el="322" ec="24" bec="0" bev="0" fileid="45" />
                <SequencePoint vc="3" uspid="1200" ordinal="4" offset="81" sl="322" sc="35" el="322" ec="54" bec="0" bev="0" fileid="45" />
                <SequencePoint vc="1" uspid="1201" ordinal="5" offset="124" sl="322" sc="25" el="322" ec="31" bec="0" bev="0" fileid="45" />
                <SequencePoint vc="1" uspid="1202" ordinal="6" offset="141" sl="323" sc="21" el="323" ec="39" bec="0" bev="0" fileid="45" />
                <SequencePoint vc="3" uspid="1203" ordinal="7" offset="187" sl="322" sc="32" el="322" ec="34" bec="0" bev="0" fileid="45" />
                <SequencePoint vc="2" uspid="1204" ordinal="8" offset="214" sl="324" sc="17" el="324" ec="41" bec="0" bev="0" fileid="45" />
                <SequencePoint vc="0" uspid="1205" ordinal="9" offset="252" sl="325" sc="17" el="325" ec="24" bec="0" bev="0" fileid="45" />
                <SequencePoint vc="0" uspid="1206" ordinal="10" offset="253" sl="325" sc="35" el="325" ec="55" bec="0" bev="0" fileid="45" />
                <SequencePoint vc="0" uspid="1207" ordinal="11" offset="296" sl="325" sc="25" el="325" ec="31" bec="0" bev="0" fileid="45" />
                <SequencePoint vc="0" uspid="1208" ordinal="12" offset="313" sl="326" sc="21" el="326" ec="39" bec="0" bev="0" fileid="45" />
                <SequencePoint vc="0" uspid="1209" ordinal="13" offset="356" sl="325" sc="32" el="325" ec="34" bec="0" bev="0" fileid="45" />
                <SequencePoint vc="2" uspid="1211" ordinal="15" offset="384" sl="328" sc="9" el="328" ec="10" bec="0" bev="0" fileid="45" />
              </SequencePoints>
              <BranchPoints>
                <BranchPoint vc="3" uspid="1212" ordinal="0" offset="74" sl="320" path="0" offsetend="79" fileid="45" />
                <BranchPoint vc="2" uspid="1213" ordinal="1" offset="74" sl="320" path="1" offsetend="384" fileid="45" />
              </BranchPoints>
              <MethodPoint vc="5" uspid="1214" ordinal="0" offset="0" />
            </Method>
            <Method visited="false" cyclomaticComplexity="2" nPathComplexity="0" sequenceCoverage="0" branchCoverage="0" crapScore="6" isConstructor="false" isStatic="false" isGetter="false" isSetter="false">
              <Summary numSequencePoints="0" visitedSequencePoints="0" numBranchPoints="0" visitedBranchPoints="0" sequenceCoverage="0" branchCoverage="0" maxCyclomaticComplexity="2" minCyclomaticComplexity="2" maxCrapScore="6" minCrapScore="6" visitedClasses="0" numClasses="0" visitedMethods="0" numMethods="0" />
              <MetadataToken>100663342</MetadataToken>
              <Name>System.Void lab12.Tree`1/&lt;InOrder&gt;d__30::&lt;&gt;m__Finally1()</Name>
              <SequencePoints />
              <BranchPoints />
              <MethodPoint vc="0" uspid="1215" ordinal="0" offset="0" />
            </Method>
            <Method visited="false" cyclomaticComplexity="2" nPathComplexity="0" sequenceCoverage="0" branchCoverage="0" crapScore="6" isConstructor="false" isStatic="false" isGetter="false" isSetter="false">
              <Summary numSequencePoints="0" visitedSequencePoints="0" numBranchPoints="0" visitedBranchPoints="0" sequenceCoverage="0" branchCoverage="0" maxCyclomaticComplexity="2" minCyclomaticComplexity="2" maxCrapScore="6" minCrapScore="6" visitedClasses="0" numClasses="0" visitedMethods="0" numMethods="0" />
              <MetadataToken>100663343</MetadataToken>
              <Name>System.Void lab12.Tree`1/&lt;InOrder&gt;d__30::&lt;&gt;m__Finally2()</Name>
              <SequencePoints />
              <BranchPoints />
              <MethodPoint vc="0" uspid="1216" ordinal="0" offset="0" />
            </Method>
            <Method visited="false" cyclomaticComplexity="1" nPathComplexity="0" sequenceCoverage="0" branchCoverage="0" crapScore="2" isConstructor="false" isStatic="false" isGetter="false" isSetter="false">
              <Summary numSequencePoints="0" visitedSequencePoints="0" numBranchPoints="0" visitedBranchPoints="0" sequenceCoverage="0" branchCoverage="0" maxCyclomaticComplexity="1" minCyclomaticComplexity="1" maxCrapScore="2" minCrapScore="2" visitedClasses="0" numClasses="0" visitedMethods="0" numMethods="0" />
              <MetadataToken>100663345</MetadataToken>
              <Name>System.Void lab12.Tree`1/&lt;InOrder&gt;d__30::System.Collections.IEnumerator.Reset()</Name>
              <SequencePoints />
              <BranchPoints />
              <MethodPoint vc="0" uspid="1217" ordinal="0" offset="0" />
            </Method>
            <Method visited="false" cyclomaticComplexity="3" nPathComplexity="0" sequenceCoverage="0" branchCoverage="0" crapScore="12" isConstructor="false" isStatic="false" isGetter="false" isSetter="false">
              <Summary numSequencePoints="0" visitedSequencePoints="0" numBranchPoints="0" visitedBranchPoints="0" sequenceCoverage="0" branchCoverage="0" maxCyclomaticComplexity="3" minCyclomaticComplexity="3" maxCrapScore="12" minCrapScore="12" visitedClasses="0" numClasses="0" visitedMethods="0" numMethods="0" />
              <MetadataToken>100663347</MetadataToken>
              <Name>System.Collections.Generic.IEnumerator`1&lt;T&gt; lab12.Tree`1/&lt;InOrder&gt;d__30::System.Collections.Generic.IEnumerable&lt;T&gt;.GetEnumerator()</Name>
              <SequencePoints />
              <BranchPoints />
              <MethodPoint vc="0" uspid="1218" ordinal="0" offset="0" />
            </Method>
            <Method visited="false" cyclomaticComplexity="1" nPathComplexity="0" sequenceCoverage="0" branchCoverage="0" crapScore="2" isConstructor="false" isStatic="false" isGetter="false" isSetter="false">
              <Summary numSequencePoints="0" visitedSequencePoints="0" numBranchPoints="0" visitedBranchPoints="0" sequenceCoverage="0" branchCoverage="0" maxCyclomaticComplexity="1" minCyclomaticComplexity="1" maxCrapScore="2" minCrapScore="2" visitedClasses="0" numClasses="0" visitedMethods="0" numMethods="0" />
              <MetadataToken>100663348</MetadataToken>
              <Name>System.Collections.IEnumerator lab12.Tree`1/&lt;InOrder&gt;d__30::System.Collections.IEnumerable.GetEnumerator()</Name>
              <SequencePoints />
              <BranchPoints />
              <MethodPoint vc="0" uspid="1219" ordinal="0" offset="0" />
            </Method>
          </Methods>
        </Class>
        <Class>
          <Summary numSequencePoints="44" visitedSequencePoints="0" numBranchPoints="13" visitedBranchPoints="0" sequenceCoverage="0" branchCoverage="0" maxCyclomaticComplexity="4" minCyclomaticComplexity="1" maxCrapScore="20" minCrapScore="2" visitedClasses="0" numClasses="1" visitedMethods="0" numMethods="5" />
          <FullName>Laba11.Function</FullName>
          <Methods>
            <Method visited="false" cyclomaticComplexity="1" nPathComplexity="0" sequenceCoverage="0" branchCoverage="0" crapScore="2" isConstructor="false" isStatic="true" isGetter="false" isSetter="false">
              <Summary numSequencePoints="4" visitedSequencePoints="0" numBranchPoints="1" visitedBranchPoints="0" sequenceCoverage="0" branchCoverage="0" maxCyclomaticComplexity="1" minCyclomaticComplexity="1" maxCrapScore="2" minCrapScore="2" visitedClasses="0" numClasses="0" visitedMethods="0" numMethods="1" />
              <MetadataToken>100663333</MetadataToken>
              <Name>System.Void Laba11.Function::Pause()</Name>
              <FileRef uid="47" />
              <SequencePoints>
                <SequencePoint vc="0" uspid="1220" ordinal="0" offset="0" sl="13" sc="9" el="13" ec="10" bec="0" bev="0" fileid="47" />
                <SequencePoint vc="0" uspid="1221" ordinal="1" offset="1" sl="14" sc="13" el="14" ec="75" bec="0" bev="0" fileid="47" />
                <SequencePoint vc="0" uspid="1222" ordinal="2" offset="12" sl="15" sc="13" el="15" ec="46" bec="0" bev="0" fileid="47" />
                <SequencePoint vc="0" uspid="1223" ordinal="3" offset="19" sl="16" sc="9" el="16" ec="10" bec="0" bev="0" fileid="47" />
              </SequencePoints>
              <BranchPoints />
              <MethodPoint xsi:type="SequencePoint" vc="0" uspid="1220" ordinal="0" offset="0" sl="13" sc="9" el="13" ec="10" bec="0" bev="0" fileid="47" />
            </Method>
            <Method visited="false" cyclomaticComplexity="3" nPathComplexity="2" sequenceCoverage="0" branchCoverage="0" crapScore="12" isConstructor="false" isStatic="true" isGetter="false" isSetter="false">
              <Summary numSequencePoints="11" visitedSequencePoints="0" numBranchPoints="3" visitedBranchPoints="0" sequenceCoverage="0" branchCoverage="0" maxCyclomaticComplexity="3" minCyclomaticComplexity="3" maxCrapScore="12" minCrapScore="12" visitedClasses="0" numClasses="0" visitedMethods="0" numMethods="1" />
              <MetadataToken>100663334</MetadataToken>
              <Name>System.Double Laba11.Function::InputDouble(System.String)</Name>
              <FileRef uid="47" />
              <SequencePoints>
                <SequencePoint vc="0" uspid="1224" ordinal="0" offset="0" sl="19" sc="9" el="19" ec="10" bec="0" bev="0" fileid="47" />
                <SequencePoint vc="0" uspid="1225" ordinal="1" offset="1" sl="21" sc="13" el="21" ec="37" bec="2" bev="0" fileid="47" />
                <SequencePoint vc="0" uspid="1226" ordinal="2" offset="16" sl="22" sc="17" el="22" ec="50" bec="0" bev="0" fileid="47" />
                <SequencePoint vc="0" uspid="1227" ordinal="3" offset="23" sl="23" sc="13" el="23" ec="76" bec="0" bev="0" fileid="47" />
                <SequencePoint vc="0" uspid="1228" ordinal="4" offset="38" sl="25" sc="13" el="25" ec="14" bec="0" bev="0" fileid="47" />
                <SequencePoint vc="0" uspid="1229" ordinal="5" offset="39" sl="26" sc="17" el="26" ec="70" bec="0" bev="0" fileid="47" />
                <SequencePoint vc="0" uspid="1230" ordinal="6" offset="50" sl="27" sc="17" el="27" ec="75" bec="0" bev="0" fileid="47" />
                <SequencePoint vc="0" uspid="1231" ordinal="7" offset="63" sl="28" sc="13" el="28" ec="14" bec="0" bev="0" fileid="47" />
                <SequencePoint vc="0" uspid="1232" ordinal="8" offset="64" sl="24" sc="13" el="24" ec="30" bec="0" bev="0" fileid="47" />
                <SequencePoint vc="0" uspid="1233" ordinal="9" offset="72" sl="29" sc="13" el="29" ec="26" bec="0" bev="0" fileid="47" />
                <SequencePoint vc="0" uspid="1234" ordinal="10" offset="77" sl="30" sc="9" el="30" ec="10" bec="0" bev="0" fileid="47" />
              </SequencePoints>
              <BranchPoints>
                <BranchPoint vc="0" uspid="1235" ordinal="0" offset="14" sl="21" path="0" offsetend="16" fileid="47" />
                <BranchPoint vc="0" uspid="1236" ordinal="1" offset="14" sl="21" path="1" offsetend="23" fileid="47" />
              </BranchPoints>
              <MethodPoint xsi:type="SequencePoint" vc="0" uspid="1224" ordinal="0" offset="0" sl="19" sc="9" el="19" ec="10" bec="0" bev="0" fileid="47" />
            </Method>
            <Method visited="false" cyclomaticComplexity="3" nPathComplexity="2" sequenceCoverage="0" branchCoverage="0" crapScore="12" isConstructor="false" isStatic="true" isGetter="false" isSetter="false">
              <Summary numSequencePoints="11" visitedSequencePoints="0" numBranchPoints="3" visitedBranchPoints="0" sequenceCoverage="0" branchCoverage="0" maxCyclomaticComplexity="3" minCyclomaticComplexity="3" maxCrapScore="12" minCrapScore="12" visitedClasses="0" numClasses="0" visitedMethods="0" numMethods="1" />
              <MetadataToken>100663335</MetadataToken>
              <Name>System.Int32 Laba11.Function::InputInteger(System.String)</Name>
              <FileRef uid="47" />
              <SequencePoints>
                <SequencePoint vc="0" uspid="1237" ordinal="0" offset="0" sl="33" sc="9" el="33" ec="10" bec="0" bev="0" fileid="47" />
                <SequencePoint vc="0" uspid="1238" ordinal="1" offset="1" sl="35" sc="13" el="35" ec="37" bec="2" bev="0" fileid="47" />
                <SequencePoint vc="0" uspid="1239" ordinal="2" offset="16" sl="36" sc="17" el="36" ec="50" bec="0" bev="0" fileid="47" />
                <SequencePoint vc="0" uspid="1240" ordinal="3" offset="23" sl="37" sc="13" el="37" ec="76" bec="0" bev="0" fileid="47" />
                <SequencePoint vc="0" uspid="1241" ordinal="4" offset="38" sl="39" sc="13" el="39" ec="14" bec="0" bev="0" fileid="47" />
                <SequencePoint vc="0" uspid="1242" ordinal="5" offset="39" sl="40" sc="17" el="40" ec="70" bec="0" bev="0" fileid="47" />
                <SequencePoint vc="0" uspid="1243" ordinal="6" offset="50" sl="41" sc="17" el="41" ec="75" bec="0" bev="0" fileid="47" />
                <SequencePoint vc="0" uspid="1244" ordinal="7" offset="63" sl="42" sc="13" el="42" ec="14" bec="0" bev="0" fileid="47" />
                <SequencePoint vc="0" uspid="1245" ordinal="8" offset="64" sl="38" sc="13" el="38" ec="31" bec="0" bev="0" fileid="47" />
                <SequencePoint vc="0" uspid="1246" ordinal="9" offset="72" sl="43" sc="13" el="43" ec="26" bec="0" bev="0" fileid="47" />
                <SequencePoint vc="0" uspid="1247" ordinal="10" offset="77" sl="44" sc="9" el="44" ec="10" bec="0" bev="0" fileid="47" />
              </SequencePoints>
              <BranchPoints>
                <BranchPoint vc="0" uspid="1248" ordinal="0" offset="14" sl="35" path="0" offsetend="16" fileid="47" />
                <BranchPoint vc="0" uspid="1249" ordinal="1" offset="14" sl="35" path="1" offsetend="23" fileid="47" />
              </BranchPoints>
              <MethodPoint xsi:type="SequencePoint" vc="0" uspid="1237" ordinal="0" offset="0" sl="33" sc="9" el="33" ec="10" bec="0" bev="0" fileid="47" />
            </Method>
            <Method visited="false" cyclomaticComplexity="4" nPathComplexity="2" sequenceCoverage="0" branchCoverage="0" crapScore="20" isConstructor="false" isStatic="true" isGetter="false" isSetter="false">
              <Summary numSequencePoints="9" visitedSequencePoints="0" numBranchPoints="3" visitedBranchPoints="0" sequenceCoverage="0" branchCoverage="0" maxCyclomaticComplexity="4" minCyclomaticComplexity="4" maxCrapScore="20" minCrapScore="20" visitedClasses="0" numClasses="0" visitedMethods="0" numMethods="1" />
              <MetadataToken>100663336</MetadataToken>
              <Name>System.Void Laba11.Function::CheckNumber(System.Int32,System.Int32,System.Int32&amp;,System.String)</Name>
              <FileRef uid="47" />
              <SequencePoints>
                <SequencePoint vc="0" uspid="1250" ordinal="0" offset="0" sl="46" sc="9" el="46" ec="10" bec="0" bev="0" fileid="47" />
                <SequencePoint vc="0" uspid="1251" ordinal="1" offset="1" sl="47" sc="13" el="47" ec="27" bec="0" bev="0" fileid="47" />
                <SequencePoint vc="0" uspid="1252" ordinal="2" offset="9" sl="48" sc="17" el="48" ec="41" bec="0" bev="0" fileid="47" />
                <SequencePoint vc="0" uspid="1253" ordinal="3" offset="17" sl="50" sc="13" el="50" ec="14" bec="0" bev="0" fileid="47" />
                <SequencePoint vc="0" uspid="1254" ordinal="4" offset="18" sl="51" sc="17" el="51" ec="40" bec="0" bev="0" fileid="47" />
                <SequencePoint vc="0" uspid="1255" ordinal="5" offset="25" sl="52" sc="17" el="52" ec="40" bec="0" bev="0" fileid="47" />
                <SequencePoint vc="0" uspid="1256" ordinal="6" offset="37" sl="53" sc="13" el="53" ec="14" bec="0" bev="0" fileid="47" />
                <SequencePoint vc="0" uspid="1257" ordinal="7" offset="38" sl="49" sc="13" el="49" ec="47" bec="2" bev="0" fileid="47" />
                <SequencePoint vc="0" uspid="1258" ordinal="8" offset="55" sl="54" sc="9" el="54" ec="10" bec="0" bev="0" fileid="47" />
              </SequencePoints>
              <BranchPoints>
                <BranchPoint vc="0" uspid="1259" ordinal="0" offset="41" sl="49" path="0" offsetend="43" fileid="47" />
                <BranchPoint vc="0" uspid="1260" ordinal="1" offset="41" sl="49" path="1" offsetend="50" fileid="47" />
              </BranchPoints>
              <MethodPoint xsi:type="SequencePoint" vc="0" uspid="1250" ordinal="0" offset="0" sl="46" sc="9" el="46" ec="10" bec="0" bev="0" fileid="47" />
            </Method>
            <Method visited="false" cyclomaticComplexity="4" nPathComplexity="2" sequenceCoverage="0" branchCoverage="0" crapScore="20" isConstructor="false" isStatic="true" isGetter="false" isSetter="false">
              <Summary numSequencePoints="9" visitedSequencePoints="0" numBranchPoints="3" visitedBranchPoints="0" sequenceCoverage="0" branchCoverage="0" maxCyclomaticComplexity="4" minCyclomaticComplexity="4" maxCrapScore="20" minCrapScore="20" visitedClasses="0" numClasses="0" visitedMethods="0" numMethods="1" />
              <MetadataToken>100663337</MetadataToken>
              <Name>System.Void Laba11.Function::CheckNumber(System.Double,System.Double,System.Double&amp;,System.String)</Name>
              <FileRef uid="47" />
              <SequencePoints>
                <SequencePoint vc="0" uspid="1261" ordinal="0" offset="0" sl="56" sc="9" el="56" ec="10" bec="0" bev="0" fileid="47" />
                <SequencePoint vc="0" uspid="1262" ordinal="1" offset="1" sl="57" sc="13" el="57" ec="27" bec="0" bev="0" fileid="47" />
                <SequencePoint vc="0" uspid="1263" ordinal="2" offset="9" sl="58" sc="17" el="58" ec="41" bec="0" bev="0" fileid="47" />
                <SequencePoint vc="0" uspid="1264" ordinal="3" offset="17" sl="60" sc="13" el="60" ec="14" bec="0" bev="0" fileid="47" />
                <SequencePoint vc="0" uspid="1265" ordinal="4" offset="18" sl="61" sc="17" el="61" ec="40" bec="0" bev="0" fileid="47" />
                <SequencePoint vc="0" uspid="1266" ordinal="5" offset="25" sl="62" sc="17" el="62" ec="39" bec="0" bev="0" fileid="47" />
                <SequencePoint vc="0" uspid="1267" ordinal="6" offset="37" sl="63" sc="13" el="63" ec="14" bec="0" bev="0" fileid="47" />
                <SequencePoint vc="0" uspid="1268" ordinal="7" offset="38" sl="59" sc="13" el="59" ec="47" bec="2" bev="0" fileid="47" />
                <SequencePoint vc="0" uspid="1269" ordinal="8" offset="55" sl="64" sc="9" el="64" ec="10" bec="0" bev="0" fileid="47" />
              </SequencePoints>
              <BranchPoints>
                <BranchPoint vc="0" uspid="1270" ordinal="0" offset="41" sl="59" path="0" offsetend="43" fileid="47" />
                <BranchPoint vc="0" uspid="1271" ordinal="1" offset="41" sl="59" path="1" offsetend="50" fileid="47" />
              </BranchPoints>
              <MethodPoint xsi:type="SequencePoint" vc="0" uspid="1261" ordinal="0" offset="0" sl="56" sc="9" el="56" ec="10" bec="0" bev="0" fileid="47" />
            </Method>
            <Method visited="false" cyclomaticComplexity="1" nPathComplexity="0" sequenceCoverage="0" branchCoverage="0" crapScore="2" isConstructor="true" isStatic="false" isGetter="false" isSetter="false">
              <Summary numSequencePoints="0" visitedSequencePoints="0" numBranchPoints="0" visitedBranchPoints="0" sequenceCoverage="0" branchCoverage="0" maxCyclomaticComplexity="1" minCyclomaticComplexity="1" maxCrapScore="2" minCrapScore="2" visitedClasses="0" numClasses="0" visitedMethods="0" numMethods="0" />
              <MetadataToken>100663338</MetadataToken>
              <Name>System.Void Laba11.Function::.ctor()</Name>
              <SequencePoints />
              <BranchPoints />
              <MethodPoint vc="0" uspid="1272" ordinal="0" offset="0" />
            </Method>
          </Methods>
        </Class>
      </Classes>
    </Module>
  </Modules>
</CoverageSession>